2025-06-28 14:45:49,849 - __main__ - INFO - Starting CSV population script...
2025-06-28 14:45:49,849 - bot.database.database - INFO - Initializing database...
2025-06-28 14:45:49,859 - sqlalchemy.engine.Engine - INFO - BEGIN (implicit)
2025-06-28 14:45:49,859 - sqlalchemy.engine.Engine - INFO - PRAGMA main.table_info("clusters")
2025-06-28 14:45:49,859 - sqlalchemy.engine.Engine - INFO - [raw sql] ()
2025-06-28 14:45:49,860 - sqlalchemy.engine.Engine - INFO - PRAGMA main.table_info("events")
2025-06-28 14:45:49,860 - sqlalchemy.engine.Engine - INFO - [raw sql] ()
2025-06-28 14:45:49,861 - sqlalchemy.engine.Engine - INFO - PRAGMA main.table_info("players")
2025-06-28 14:45:49,861 - sqlalchemy.engine.Engine - INFO - [raw sql] ()
2025-06-28 14:45:49,862 - sqlalchemy.engine.Engine - INFO - PRAGMA main.table_info("games")
2025-06-28 14:45:49,862 - sqlalchemy.engine.Engine - INFO - [raw sql] ()
2025-06-28 14:45:49,863 - sqlalchemy.engine.Engine - INFO - PRAGMA main.table_info("challenges")
2025-06-28 14:45:49,863 - sqlalchemy.engine.Engine - INFO - [raw sql] ()
2025-06-28 14:45:49,864 - sqlalchemy.engine.Engine - INFO - PRAGMA main.table_info("tournaments")
2025-06-28 14:45:49,864 - sqlalchemy.engine.Engine - INFO - [raw sql] ()
2025-06-28 14:45:49,864 - sqlalchemy.engine.Engine - INFO - PRAGMA main.table_info("elo_history")
2025-06-28 14:45:49,865 - sqlalchemy.engine.Engine - INFO - [raw sql] ()
2025-06-28 14:45:49,865 - sqlalchemy.engine.Engine - INFO - PRAGMA main.table_info("tickets")
2025-06-28 14:45:49,865 - sqlalchemy.engine.Engine - INFO - [raw sql] ()
2025-06-28 14:45:49,866 - sqlalchemy.engine.Engine - INFO - PRAGMA main.table_info("matches")
2025-06-28 14:45:49,866 - sqlalchemy.engine.Engine - INFO - [raw sql] ()
2025-06-28 14:45:49,867 - sqlalchemy.engine.Engine - INFO - PRAGMA main.table_info("match_participants")
2025-06-28 14:45:49,867 - sqlalchemy.engine.Engine - INFO - [raw sql] ()
2025-06-28 14:45:49,868 - sqlalchemy.engine.Engine - INFO - PRAGMA main.table_info("challenge_participants")
2025-06-28 14:45:49,868 - sqlalchemy.engine.Engine - INFO - [raw sql] ()
2025-06-28 14:45:49,868 - sqlalchemy.engine.Engine - INFO - PRAGMA main.table_info("match_result_proposals")
2025-06-28 14:45:49,869 - sqlalchemy.engine.Engine - INFO - [raw sql] ()
2025-06-28 14:45:49,869 - sqlalchemy.engine.Engine - INFO - PRAGMA main.table_info("match_confirmations")
2025-06-28 14:45:49,869 - sqlalchemy.engine.Engine - INFO - [raw sql] ()
2025-06-28 14:45:49,870 - sqlalchemy.engine.Engine - INFO - PRAGMA main.table_info("player_event_stats")
2025-06-28 14:45:49,870 - sqlalchemy.engine.Engine - INFO - [raw sql] ()
2025-06-28 14:45:49,871 - sqlalchemy.engine.Engine - INFO - PRAGMA main.table_info("player_event_personal_bests")
2025-06-28 14:45:49,871 - sqlalchemy.engine.Engine - INFO - [raw sql] ()
2025-06-28 14:45:49,872 - sqlalchemy.engine.Engine - INFO - PRAGMA main.table_info("weekly_scores")
2025-06-28 14:45:49,872 - sqlalchemy.engine.Engine - INFO - [raw sql] ()
2025-06-28 14:45:49,873 - sqlalchemy.engine.Engine - INFO - PRAGMA main.table_info("player_weekly_leaderboard_elo")
2025-06-28 14:45:49,873 - sqlalchemy.engine.Engine - INFO - [raw sql] ()
2025-06-28 14:45:49,874 - sqlalchemy.engine.Engine - INFO - PRAGMA main.table_info("ticket_ledger")
2025-06-28 14:45:49,874 - sqlalchemy.engine.Engine - INFO - [raw sql] ()
2025-06-28 14:45:49,875 - sqlalchemy.engine.Engine - INFO - COMMIT
2025-06-28 14:45:49,875 - bot.database.database - INFO - Database initialized successfully
2025-06-28 14:45:49,876 - sqlalchemy.engine.Engine - INFO - BEGIN (implicit)
2025-06-28 14:45:49,934 - sqlalchemy.engine.Engine - INFO - SELECT count(games.id) AS count_1 
FROM games
2025-06-28 14:45:49,934 - sqlalchemy.engine.Engine - INFO - [generated in 0.00027s] ()
2025-06-28 14:45:49,936 - sqlalchemy.engine.Engine - INFO - SELECT count(clusters.id) AS count_1 
FROM clusters
2025-06-28 14:45:49,936 - sqlalchemy.engine.Engine - INFO - [generated in 0.00020s] ()
2025-06-28 14:45:49,937 - bot.database.database - INFO - Initializing clusters and events from CSV...
2025-06-28 14:45:49,940 - bot.database.database - INFO - Clearing existing clusters and events...
2025-06-28 14:45:49,941 - sqlalchemy.engine.Engine - INFO - DELETE FROM events
2025-06-28 14:45:49,941 - sqlalchemy.engine.Engine - INFO - [generated in 0.00019s] ()
2025-06-28 14:45:49,943 - sqlalchemy.engine.Engine - INFO - DELETE FROM clusters
2025-06-28 14:45:49,943 - sqlalchemy.engine.Engine - INFO - [generated in 0.00018s] ()
2025-06-28 14:45:49,944 - bot.database.database - INFO - Existing data cleared successfully
2025-06-28 14:45:49,945 - sqlalchemy.engine.Engine - INFO - INSERT INTO clusters (name, number, is_active, created_at) VALUES (?, ?, ?, CURRENT_TIMESTAMP) RETURNING id, created_at
2025-06-28 14:45:49,945 - sqlalchemy.engine.Engine - INFO - [generated in 0.00018s] ('Chess', 1, 1)
2025-06-28 14:45:49,946 - bot.database.database - INFO - Created cluster 1: Chess
2025-06-28 14:45:49,947 - bot.database.database - DEBUG - Created event: Bullet (1v1, cluster: Chess)
2025-06-28 14:45:49,947 - bot.database.database - DEBUG - Created event: Blitz (1v1, cluster: Chess)
2025-06-28 14:45:49,947 - bot.database.database - DEBUG - Created event: Rapid (1v1, cluster: Chess)
2025-06-28 14:45:49,947 - sqlalchemy.engine.Engine - INFO - INSERT INTO clusters (name, number, is_active, created_at) VALUES (?, ?, ?, CURRENT_TIMESTAMP) RETURNING id, created_at
2025-06-28 14:45:49,948 - sqlalchemy.engine.Engine - INFO - [cached since 0.002371s ago] ('Pokemon', 2, 1)
2025-06-28 14:45:49,949 - sqlalchemy.engine.Engine - INFO - INSERT INTO events (name, cluster_id, base_event_name, scoring_type, supported_scoring_types, score_direction, crownslayer_pool, is_active, min_players, max_players, allow_challenges, created_at) VALUES (?, ?, ?, ?, ?, ?, ?, ?, ?, ?, ?, CURRENT_TIMESTAMP) RETURNING id, created_at
2025-06-28 14:45:49,949 - sqlalchemy.engine.Engine - INFO - [generated in 0.00011s (insertmanyvalues) 1/3 (ordered; batch not supported)] ('Bullet', 1, None, '1v1', None, None, 300, 1, 2, 2, 1)
2025-06-28 14:45:49,950 - sqlalchemy.engine.Engine - INFO - INSERT INTO events (name, cluster_id, base_event_name, scoring_type, supported_scoring_types, score_direction, crownslayer_pool, is_active, min_players, max_players, allow_challenges, created_at) VALUES (?, ?, ?, ?, ?, ?, ?, ?, ?, ?, ?, CURRENT_TIMESTAMP) RETURNING id, created_at
2025-06-28 14:45:49,951 - sqlalchemy.engine.Engine - INFO - [insertmanyvalues 2/3 (ordered; batch not supported)] ('Blitz', 1, None, '1v1', None, None, 300, 1, 2, 2, 1)
2025-06-28 14:45:49,951 - sqlalchemy.engine.Engine - INFO - INSERT INTO events (name, cluster_id, base_event_name, scoring_type, supported_scoring_types, score_direction, crownslayer_pool, is_active, min_players, max_players, allow_challenges, created_at) VALUES (?, ?, ?, ?, ?, ?, ?, ?, ?, ?, ?, CURRENT_TIMESTAMP) RETURNING id, created_at
2025-06-28 14:45:49,951 - sqlalchemy.engine.Engine - INFO - [insertmanyvalues 3/3 (ordered; batch not supported)] ('Rapid', 1, None, '1v1', None, None, 300, 1, 2, 2, 1)
2025-06-28 14:45:49,952 - bot.database.database - INFO - Created cluster 2: Pokemon
2025-06-28 14:45:49,952 - bot.database.database - DEBUG - Created event: Showdown (OU) (1v1, cluster: Pokemon)
2025-06-28 14:45:49,952 - bot.database.database - DEBUG - Created event: Showdown (Monotype) (1v1, cluster: Pokemon)
2025-06-28 14:45:49,953 - bot.database.database - DEBUG - Created event: Showdown (Random) (1v1, cluster: Pokemon)
2025-06-28 14:45:49,953 - bot.database.database - DEBUG - Created event: Showdown (Natdex) (1v1, cluster: Pokemon)
2025-06-28 14:45:49,953 - bot.database.database - DEBUG - Created event: Infinite Fusion (1v1, cluster: Pokemon)
2025-06-28 14:45:49,954 - sqlalchemy.engine.Engine - INFO - INSERT INTO clusters (name, number, is_active, created_at) VALUES (?, ?, ?, CURRENT_TIMESTAMP) RETURNING id, created_at
2025-06-28 14:45:49,954 - sqlalchemy.engine.Engine - INFO - [cached since 0.008342s ago] ('FPS', 3, 1)
2025-06-28 14:45:49,955 - sqlalchemy.engine.Engine - INFO - INSERT INTO events (name, cluster_id, base_event_name, scoring_type, supported_scoring_types, score_direction, crownslayer_pool, is_active, min_players, max_players, allow_challenges, created_at) VALUES (?, ?, ?, ?, ?, ?, ?, ?, ?, ?, ?, CURRENT_TIMESTAMP) RETURNING id, created_at
2025-06-28 14:45:49,955 - sqlalchemy.engine.Engine - INFO - [cached since 0.006049s ago (insertmanyvalues) 1/5 (ordered; batch not supported)] ('Showdown (OU)', 2, None, '1v1', None, None, 300, 1, 2, 2, 1)
2025-06-28 14:45:49,956 - sqlalchemy.engine.Engine - INFO - INSERT INTO events (name, cluster_id, base_event_name, scoring_type, supported_scoring_types, score_direction, crownslayer_pool, is_active, min_players, max_players, allow_challenges, created_at) VALUES (?, ?, ?, ?, ?, ?, ?, ?, ?, ?, ?, CURRENT_TIMESTAMP) RETURNING id, created_at
2025-06-28 14:45:49,956 - sqlalchemy.engine.Engine - INFO - [insertmanyvalues 2/5 (ordered; batch not supported)] ('Showdown (Monotype)', 2, None, '1v1', None, None, 300, 1, 2, 2, 1)
2025-06-28 14:45:49,957 - sqlalchemy.engine.Engine - INFO - INSERT INTO events (name, cluster_id, base_event_name, scoring_type, supported_scoring_types, score_direction, crownslayer_pool, is_active, min_players, max_players, allow_challenges, created_at) VALUES (?, ?, ?, ?, ?, ?, ?, ?, ?, ?, ?, CURRENT_TIMESTAMP) RETURNING id, created_at
2025-06-28 14:45:49,957 - sqlalchemy.engine.Engine - INFO - [insertmanyvalues 3/5 (ordered; batch not supported)] ('Showdown (Random)', 2, None, '1v1', None, None, 300, 1, 2, 2, 1)
2025-06-28 14:45:49,957 - sqlalchemy.engine.Engine - INFO - INSERT INTO events (name, cluster_id, base_event_name, scoring_type, supported_scoring_types, score_direction, crownslayer_pool, is_active, min_players, max_players, allow_challenges, created_at) VALUES (?, ?, ?, ?, ?, ?, ?, ?, ?, ?, ?, CURRENT_TIMESTAMP) RETURNING id, created_at
2025-06-28 14:45:49,958 - sqlalchemy.engine.Engine - INFO - [insertmanyvalues 4/5 (ordered; batch not supported)] ('Showdown (Natdex)', 2, None, '1v1', None, None, 300, 1, 2, 2, 1)
2025-06-28 14:45:49,958 - sqlalchemy.engine.Engine - INFO - INSERT INTO events (name, cluster_id, base_event_name, scoring_type, supported_scoring_types, score_direction, crownslayer_pool, is_active, min_players, max_players, allow_challenges, created_at) VALUES (?, ?, ?, ?, ?, ?, ?, ?, ?, ?, ?, CURRENT_TIMESTAMP) RETURNING id, created_at
2025-06-28 14:45:49,958 - sqlalchemy.engine.Engine - INFO - [insertmanyvalues 5/5 (ordered; batch not supported)] ('Infinite Fusion', 2, None, '1v1', None, None, 300, 1, 2, 2, 1)
2025-06-28 14:45:49,959 - bot.database.database - INFO - Created cluster 3: FPS
2025-06-28 14:45:49,959 - bot.database.database - DEBUG - Created event: Operations Siege (Team) (Team, cluster: FPS)
2025-06-28 14:45:49,960 - bot.database.database - DEBUG - Created event: Arsenal (FFA, cluster: FPS)
2025-06-28 14:45:49,960 - bot.database.database - DEBUG - Created event: Krunker (1v1) (1v1, cluster: FPS)
2025-06-28 14:45:49,960 - bot.database.database - DEBUG - Created event: Krunker (FFA) (FFA, cluster: FPS)
2025-06-28 14:45:49,961 - sqlalchemy.engine.Engine - INFO - INSERT INTO clusters (name, number, is_active, created_at) VALUES (?, ?, ?, CURRENT_TIMESTAMP) RETURNING id, created_at
2025-06-28 14:45:49,961 - sqlalchemy.engine.Engine - INFO - [cached since 0.01539s ago] ('Roblox Combat', 4, 1)
2025-06-28 14:45:49,961 - sqlalchemy.engine.Engine - INFO - INSERT INTO events (name, cluster_id, base_event_name, scoring_type, supported_scoring_types, score_direction, crownslayer_pool, is_active, min_players, max_players, allow_challenges, created_at) VALUES (?, ?, ?, ?, ?, ?, ?, ?, ?, ?, ?, CURRENT_TIMESTAMP) RETURNING id, created_at
2025-06-28 14:45:49,962 - sqlalchemy.engine.Engine - INFO - [cached since 0.01235s ago (insertmanyvalues) 1/4 (ordered; batch not supported)] ('Operations Siege (Team)', 3, None, 'Team', None, None, 300, 1, 4, 10, 1)
2025-06-28 14:45:49,962 - sqlalchemy.engine.Engine - INFO - INSERT INTO events (name, cluster_id, base_event_name, scoring_type, supported_scoring_types, score_direction, crownslayer_pool, is_active, min_players, max_players, allow_challenges, created_at) VALUES (?, ?, ?, ?, ?, ?, ?, ?, ?, ?, ?, CURRENT_TIMESTAMP) RETURNING id, created_at
2025-06-28 14:45:49,962 - sqlalchemy.engine.Engine - INFO - [insertmanyvalues 2/4 (ordered; batch not supported)] ('Arsenal', 3, None, 'FFA', None, None, 300, 1, 3, 16, 1)
2025-06-28 14:45:49,963 - sqlalchemy.engine.Engine - INFO - INSERT INTO events (name, cluster_id, base_event_name, scoring_type, supported_scoring_types, score_direction, crownslayer_pool, is_active, min_players, max_players, allow_challenges, created_at) VALUES (?, ?, ?, ?, ?, ?, ?, ?, ?, ?, ?, CURRENT_TIMESTAMP) RETURNING id, created_at
2025-06-28 14:45:49,963 - sqlalchemy.engine.Engine - INFO - [insertmanyvalues 3/4 (ordered; batch not supported)] ('Krunker (1v1)', 3, None, '1v1', None, None, 300, 1, 2, 2, 1)
2025-06-28 14:45:49,964 - sqlalchemy.engine.Engine - INFO - INSERT INTO events (name, cluster_id, base_event_name, scoring_type, supported_scoring_types, score_direction, crownslayer_pool, is_active, min_players, max_players, allow_challenges, created_at) VALUES (?, ?, ?, ?, ?, ?, ?, ?, ?, ?, ?, CURRENT_TIMESTAMP) RETURNING id, created_at
2025-06-28 14:45:49,964 - sqlalchemy.engine.Engine - INFO - [insertmanyvalues 4/4 (ordered; batch not supported)] ('Krunker (FFA)', 3, None, 'FFA', None, None, 300, 1, 3, 16, 1)
2025-06-28 14:45:49,965 - bot.database.database - INFO - Created cluster 4: Roblox Combat
2025-06-28 14:45:49,965 - bot.database.database - DEBUG - Created event: Zzzwrite vs imaginethis3 burger king rp (1v1) (1v1, cluster: Roblox Combat)
2025-06-28 14:45:49,965 - bot.database.database - DEBUG - Created event: Zzzwrite vs imaginethis3 burger king rp (FFA) (FFA, cluster: Roblox Combat)
2025-06-28 14:45:49,965 - bot.database.database - DEBUG - Created event: Your Bizarre Adventure (1v1, cluster: Roblox Combat)
2025-06-28 14:45:49,965 - bot.database.database - DEBUG - Created event: Star Wars Lightsaber Battles 2 (1v1, cluster: Roblox Combat)
2025-06-28 14:45:49,966 - sqlalchemy.engine.Engine - INFO - INSERT INTO clusters (name, number, is_active, created_at) VALUES (?, ?, ?, CURRENT_TIMESTAMP) RETURNING id, created_at
2025-06-28 14:45:49,966 - sqlalchemy.engine.Engine - INFO - [cached since 0.02091s ago] ('Sports', 5, 1)
2025-06-28 14:45:49,967 - sqlalchemy.engine.Engine - INFO - INSERT INTO events (name, cluster_id, base_event_name, scoring_type, supported_scoring_types, score_direction, crownslayer_pool, is_active, min_players, max_players, allow_challenges, created_at) VALUES (?, ?, ?, ?, ?, ?, ?, ?, ?, ?, ?, CURRENT_TIMESTAMP) RETURNING id, created_at
2025-06-28 14:45:49,967 - sqlalchemy.engine.Engine - INFO - [cached since 0.018s ago (insertmanyvalues) 1/4 (ordered; batch not supported)] ('Zzzwrite vs imaginethis3 burger king rp (1v1)', 4, None, '1v1', None, None, 300, 1, 2, 2, 1)
2025-06-28 14:45:49,968 - sqlalchemy.engine.Engine - INFO - INSERT INTO events (name, cluster_id, base_event_name, scoring_type, supported_scoring_types, score_direction, crownslayer_pool, is_active, min_players, max_players, allow_challenges, created_at) VALUES (?, ?, ?, ?, ?, ?, ?, ?, ?, ?, ?, CURRENT_TIMESTAMP) RETURNING id, created_at
2025-06-28 14:45:49,968 - sqlalchemy.engine.Engine - INFO - [insertmanyvalues 2/4 (ordered; batch not supported)] ('Zzzwrite vs imaginethis3 burger king rp (FFA)', 4, None, 'FFA', None, None, 300, 1, 3, 16, 1)
2025-06-28 14:45:49,969 - sqlalchemy.engine.Engine - INFO - INSERT INTO events (name, cluster_id, base_event_name, scoring_type, supported_scoring_types, score_direction, crownslayer_pool, is_active, min_players, max_players, allow_challenges, created_at) VALUES (?, ?, ?, ?, ?, ?, ?, ?, ?, ?, ?, CURRENT_TIMESTAMP) RETURNING id, created_at
2025-06-28 14:45:49,969 - sqlalchemy.engine.Engine - INFO - [insertmanyvalues 3/4 (ordered; batch not supported)] ('Your Bizarre Adventure', 4, None, '1v1', None, None, 300, 1, 2, 2, 1)
2025-06-28 14:45:49,969 - sqlalchemy.engine.Engine - INFO - INSERT INTO events (name, cluster_id, base_event_name, scoring_type, supported_scoring_types, score_direction, crownslayer_pool, is_active, min_players, max_players, allow_challenges, created_at) VALUES (?, ?, ?, ?, ?, ?, ?, ?, ?, ?, ?, CURRENT_TIMESTAMP) RETURNING id, created_at
2025-06-28 14:45:49,970 - sqlalchemy.engine.Engine - INFO - [insertmanyvalues 4/4 (ordered; batch not supported)] ('Star Wars Lightsaber Battles 2', 4, None, '1v1', None, None, 300, 1, 2, 2, 1)
2025-06-28 14:45:49,970 - bot.database.database - INFO - Created cluster 5: Sports
2025-06-28 14:45:49,971 - bot.database.database - DEBUG - Created event: Basketball Legends (Team) (Team, cluster: Sports)
2025-06-28 14:45:49,971 - bot.database.database - DEBUG - Created event: Football Fusion (Team) (Team, cluster: Sports)
2025-06-28 14:45:49,971 - bot.database.database - DEBUG - Created event: Madden 24 (1v1, cluster: Sports)
2025-06-28 14:45:49,971 - bot.database.database - DEBUG - Created event: NBA 2k25 (1v1, cluster: Sports)
2025-06-28 14:45:49,972 - sqlalchemy.engine.Engine - INFO - INSERT INTO clusters (name, number, is_active, created_at) VALUES (?, ?, ?, CURRENT_TIMESTAMP) RETURNING id, created_at
2025-06-28 14:45:49,972 - sqlalchemy.engine.Engine - INFO - [cached since 0.02677s ago] ('Tetris', 6, 1)
2025-06-28 14:45:49,973 - sqlalchemy.engine.Engine - INFO - INSERT INTO events (name, cluster_id, base_event_name, scoring_type, supported_scoring_types, score_direction, crownslayer_pool, is_active, min_players, max_players, allow_challenges, created_at) VALUES (?, ?, ?, ?, ?, ?, ?, ?, ?, ?, ?, CURRENT_TIMESTAMP) RETURNING id, created_at
2025-06-28 14:45:49,973 - sqlalchemy.engine.Engine - INFO - [cached since 0.02376s ago (insertmanyvalues) 1/4 (ordered; batch not supported)] ('Basketball Legends (Team)', 5, None, 'Team', None, None, 300, 1, 4, 10, 1)
2025-06-28 14:45:49,973 - sqlalchemy.engine.Engine - INFO - INSERT INTO events (name, cluster_id, base_event_name, scoring_type, supported_scoring_types, score_direction, crownslayer_pool, is_active, min_players, max_players, allow_challenges, created_at) VALUES (?, ?, ?, ?, ?, ?, ?, ?, ?, ?, ?, CURRENT_TIMESTAMP) RETURNING id, created_at
2025-06-28 14:45:49,974 - sqlalchemy.engine.Engine - INFO - [insertmanyvalues 2/4 (ordered; batch not supported)] ('Football Fusion (Team)', 5, None, 'Team', None, None, 300, 1, 4, 10, 1)
2025-06-28 14:45:49,974 - sqlalchemy.engine.Engine - INFO - INSERT INTO events (name, cluster_id, base_event_name, scoring_type, supported_scoring_types, score_direction, crownslayer_pool, is_active, min_players, max_players, allow_challenges, created_at) VALUES (?, ?, ?, ?, ?, ?, ?, ?, ?, ?, ?, CURRENT_TIMESTAMP) RETURNING id, created_at
2025-06-28 14:45:49,974 - sqlalchemy.engine.Engine - INFO - [insertmanyvalues 3/4 (ordered; batch not supported)] ('Madden 24', 5, None, '1v1', None, None, 300, 1, 2, 2, 1)
2025-06-28 14:45:49,975 - sqlalchemy.engine.Engine - INFO - INSERT INTO events (name, cluster_id, base_event_name, scoring_type, supported_scoring_types, score_direction, crownslayer_pool, is_active, min_players, max_players, allow_challenges, created_at) VALUES (?, ?, ?, ?, ?, ?, ?, ?, ?, ?, ?, CURRENT_TIMESTAMP) RETURNING id, created_at
2025-06-28 14:45:49,975 - sqlalchemy.engine.Engine - INFO - [insertmanyvalues 4/4 (ordered; batch not supported)] ('NBA 2k25', 5, None, '1v1', None, None, 300, 1, 2, 2, 1)
2025-06-28 14:45:49,976 - bot.database.database - INFO - Created cluster 6: Tetris
2025-06-28 14:45:49,976 - bot.database.database - DEBUG - Created event: 40L Sprint (Leaderboard) (Leaderboard, cluster: Tetris), direction: LOW
2025-06-28 14:45:49,976 - bot.database.database - DEBUG - Created event: Blitz (Leaderboard) (Leaderboard, cluster: Tetris), direction: HIGH
2025-06-28 14:45:49,976 - bot.database.database - DEBUG - Created event: VS (1v1, cluster: Tetris)
2025-06-28 14:45:49,977 - sqlalchemy.engine.Engine - INFO - INSERT INTO clusters (name, number, is_active, created_at) VALUES (?, ?, ?, CURRENT_TIMESTAMP) RETURNING id, created_at
2025-06-28 14:45:49,977 - sqlalchemy.engine.Engine - INFO - [cached since 0.03186s ago] ('IO Games', 7, 1)
2025-06-28 14:45:49,978 - sqlalchemy.engine.Engine - INFO - INSERT INTO events (name, cluster_id, base_event_name, scoring_type, supported_scoring_types, score_direction, crownslayer_pool, is_active, min_players, max_players, allow_challenges, created_at) VALUES (?, ?, ?, ?, ?, ?, ?, ?, ?, ?, ?, CURRENT_TIMESTAMP) RETURNING id, created_at
2025-06-28 14:45:49,978 - sqlalchemy.engine.Engine - INFO - [cached since 0.02896s ago (insertmanyvalues) 1/3 (ordered; batch not supported)] ('40L Sprint (Leaderboard)', 6, None, 'Leaderboard', None, 'LOW', 300, 1, 3, 16, 1)
2025-06-28 14:45:49,979 - sqlalchemy.engine.Engine - INFO - INSERT INTO events (name, cluster_id, base_event_name, scoring_type, supported_scoring_types, score_direction, crownslayer_pool, is_active, min_players, max_players, allow_challenges, created_at) VALUES (?, ?, ?, ?, ?, ?, ?, ?, ?, ?, ?, CURRENT_TIMESTAMP) RETURNING id, created_at
2025-06-28 14:45:49,979 - sqlalchemy.engine.Engine - INFO - [insertmanyvalues 2/3 (ordered; batch not supported)] ('Blitz (Leaderboard)', 6, None, 'Leaderboard', None, 'HIGH', 300, 1, 3, 16, 1)
2025-06-28 14:45:49,980 - sqlalchemy.engine.Engine - INFO - INSERT INTO events (name, cluster_id, base_event_name, scoring_type, supported_scoring_types, score_direction, crownslayer_pool, is_active, min_players, max_players, allow_challenges, created_at) VALUES (?, ?, ?, ?, ?, ?, ?, ?, ?, ?, ?, CURRENT_TIMESTAMP) RETURNING id, created_at
2025-06-28 14:45:49,980 - sqlalchemy.engine.Engine - INFO - [insertmanyvalues 3/3 (ordered; batch not supported)] ('VS', 6, None, '1v1', None, None, 300, 1, 2, 2, 1)
2025-06-28 14:45:49,981 - bot.database.database - INFO - Created cluster 7: IO Games
2025-06-28 14:45:49,981 - bot.database.database - DEBUG - Created event: Bonk (1v1) (1v1, cluster: IO Games)
2025-06-28 14:45:49,981 - bot.database.database - DEBUG - Created event: Bonk (Team) (Team, cluster: IO Games)
2025-06-28 14:45:49,981 - bot.database.database - DEBUG - Created event: Bonk (FFA) (FFA, cluster: IO Games)
2025-06-28 14:45:49,982 - bot.database.database - DEBUG - Created event: Diep (1v1) (1v1, cluster: IO Games)
2025-06-28 14:45:49,982 - bot.database.database - DEBUG - Created event: Diep (Team) (Team, cluster: IO Games)
2025-06-28 14:45:49,982 - bot.database.database - DEBUG - Created event: Diep (FFA) (FFA, cluster: IO Games)
2025-06-28 14:45:49,982 - bot.database.database - DEBUG - Created event: Paper (FFA, cluster: IO Games)
2025-06-28 14:45:49,982 - sqlalchemy.engine.Engine - INFO - INSERT INTO clusters (name, number, is_active, created_at) VALUES (?, ?, ?, CURRENT_TIMESTAMP) RETURNING id, created_at
2025-06-28 14:45:49,983 - sqlalchemy.engine.Engine - INFO - [cached since 0.03734s ago] ('Rhythm', 8, 1)
2025-06-28 14:45:49,984 - sqlalchemy.engine.Engine - INFO - INSERT INTO events (name, cluster_id, base_event_name, scoring_type, supported_scoring_types, score_direction, crownslayer_pool, is_active, min_players, max_players, allow_challenges, created_at) VALUES (?, ?, ?, ?, ?, ?, ?, ?, ?, ?, ?, CURRENT_TIMESTAMP) RETURNING id, created_at
2025-06-28 14:45:49,984 - sqlalchemy.engine.Engine - INFO - [cached since 0.03442s ago (insertmanyvalues) 1/7 (ordered; batch not supported)] ('Bonk (1v1)', 7, None, '1v1', None, None, 300, 1, 2, 2, 1)
2025-06-28 14:45:49,984 - sqlalchemy.engine.Engine - INFO - INSERT INTO events (name, cluster_id, base_event_name, scoring_type, supported_scoring_types, score_direction, crownslayer_pool, is_active, min_players, max_players, allow_challenges, created_at) VALUES (?, ?, ?, ?, ?, ?, ?, ?, ?, ?, ?, CURRENT_TIMESTAMP) RETURNING id, created_at
2025-06-28 14:45:49,984 - sqlalchemy.engine.Engine - INFO - [insertmanyvalues 2/7 (ordered; batch not supported)] ('Bonk (Team)', 7, None, 'Team', None, None, 300, 1, 4, 10, 1)
2025-06-28 14:45:49,985 - sqlalchemy.engine.Engine - INFO - INSERT INTO events (name, cluster_id, base_event_name, scoring_type, supported_scoring_types, score_direction, crownslayer_pool, is_active, min_players, max_players, allow_challenges, created_at) VALUES (?, ?, ?, ?, ?, ?, ?, ?, ?, ?, ?, CURRENT_TIMESTAMP) RETURNING id, created_at
2025-06-28 14:45:49,985 - sqlalchemy.engine.Engine - INFO - [insertmanyvalues 3/7 (ordered; batch not supported)] ('Bonk (FFA)', 7, None, 'FFA', None, None, 300, 1, 3, 16, 1)
2025-06-28 14:45:49,985 - sqlalchemy.engine.Engine - INFO - INSERT INTO events (name, cluster_id, base_event_name, scoring_type, supported_scoring_types, score_direction, crownslayer_pool, is_active, min_players, max_players, allow_challenges, created_at) VALUES (?, ?, ?, ?, ?, ?, ?, ?, ?, ?, ?, CURRENT_TIMESTAMP) RETURNING id, created_at
2025-06-28 14:45:49,986 - sqlalchemy.engine.Engine - INFO - [insertmanyvalues 4/7 (ordered; batch not supported)] ('Diep (1v1)', 7, None, '1v1', None, None, 300, 1, 2, 2, 1)
2025-06-28 14:45:49,986 - sqlalchemy.engine.Engine - INFO - INSERT INTO events (name, cluster_id, base_event_name, scoring_type, supported_scoring_types, score_direction, crownslayer_pool, is_active, min_players, max_players, allow_challenges, created_at) VALUES (?, ?, ?, ?, ?, ?, ?, ?, ?, ?, ?, CURRENT_TIMESTAMP) RETURNING id, created_at
2025-06-28 14:45:49,986 - sqlalchemy.engine.Engine - INFO - [insertmanyvalues 5/7 (ordered; batch not supported)] ('Diep (Team)', 7, None, 'Team', None, None, 300, 1, 4, 10, 1)
2025-06-28 14:45:49,987 - sqlalchemy.engine.Engine - INFO - INSERT INTO events (name, cluster_id, base_event_name, scoring_type, supported_scoring_types, score_direction, crownslayer_pool, is_active, min_players, max_players, allow_challenges, created_at) VALUES (?, ?, ?, ?, ?, ?, ?, ?, ?, ?, ?, CURRENT_TIMESTAMP) RETURNING id, created_at
2025-06-28 14:45:49,987 - sqlalchemy.engine.Engine - INFO - [insertmanyvalues 6/7 (ordered; batch not supported)] ('Diep (FFA)', 7, None, 'FFA', None, None, 300, 1, 3, 16, 1)
2025-06-28 14:45:49,987 - sqlalchemy.engine.Engine - INFO - INSERT INTO events (name, cluster_id, base_event_name, scoring_type, supported_scoring_types, score_direction, crownslayer_pool, is_active, min_players, max_players, allow_challenges, created_at) VALUES (?, ?, ?, ?, ?, ?, ?, ?, ?, ?, ?, CURRENT_TIMESTAMP) RETURNING id, created_at
2025-06-28 14:45:49,987 - sqlalchemy.engine.Engine - INFO - [insertmanyvalues 7/7 (ordered; batch not supported)] ('Paper', 7, None, 'FFA', None, None, 300, 1, 3, 16, 1)
2025-06-28 14:45:49,988 - bot.database.database - INFO - Created cluster 8: Rhythm
2025-06-28 14:45:49,988 - bot.database.database - DEBUG - Created event: Osu std (1v1) (1v1, cluster: Rhythm)
2025-06-28 14:45:49,989 - bot.database.database - DEBUG - Created event: Osu std (FFA) (FFA, cluster: Rhythm)
2025-06-28 14:45:49,989 - bot.database.database - DEBUG - Created event: Quaver (1v1, cluster: Rhythm)
2025-06-28 14:45:49,989 - sqlalchemy.engine.Engine - INFO - INSERT INTO clusters (name, number, is_active, created_at) VALUES (?, ?, ?, CURRENT_TIMESTAMP) RETURNING id, created_at
2025-06-28 14:45:49,989 - sqlalchemy.engine.Engine - INFO - [cached since 0.04422s ago] ('Fighting', 9, 1)
2025-06-28 14:45:49,990 - sqlalchemy.engine.Engine - INFO - INSERT INTO events (name, cluster_id, base_event_name, scoring_type, supported_scoring_types, score_direction, crownslayer_pool, is_active, min_players, max_players, allow_challenges, created_at) VALUES (?, ?, ?, ?, ?, ?, ?, ?, ?, ?, ?, CURRENT_TIMESTAMP) RETURNING id, created_at
2025-06-28 14:45:49,990 - sqlalchemy.engine.Engine - INFO - [cached since 0.04118s ago (insertmanyvalues) 1/3 (ordered; batch not supported)] ('Osu std (1v1)', 8, None, '1v1', None, None, 300, 1, 2, 2, 1)
2025-06-28 14:45:49,991 - sqlalchemy.engine.Engine - INFO - INSERT INTO events (name, cluster_id, base_event_name, scoring_type, supported_scoring_types, score_direction, crownslayer_pool, is_active, min_players, max_players, allow_challenges, created_at) VALUES (?, ?, ?, ?, ?, ?, ?, ?, ?, ?, ?, CURRENT_TIMESTAMP) RETURNING id, created_at
2025-06-28 14:45:49,991 - sqlalchemy.engine.Engine - INFO - [insertmanyvalues 2/3 (ordered; batch not supported)] ('Osu std (FFA)', 8, None, 'FFA', None, None, 300, 1, 3, 16, 1)
2025-06-28 14:45:49,992 - sqlalchemy.engine.Engine - INFO - INSERT INTO events (name, cluster_id, base_event_name, scoring_type, supported_scoring_types, score_direction, crownslayer_pool, is_active, min_players, max_players, allow_challenges, created_at) VALUES (?, ?, ?, ?, ?, ?, ?, ?, ?, ?, ?, CURRENT_TIMESTAMP) RETURNING id, created_at
2025-06-28 14:45:49,992 - sqlalchemy.engine.Engine - INFO - [insertmanyvalues 3/3 (ordered; batch not supported)] ('Quaver', 8, None, '1v1', None, None, 300, 1, 2, 2, 1)
2025-06-28 14:45:49,992 - bot.database.database - INFO - Created cluster 9: Fighting
2025-06-28 14:45:49,993 - bot.database.database - DEBUG - Created event: Brawhalla (1v1) (1v1, cluster: Fighting)
2025-06-28 14:45:49,993 - bot.database.database - DEBUG - Created event: Brawhalla (Team) (Team, cluster: Fighting)
2025-06-28 14:45:49,993 - bot.database.database - DEBUG - Created event: Tough Love Arena (1v1, cluster: Fighting)
2025-06-28 14:45:49,993 - bot.database.database - DEBUG - Created event: Super Smash Flash 2 (1v1, cluster: Fighting)
2025-06-28 14:45:49,994 - sqlalchemy.engine.Engine - INFO - INSERT INTO clusters (name, number, is_active, created_at) VALUES (?, ?, ?, CURRENT_TIMESTAMP) RETURNING id, created_at
2025-06-28 14:45:49,994 - sqlalchemy.engine.Engine - INFO - [cached since 0.04843s ago] ('Minecraft', 10, 1)
2025-06-28 14:45:49,995 - sqlalchemy.engine.Engine - INFO - INSERT INTO events (name, cluster_id, base_event_name, scoring_type, supported_scoring_types, score_direction, crownslayer_pool, is_active, min_players, max_players, allow_challenges, created_at) VALUES (?, ?, ?, ?, ?, ?, ?, ?, ?, ?, ?, CURRENT_TIMESTAMP) RETURNING id, created_at
2025-06-28 14:45:49,995 - sqlalchemy.engine.Engine - INFO - [cached since 0.04554s ago (insertmanyvalues) 1/4 (ordered; batch not supported)] ('Brawhalla (1v1)', 9, None, '1v1', None, None, 300, 1, 2, 2, 1)
2025-06-28 14:45:49,995 - sqlalchemy.engine.Engine - INFO - INSERT INTO events (name, cluster_id, base_event_name, scoring_type, supported_scoring_types, score_direction, crownslayer_pool, is_active, min_players, max_players, allow_challenges, created_at) VALUES (?, ?, ?, ?, ?, ?, ?, ?, ?, ?, ?, CURRENT_TIMESTAMP) RETURNING id, created_at
2025-06-28 14:45:49,995 - sqlalchemy.engine.Engine - INFO - [insertmanyvalues 2/4 (ordered; batch not supported)] ('Brawhalla (Team)', 9, None, 'Team', None, None, 300, 1, 4, 10, 1)
2025-06-28 14:45:49,996 - sqlalchemy.engine.Engine - INFO - INSERT INTO events (name, cluster_id, base_event_name, scoring_type, supported_scoring_types, score_direction, crownslayer_pool, is_active, min_players, max_players, allow_challenges, created_at) VALUES (?, ?, ?, ?, ?, ?, ?, ?, ?, ?, ?, CURRENT_TIMESTAMP) RETURNING id, created_at
2025-06-28 14:45:49,996 - sqlalchemy.engine.Engine - INFO - [insertmanyvalues 3/4 (ordered; batch not supported)] ('Tough Love Arena', 9, None, '1v1', None, None, 300, 1, 2, 2, 1)
2025-06-28 14:45:49,997 - sqlalchemy.engine.Engine - INFO - INSERT INTO events (name, cluster_id, base_event_name, scoring_type, supported_scoring_types, score_direction, crownslayer_pool, is_active, min_players, max_players, allow_challenges, created_at) VALUES (?, ?, ?, ?, ?, ?, ?, ?, ?, ?, ?, CURRENT_TIMESTAMP) RETURNING id, created_at
2025-06-28 14:45:49,997 - sqlalchemy.engine.Engine - INFO - [insertmanyvalues 4/4 (ordered; batch not supported)] ('Super Smash Flash 2', 9, None, '1v1', None, None, 300, 1, 2, 2, 1)
2025-06-28 14:45:49,997 - bot.database.database - INFO - Created cluster 10: Minecraft
2025-06-28 14:45:49,998 - bot.database.database - DEBUG - Created event: Blitz Duels (1v1, cluster: Minecraft)
2025-06-28 14:45:49,998 - bot.database.database - DEBUG - Created event: Sumo Duels (1v1, cluster: Minecraft)
2025-06-28 14:45:49,998 - bot.database.database - DEBUG - Created event: Classic Duels (1v1, cluster: Minecraft)
2025-06-28 14:45:49,998 - bot.database.database - DEBUG - Created event: Bedwars (FFA, cluster: Minecraft)
2025-06-28 14:45:49,998 - bot.database.database - DEBUG - Created event: Skywars (FFA, cluster: Minecraft)
2025-06-28 14:45:49,998 - bot.database.database - DEBUG - Created event: Party Games (FFA, cluster: Minecraft)
2025-06-28 14:45:49,999 - bot.database.database - DEBUG - Created event: Parkour (Leaderboard) (Leaderboard, cluster: Minecraft), direction: HIGH
2025-06-28 14:45:49,999 - sqlalchemy.engine.Engine - INFO - INSERT INTO clusters (name, number, is_active, created_at) VALUES (?, ?, ?, CURRENT_TIMESTAMP) RETURNING id, created_at
2025-06-28 14:45:49,999 - sqlalchemy.engine.Engine - INFO - [cached since 0.05403s ago] ('Running', 11, 1)
2025-06-28 14:45:50,000 - sqlalchemy.engine.Engine - INFO - INSERT INTO events (name, cluster_id, base_event_name, scoring_type, supported_scoring_types, score_direction, crownslayer_pool, is_active, min_players, max_players, allow_challenges, created_at) VALUES (?, ?, ?, ?, ?, ?, ?, ?, ?, ?, ?, CURRENT_TIMESTAMP) RETURNING id, created_at
2025-06-28 14:45:50,000 - sqlalchemy.engine.Engine - INFO - [cached since 0.05107s ago (insertmanyvalues) 1/7 (ordered; batch not supported)] ('Blitz Duels', 10, None, '1v1', None, None, 300, 1, 2, 2, 1)
2025-06-28 14:45:50,001 - sqlalchemy.engine.Engine - INFO - INSERT INTO events (name, cluster_id, base_event_name, scoring_type, supported_scoring_types, score_direction, crownslayer_pool, is_active, min_players, max_players, allow_challenges, created_at) VALUES (?, ?, ?, ?, ?, ?, ?, ?, ?, ?, ?, CURRENT_TIMESTAMP) RETURNING id, created_at
2025-06-28 14:45:50,001 - sqlalchemy.engine.Engine - INFO - [insertmanyvalues 2/7 (ordered; batch not supported)] ('Sumo Duels', 10, None, '1v1', None, None, 300, 1, 2, 2, 1)
2025-06-28 14:45:50,001 - sqlalchemy.engine.Engine - INFO - INSERT INTO events (name, cluster_id, base_event_name, scoring_type, supported_scoring_types, score_direction, crownslayer_pool, is_active, min_players, max_players, allow_challenges, created_at) VALUES (?, ?, ?, ?, ?, ?, ?, ?, ?, ?, ?, CURRENT_TIMESTAMP) RETURNING id, created_at
2025-06-28 14:45:50,002 - sqlalchemy.engine.Engine - INFO - [insertmanyvalues 3/7 (ordered; batch not supported)] ('Classic Duels', 10, None, '1v1', None, None, 300, 1, 2, 2, 1)
2025-06-28 14:45:50,002 - sqlalchemy.engine.Engine - INFO - INSERT INTO events (name, cluster_id, base_event_name, scoring_type, supported_scoring_types, score_direction, crownslayer_pool, is_active, min_players, max_players, allow_challenges, created_at) VALUES (?, ?, ?, ?, ?, ?, ?, ?, ?, ?, ?, CURRENT_TIMESTAMP) RETURNING id, created_at
2025-06-28 14:45:50,002 - sqlalchemy.engine.Engine - INFO - [insertmanyvalues 4/7 (ordered; batch not supported)] ('Bedwars', 10, None, 'FFA', None, None, 300, 1, 3, 16, 1)
2025-06-28 14:45:50,003 - sqlalchemy.engine.Engine - INFO - INSERT INTO events (name, cluster_id, base_event_name, scoring_type, supported_scoring_types, score_direction, crownslayer_pool, is_active, min_players, max_players, allow_challenges, created_at) VALUES (?, ?, ?, ?, ?, ?, ?, ?, ?, ?, ?, CURRENT_TIMESTAMP) RETURNING id, created_at
2025-06-28 14:45:50,003 - sqlalchemy.engine.Engine - INFO - [insertmanyvalues 5/7 (ordered; batch not supported)] ('Skywars', 10, None, 'FFA', None, None, 300, 1, 3, 16, 1)
2025-06-28 14:45:50,003 - sqlalchemy.engine.Engine - INFO - INSERT INTO events (name, cluster_id, base_event_name, scoring_type, supported_scoring_types, score_direction, crownslayer_pool, is_active, min_players, max_players, allow_challenges, created_at) VALUES (?, ?, ?, ?, ?, ?, ?, ?, ?, ?, ?, CURRENT_TIMESTAMP) RETURNING id, created_at
2025-06-28 14:45:50,004 - sqlalchemy.engine.Engine - INFO - [insertmanyvalues 6/7 (ordered; batch not supported)] ('Party Games', 10, None, 'FFA', None, None, 300, 1, 3, 16, 1)
2025-06-28 14:45:50,004 - sqlalchemy.engine.Engine - INFO - INSERT INTO events (name, cluster_id, base_event_name, scoring_type, supported_scoring_types, score_direction, crownslayer_pool, is_active, min_players, max_players, allow_challenges, created_at) VALUES (?, ?, ?, ?, ?, ?, ?, ?, ?, ?, ?, CURRENT_TIMESTAMP) RETURNING id, created_at
2025-06-28 14:45:50,004 - sqlalchemy.engine.Engine - INFO - [insertmanyvalues 7/7 (ordered; batch not supported)] ('Parkour (Leaderboard)', 10, None, 'Leaderboard', None, 'HIGH', 300, 1, 3, 16, 1)
2025-06-28 14:45:50,005 - bot.database.database - INFO - Created cluster 11: Running
2025-06-28 14:45:50,005 - bot.database.database - DEBUG - Created event: 40 yd dash (Leaderboard) (Leaderboard, cluster: Running), direction: LOW
2025-06-28 14:45:50,006 - bot.database.database - DEBUG - Created event: 1 mi run (Leaderboard) (Leaderboard, cluster: Running), direction: LOW
2025-06-28 14:45:50,006 - bot.database.database - DEBUG - Created event: 1x400 run (Leaderboard) (Leaderboard, cluster: Running), direction: LOW
2025-06-28 14:45:50,006 - sqlalchemy.engine.Engine - INFO - INSERT INTO clusters (name, number, is_active, created_at) VALUES (?, ?, ?, CURRENT_TIMESTAMP) RETURNING id, created_at
2025-06-28 14:45:50,006 - sqlalchemy.engine.Engine - INFO - [cached since 0.06107s ago] ('Clash Royale', 12, 1)
2025-06-28 14:45:50,007 - sqlalchemy.engine.Engine - INFO - INSERT INTO events (name, cluster_id, base_event_name, scoring_type, supported_scoring_types, score_direction, crownslayer_pool, is_active, min_players, max_players, allow_challenges, created_at) VALUES (?, ?, ?, ?, ?, ?, ?, ?, ?, ?, ?, CURRENT_TIMESTAMP) RETURNING id, created_at
2025-06-28 14:45:50,007 - sqlalchemy.engine.Engine - INFO - [cached since 0.05801s ago (insertmanyvalues) 1/3 (ordered; batch not supported)] ('40 yd dash (Leaderboard)', 11, None, 'Leaderboard', None, 'LOW', 300, 1, 3, 16, 1)
2025-06-28 14:45:50,008 - sqlalchemy.engine.Engine - INFO - INSERT INTO events (name, cluster_id, base_event_name, scoring_type, supported_scoring_types, score_direction, crownslayer_pool, is_active, min_players, max_players, allow_challenges, created_at) VALUES (?, ?, ?, ?, ?, ?, ?, ?, ?, ?, ?, CURRENT_TIMESTAMP) RETURNING id, created_at
2025-06-28 14:45:50,008 - sqlalchemy.engine.Engine - INFO - [insertmanyvalues 2/3 (ordered; batch not supported)] ('1 mi run (Leaderboard)', 11, None, 'Leaderboard', None, 'LOW', 300, 1, 3, 16, 1)
2025-06-28 14:45:50,009 - sqlalchemy.engine.Engine - INFO - INSERT INTO events (name, cluster_id, base_event_name, scoring_type, supported_scoring_types, score_direction, crownslayer_pool, is_active, min_players, max_players, allow_challenges, created_at) VALUES (?, ?, ?, ?, ?, ?, ?, ?, ?, ?, ?, CURRENT_TIMESTAMP) RETURNING id, created_at
2025-06-28 14:45:50,009 - sqlalchemy.engine.Engine - INFO - [insertmanyvalues 3/3 (ordered; batch not supported)] ('1x400 run (Leaderboard)', 11, None, 'Leaderboard', None, 'LOW', 300, 1, 3, 16, 1)
2025-06-28 14:45:50,010 - bot.database.database - INFO - Created cluster 12: Clash Royale
2025-06-28 14:45:50,010 - bot.database.database - DEBUG - Created event: 1v1 (1v1, cluster: Clash Royale)
2025-06-28 14:45:50,011 - bot.database.database - DEBUG - Created event: 2v2 (Team) (Team, cluster: Clash Royale)
2025-06-28 14:45:50,011 - sqlalchemy.engine.Engine - INFO - INSERT INTO clusters (name, number, is_active, created_at) VALUES (?, ?, ?, CURRENT_TIMESTAMP) RETURNING id, created_at
2025-06-28 14:45:50,011 - sqlalchemy.engine.Engine - INFO - [cached since 0.06597s ago] ('Waiver Rat', 13, 1)
2025-06-28 14:45:50,012 - sqlalchemy.engine.Engine - INFO - INSERT INTO events (name, cluster_id, base_event_name, scoring_type, supported_scoring_types, score_direction, crownslayer_pool, is_active, min_players, max_players, allow_challenges, created_at) VALUES (?, ?, ?, ?, ?, ?, ?, ?, ?, ?, ?, CURRENT_TIMESTAMP) RETURNING id, created_at
2025-06-28 14:45:50,012 - sqlalchemy.engine.Engine - INFO - [cached since 0.06318s ago (insertmanyvalues) 1/2 (ordered; batch not supported)] ('1v1', 12, None, '1v1', None, None, 300, 1, 2, 2, 1)
2025-06-28 14:45:50,013 - sqlalchemy.engine.Engine - INFO - INSERT INTO events (name, cluster_id, base_event_name, scoring_type, supported_scoring_types, score_direction, crownslayer_pool, is_active, min_players, max_players, allow_challenges, created_at) VALUES (?, ?, ?, ?, ?, ?, ?, ?, ?, ?, ?, CURRENT_TIMESTAMP) RETURNING id, created_at
2025-06-28 14:45:50,013 - sqlalchemy.engine.Engine - INFO - [insertmanyvalues 2/2 (ordered; batch not supported)] ('2v2 (Team)', 12, None, 'Team', None, None, 300, 1, 4, 10, 1)
2025-06-28 14:45:50,014 - bot.database.database - INFO - Created cluster 13: Waiver Rat
2025-06-28 14:45:50,014 - bot.database.database - DEBUG - Created event: Rat.quiz (1v1) (1v1, cluster: Waiver Rat)
2025-06-28 14:45:50,014 - bot.database.database - DEBUG - Created event: Rat.quiz (Team) (Team, cluster: Waiver Rat)
2025-06-28 14:45:50,014 - bot.database.database - DEBUG - Created event: Rat.face (1v1) (1v1, cluster: Waiver Rat)
2025-06-28 14:45:50,015 - bot.database.database - DEBUG - Created event: Rat.face (Team) (Team, cluster: Waiver Rat)
2025-06-28 14:45:50,015 - bot.database.database - DEBUG - Created event: Rat.mash (1v1) (1v1, cluster: Waiver Rat)
2025-06-28 14:45:50,015 - bot.database.database - DEBUG - Created event: Rat.mash (Team) (Team, cluster: Waiver Rat)
2025-06-28 14:45:50,015 - bot.database.database - DEBUG - Created event: Rat.hoop (1v1) (1v1, cluster: Waiver Rat)
2025-06-28 14:45:50,015 - bot.database.database - DEBUG - Created event: Rat.hoop (Team) (Team, cluster: Waiver Rat)
2025-06-28 14:45:50,016 - sqlalchemy.engine.Engine - INFO - INSERT INTO clusters (name, number, is_active, created_at) VALUES (?, ?, ?, CURRENT_TIMESTAMP) RETURNING id, created_at
2025-06-28 14:45:50,016 - sqlalchemy.engine.Engine - INFO - [cached since 0.07071s ago] ('Trivia', 14, 1)
2025-06-28 14:45:50,017 - sqlalchemy.engine.Engine - INFO - INSERT INTO events (name, cluster_id, base_event_name, scoring_type, supported_scoring_types, score_direction, crownslayer_pool, is_active, min_players, max_players, allow_challenges, created_at) VALUES (?, ?, ?, ?, ?, ?, ?, ?, ?, ?, ?, CURRENT_TIMESTAMP) RETURNING id, created_at
2025-06-28 14:45:50,017 - sqlalchemy.engine.Engine - INFO - [cached since 0.06781s ago (insertmanyvalues) 1/8 (ordered; batch not supported)] ('Rat.quiz (1v1)', 13, None, '1v1', None, None, 300, 1, 2, 2, 1)
2025-06-28 14:45:50,018 - sqlalchemy.engine.Engine - INFO - INSERT INTO events (name, cluster_id, base_event_name, scoring_type, supported_scoring_types, score_direction, crownslayer_pool, is_active, min_players, max_players, allow_challenges, created_at) VALUES (?, ?, ?, ?, ?, ?, ?, ?, ?, ?, ?, CURRENT_TIMESTAMP) RETURNING id, created_at
2025-06-28 14:45:50,018 - sqlalchemy.engine.Engine - INFO - [insertmanyvalues 2/8 (ordered; batch not supported)] ('Rat.quiz (Team)', 13, None, 'Team', None, None, 300, 1, 4, 10, 1)
2025-06-28 14:45:50,018 - sqlalchemy.engine.Engine - INFO - INSERT INTO events (name, cluster_id, base_event_name, scoring_type, supported_scoring_types, score_direction, crownslayer_pool, is_active, min_players, max_players, allow_challenges, created_at) VALUES (?, ?, ?, ?, ?, ?, ?, ?, ?, ?, ?, CURRENT_TIMESTAMP) RETURNING id, created_at
2025-06-28 14:45:50,018 - sqlalchemy.engine.Engine - INFO - [insertmanyvalues 3/8 (ordered; batch not supported)] ('Rat.face (1v1)', 13, None, '1v1', None, None, 300, 1, 2, 2, 1)
2025-06-28 14:45:50,019 - sqlalchemy.engine.Engine - INFO - INSERT INTO events (name, cluster_id, base_event_name, scoring_type, supported_scoring_types, score_direction, crownslayer_pool, is_active, min_players, max_players, allow_challenges, created_at) VALUES (?, ?, ?, ?, ?, ?, ?, ?, ?, ?, ?, CURRENT_TIMESTAMP) RETURNING id, created_at
2025-06-28 14:45:50,019 - sqlalchemy.engine.Engine - INFO - [insertmanyvalues 4/8 (ordered; batch not supported)] ('Rat.face (Team)', 13, None, 'Team', None, None, 300, 1, 4, 10, 1)
2025-06-28 14:45:50,020 - sqlalchemy.engine.Engine - INFO - INSERT INTO events (name, cluster_id, base_event_name, scoring_type, supported_scoring_types, score_direction, crownslayer_pool, is_active, min_players, max_players, allow_challenges, created_at) VALUES (?, ?, ?, ?, ?, ?, ?, ?, ?, ?, ?, CURRENT_TIMESTAMP) RETURNING id, created_at
2025-06-28 14:45:50,020 - sqlalchemy.engine.Engine - INFO - [insertmanyvalues 5/8 (ordered; batch not supported)] ('Rat.mash (1v1)', 13, None, '1v1', None, None, 300, 1, 2, 2, 1)
2025-06-28 14:45:50,020 - sqlalchemy.engine.Engine - INFO - INSERT INTO events (name, cluster_id, base_event_name, scoring_type, supported_scoring_types, score_direction, crownslayer_pool, is_active, min_players, max_players, allow_challenges, created_at) VALUES (?, ?, ?, ?, ?, ?, ?, ?, ?, ?, ?, CURRENT_TIMESTAMP) RETURNING id, created_at
2025-06-28 14:45:50,020 - sqlalchemy.engine.Engine - INFO - [insertmanyvalues 6/8 (ordered; batch not supported)] ('Rat.mash (Team)', 13, None, 'Team', None, None, 300, 1, 4, 10, 1)
2025-06-28 14:45:50,021 - sqlalchemy.engine.Engine - INFO - INSERT INTO events (name, cluster_id, base_event_name, scoring_type, supported_scoring_types, score_direction, crownslayer_pool, is_active, min_players, max_players, allow_challenges, created_at) VALUES (?, ?, ?, ?, ?, ?, ?, ?, ?, ?, ?, CURRENT_TIMESTAMP) RETURNING id, created_at
2025-06-28 14:45:50,021 - sqlalchemy.engine.Engine - INFO - [insertmanyvalues 7/8 (ordered; batch not supported)] ('Rat.hoop (1v1)', 13, None, '1v1', None, None, 300, 1, 2, 2, 1)
2025-06-28 14:45:50,022 - sqlalchemy.engine.Engine - INFO - INSERT INTO events (name, cluster_id, base_event_name, scoring_type, supported_scoring_types, score_direction, crownslayer_pool, is_active, min_players, max_players, allow_challenges, created_at) VALUES (?, ?, ?, ?, ?, ?, ?, ?, ?, ?, ?, CURRENT_TIMESTAMP) RETURNING id, created_at
2025-06-28 14:45:50,022 - sqlalchemy.engine.Engine - INFO - [insertmanyvalues 8/8 (ordered; batch not supported)] ('Rat.hoop (Team)', 13, None, 'Team', None, None, 300, 1, 4, 10, 1)
2025-06-28 14:45:50,023 - bot.database.database - INFO - Created cluster 14: Trivia
2025-06-28 14:45:50,023 - bot.database.database - DEBUG - Created event: Geoguessr (1v1) (1v1, cluster: Trivia)
2025-06-28 14:45:50,023 - bot.database.database - DEBUG - Created event: Geoguessr (FFA) (FFA, cluster: Trivia)
2025-06-28 14:45:50,023 - bot.database.database - DEBUG - Created event: Protobowl (1v1) (1v1, cluster: Trivia)
2025-06-28 14:45:50,024 - bot.database.database - DEBUG - Created event: Protobowl (FFA) (FFA, cluster: Trivia)
2025-06-28 14:45:50,024 - bot.database.database - DEBUG - Created event: Cine2nerdle (1v1, cluster: Trivia)
2025-06-28 14:45:50,024 - bot.database.database - DEBUG - Created event: Puckdoku (Leaderboard) (Leaderboard, cluster: Trivia), direction: HIGH
2025-06-28 14:45:50,024 - sqlalchemy.engine.Engine - INFO - INSERT INTO clusters (name, number, is_active, created_at) VALUES (?, ?, ?, CURRENT_TIMESTAMP) RETURNING id, created_at
2025-06-28 14:45:50,025 - sqlalchemy.engine.Engine - INFO - [cached since 0.07926s ago] ('Gambling', 15, 1)
2025-06-28 14:45:50,025 - sqlalchemy.engine.Engine - INFO - INSERT INTO events (name, cluster_id, base_event_name, scoring_type, supported_scoring_types, score_direction, crownslayer_pool, is_active, min_players, max_players, allow_challenges, created_at) VALUES (?, ?, ?, ?, ?, ?, ?, ?, ?, ?, ?, CURRENT_TIMESTAMP) RETURNING id, created_at
2025-06-28 14:45:50,026 - sqlalchemy.engine.Engine - INFO - [cached since 0.07636s ago (insertmanyvalues) 1/6 (ordered; batch not supported)] ('Geoguessr (1v1)', 14, None, '1v1', None, None, 300, 1, 2, 2, 1)
2025-06-28 14:45:50,026 - sqlalchemy.engine.Engine - INFO - INSERT INTO events (name, cluster_id, base_event_name, scoring_type, supported_scoring_types, score_direction, crownslayer_pool, is_active, min_players, max_players, allow_challenges, created_at) VALUES (?, ?, ?, ?, ?, ?, ?, ?, ?, ?, ?, CURRENT_TIMESTAMP) RETURNING id, created_at
2025-06-28 14:45:50,026 - sqlalchemy.engine.Engine - INFO - [insertmanyvalues 2/6 (ordered; batch not supported)] ('Geoguessr (FFA)', 14, None, 'FFA', None, None, 300, 1, 3, 16, 1)
2025-06-28 14:45:50,027 - sqlalchemy.engine.Engine - INFO - INSERT INTO events (name, cluster_id, base_event_name, scoring_type, supported_scoring_types, score_direction, crownslayer_pool, is_active, min_players, max_players, allow_challenges, created_at) VALUES (?, ?, ?, ?, ?, ?, ?, ?, ?, ?, ?, CURRENT_TIMESTAMP) RETURNING id, created_at
2025-06-28 14:45:50,027 - sqlalchemy.engine.Engine - INFO - [insertmanyvalues 3/6 (ordered; batch not supported)] ('Protobowl (1v1)', 14, None, '1v1', None, None, 300, 1, 2, 2, 1)
2025-06-28 14:45:50,027 - sqlalchemy.engine.Engine - INFO - INSERT INTO events (name, cluster_id, base_event_name, scoring_type, supported_scoring_types, score_direction, crownslayer_pool, is_active, min_players, max_players, allow_challenges, created_at) VALUES (?, ?, ?, ?, ?, ?, ?, ?, ?, ?, ?, CURRENT_TIMESTAMP) RETURNING id, created_at
2025-06-28 14:45:50,028 - sqlalchemy.engine.Engine - INFO - [insertmanyvalues 4/6 (ordered; batch not supported)] ('Protobowl (FFA)', 14, None, 'FFA', None, None, 300, 1, 3, 16, 1)
2025-06-28 14:45:50,028 - sqlalchemy.engine.Engine - INFO - INSERT INTO events (name, cluster_id, base_event_name, scoring_type, supported_scoring_types, score_direction, crownslayer_pool, is_active, min_players, max_players, allow_challenges, created_at) VALUES (?, ?, ?, ?, ?, ?, ?, ?, ?, ?, ?, CURRENT_TIMESTAMP) RETURNING id, created_at
2025-06-28 14:45:50,028 - sqlalchemy.engine.Engine - INFO - [insertmanyvalues 5/6 (ordered; batch not supported)] ('Cine2nerdle', 14, None, '1v1', None, None, 300, 1, 2, 2, 1)
2025-06-28 14:45:50,029 - sqlalchemy.engine.Engine - INFO - INSERT INTO events (name, cluster_id, base_event_name, scoring_type, supported_scoring_types, score_direction, crownslayer_pool, is_active, min_players, max_players, allow_challenges, created_at) VALUES (?, ?, ?, ?, ?, ?, ?, ?, ?, ?, ?, CURRENT_TIMESTAMP) RETURNING id, created_at
2025-06-28 14:45:50,029 - sqlalchemy.engine.Engine - INFO - [insertmanyvalues 6/6 (ordered; batch not supported)] ('Puckdoku (Leaderboard)', 14, None, 'Leaderboard', None, 'HIGH', 300, 1, 3, 16, 1)
2025-06-28 14:45:50,030 - bot.database.database - INFO - Created cluster 15: Gambling
2025-06-28 14:45:50,030 - bot.database.database - DEBUG - Created event: Texas Holdem (FFA, cluster: Gambling)
2025-06-28 14:45:50,030 - bot.database.database - DEBUG - Created event: Sticky Apple (FFA, cluster: Gambling)
2025-06-28 14:45:50,030 - bot.database.database - DEBUG - Created event: Craps (Leaderboard) (Leaderboard, cluster: Gambling), direction: HIGH
2025-06-28 14:45:50,031 - sqlalchemy.engine.Engine - INFO - INSERT INTO clusters (name, number, is_active, created_at) VALUES (?, ?, ?, CURRENT_TIMESTAMP) RETURNING id, created_at
2025-06-28 14:45:50,031 - sqlalchemy.engine.Engine - INFO - [cached since 0.08589s ago] ('NYT Puzzles', 16, 1)
2025-06-28 14:45:50,032 - sqlalchemy.engine.Engine - INFO - INSERT INTO events (name, cluster_id, base_event_name, scoring_type, supported_scoring_types, score_direction, crownslayer_pool, is_active, min_players, max_players, allow_challenges, created_at) VALUES (?, ?, ?, ?, ?, ?, ?, ?, ?, ?, ?, CURRENT_TIMESTAMP) RETURNING id, created_at
2025-06-28 14:45:50,032 - sqlalchemy.engine.Engine - INFO - [cached since 0.08287s ago (insertmanyvalues) 1/3 (ordered; batch not supported)] ('Texas Holdem', 15, None, 'FFA', None, None, 300, 1, 3, 16, 1)
2025-06-28 14:45:50,033 - sqlalchemy.engine.Engine - INFO - INSERT INTO events (name, cluster_id, base_event_name, scoring_type, supported_scoring_types, score_direction, crownslayer_pool, is_active, min_players, max_players, allow_challenges, created_at) VALUES (?, ?, ?, ?, ?, ?, ?, ?, ?, ?, ?, CURRENT_TIMESTAMP) RETURNING id, created_at
2025-06-28 14:45:50,033 - sqlalchemy.engine.Engine - INFO - [insertmanyvalues 2/3 (ordered; batch not supported)] ('Sticky Apple', 15, None, 'FFA', None, None, 300, 1, 3, 16, 1)
2025-06-28 14:45:50,033 - sqlalchemy.engine.Engine - INFO - INSERT INTO events (name, cluster_id, base_event_name, scoring_type, supported_scoring_types, score_direction, crownslayer_pool, is_active, min_players, max_players, allow_challenges, created_at) VALUES (?, ?, ?, ?, ?, ?, ?, ?, ?, ?, ?, CURRENT_TIMESTAMP) RETURNING id, created_at
2025-06-28 14:45:50,033 - sqlalchemy.engine.Engine - INFO - [insertmanyvalues 3/3 (ordered; batch not supported)] ('Craps (Leaderboard)', 15, None, 'Leaderboard', None, 'HIGH', 300, 1, 3, 16, 1)
2025-06-28 14:45:50,034 - bot.database.database - INFO - Created cluster 16: NYT Puzzles
2025-06-28 14:45:50,034 - bot.database.database - DEBUG - Created event: Wordle (Leaderboard) (Leaderboard, cluster: NYT Puzzles), direction: LOW
2025-06-28 14:45:50,034 - bot.database.database - DEBUG - Created event: Connections (Leaderboard) (Leaderboard, cluster: NYT Puzzles), direction: LOW
2025-06-28 14:45:50,034 - bot.database.database - DEBUG - Created event: Strands (Leaderboard) (Leaderboard, cluster: NYT Puzzles), direction: LOW
2025-06-28 14:45:50,035 - bot.database.database - DEBUG - Created event: Crossword (Leaderboard) (Leaderboard, cluster: NYT Puzzles), direction: LOW
2025-06-28 14:45:50,035 - bot.database.database - DEBUG - Created event: Spelling Bee (Leaderboard) (Leaderboard, cluster: NYT Puzzles), direction: LOW
2025-06-28 14:45:50,035 - sqlalchemy.engine.Engine - INFO - INSERT INTO clusters (name, number, is_active, created_at) VALUES (?, ?, ?, CURRENT_TIMESTAMP) RETURNING id, created_at
2025-06-28 14:45:50,035 - sqlalchemy.engine.Engine - INFO - [cached since 0.08998s ago] ('Elementary Classics', 17, 1)
2025-06-28 14:45:50,036 - sqlalchemy.engine.Engine - INFO - INSERT INTO events (name, cluster_id, base_event_name, scoring_type, supported_scoring_types, score_direction, crownslayer_pool, is_active, min_players, max_players, allow_challenges, created_at) VALUES (?, ?, ?, ?, ?, ?, ?, ?, ?, ?, ?, CURRENT_TIMESTAMP) RETURNING id, created_at
2025-06-28 14:45:50,036 - sqlalchemy.engine.Engine - INFO - [cached since 0.087s ago (insertmanyvalues) 1/5 (ordered; batch not supported)] ('Wordle (Leaderboard)', 16, None, 'Leaderboard', None, 'LOW', 300, 1, 3, 16, 1)
2025-06-28 14:45:50,037 - sqlalchemy.engine.Engine - INFO - INSERT INTO events (name, cluster_id, base_event_name, scoring_type, supported_scoring_types, score_direction, crownslayer_pool, is_active, min_players, max_players, allow_challenges, created_at) VALUES (?, ?, ?, ?, ?, ?, ?, ?, ?, ?, ?, CURRENT_TIMESTAMP) RETURNING id, created_at
2025-06-28 14:45:50,037 - sqlalchemy.engine.Engine - INFO - [insertmanyvalues 2/5 (ordered; batch not supported)] ('Connections (Leaderboard)', 16, None, 'Leaderboard', None, 'LOW', 300, 1, 3, 16, 1)
2025-06-28 14:45:50,038 - sqlalchemy.engine.Engine - INFO - INSERT INTO events (name, cluster_id, base_event_name, scoring_type, supported_scoring_types, score_direction, crownslayer_pool, is_active, min_players, max_players, allow_challenges, created_at) VALUES (?, ?, ?, ?, ?, ?, ?, ?, ?, ?, ?, CURRENT_TIMESTAMP) RETURNING id, created_at
2025-06-28 14:45:50,038 - sqlalchemy.engine.Engine - INFO - [insertmanyvalues 3/5 (ordered; batch not supported)] ('Strands (Leaderboard)', 16, None, 'Leaderboard', None, 'LOW', 300, 1, 3, 16, 1)
2025-06-28 14:45:50,038 - sqlalchemy.engine.Engine - INFO - INSERT INTO events (name, cluster_id, base_event_name, scoring_type, supported_scoring_types, score_direction, crownslayer_pool, is_active, min_players, max_players, allow_challenges, created_at) VALUES (?, ?, ?, ?, ?, ?, ?, ?, ?, ?, ?, CURRENT_TIMESTAMP) RETURNING id, created_at
2025-06-28 14:45:50,038 - sqlalchemy.engine.Engine - INFO - [insertmanyvalues 4/5 (ordered; batch not supported)] ('Crossword (Leaderboard)', 16, None, 'Leaderboard', None, 'LOW', 300, 1, 3, 16, 1)
2025-06-28 14:45:50,039 - sqlalchemy.engine.Engine - INFO - INSERT INTO events (name, cluster_id, base_event_name, scoring_type, supported_scoring_types, score_direction, crownslayer_pool, is_active, min_players, max_players, allow_challenges, created_at) VALUES (?, ?, ?, ?, ?, ?, ?, ?, ?, ?, ?, CURRENT_TIMESTAMP) RETURNING id, created_at
2025-06-28 14:45:50,039 - sqlalchemy.engine.Engine - INFO - [insertmanyvalues 5/5 (ordered; batch not supported)] ('Spelling Bee (Leaderboard)', 16, None, 'Leaderboard', None, 'LOW', 300, 1, 3, 16, 1)
2025-06-28 14:45:50,040 - bot.database.database - INFO - Created cluster 17: Elementary Classics
2025-06-28 14:45:50,040 - bot.database.database - DEBUG - Created event: [2048] (Leaderboard) (Leaderboard, cluster: Elementary Classics), direction: HIGH
2025-06-28 14:45:50,040 - bot.database.database - DEBUG - Created event: NitroType (1v1) (1v1, cluster: Elementary Classics)
2025-06-28 14:45:50,041 - bot.database.database - DEBUG - Created event: NitroType (FFA) (FFA, cluster: Elementary Classics)
2025-06-28 14:45:50,041 - bot.database.database - DEBUG - Created event: Fireboy and Watergirl (1v1, cluster: Elementary Classics)
2025-06-28 14:45:50,041 - bot.database.database - DEBUG - Created event: Winnie the Pooh Home Run Derby (Leaderboard) (Leaderboard, cluster: Elementary Classics), direction: LOW
2025-06-28 14:45:50,042 - sqlalchemy.engine.Engine - INFO - INSERT INTO clusters (name, number, is_active, created_at) VALUES (?, ?, ?, CURRENT_TIMESTAMP) RETURNING id, created_at
2025-06-28 14:45:50,042 - sqlalchemy.engine.Engine - INFO - [cached since 0.09644s ago] ('Party Games', 18, 1)
2025-06-28 14:45:50,043 - sqlalchemy.engine.Engine - INFO - INSERT INTO events (name, cluster_id, base_event_name, scoring_type, supported_scoring_types, score_direction, crownslayer_pool, is_active, min_players, max_players, allow_challenges, created_at) VALUES (?, ?, ?, ?, ?, ?, ?, ?, ?, ?, ?, CURRENT_TIMESTAMP) RETURNING id, created_at
2025-06-28 14:45:50,043 - sqlalchemy.engine.Engine - INFO - [cached since 0.09351s ago (insertmanyvalues) 1/5 (ordered; batch not supported)] ('[2048] (Leaderboard)', 17, None, 'Leaderboard', None, 'HIGH', 300, 1, 3, 16, 1)
2025-06-28 14:45:50,043 - sqlalchemy.engine.Engine - INFO - INSERT INTO events (name, cluster_id, base_event_name, scoring_type, supported_scoring_types, score_direction, crownslayer_pool, is_active, min_players, max_players, allow_challenges, created_at) VALUES (?, ?, ?, ?, ?, ?, ?, ?, ?, ?, ?, CURRENT_TIMESTAMP) RETURNING id, created_at
2025-06-28 14:45:50,043 - sqlalchemy.engine.Engine - INFO - [insertmanyvalues 2/5 (ordered; batch not supported)] ('NitroType (1v1)', 17, None, '1v1', None, None, 300, 1, 2, 2, 1)
2025-06-28 14:45:50,044 - sqlalchemy.engine.Engine - INFO - INSERT INTO events (name, cluster_id, base_event_name, scoring_type, supported_scoring_types, score_direction, crownslayer_pool, is_active, min_players, max_players, allow_challenges, created_at) VALUES (?, ?, ?, ?, ?, ?, ?, ?, ?, ?, ?, CURRENT_TIMESTAMP) RETURNING id, created_at
2025-06-28 14:45:50,044 - sqlalchemy.engine.Engine - INFO - [insertmanyvalues 3/5 (ordered; batch not supported)] ('NitroType (FFA)', 17, None, 'FFA', None, None, 300, 1, 3, 16, 1)
2025-06-28 14:45:50,044 - sqlalchemy.engine.Engine - INFO - INSERT INTO events (name, cluster_id, base_event_name, scoring_type, supported_scoring_types, score_direction, crownslayer_pool, is_active, min_players, max_players, allow_challenges, created_at) VALUES (?, ?, ?, ?, ?, ?, ?, ?, ?, ?, ?, CURRENT_TIMESTAMP) RETURNING id, created_at
2025-06-28 14:45:50,045 - sqlalchemy.engine.Engine - INFO - [insertmanyvalues 4/5 (ordered; batch not supported)] ('Fireboy and Watergirl', 17, None, '1v1', None, None, 300, 1, 2, 2, 1)
2025-06-28 14:45:50,045 - sqlalchemy.engine.Engine - INFO - INSERT INTO events (name, cluster_id, base_event_name, scoring_type, supported_scoring_types, score_direction, crownslayer_pool, is_active, min_players, max_players, allow_challenges, created_at) VALUES (?, ?, ?, ?, ?, ?, ?, ?, ?, ?, ?, CURRENT_TIMESTAMP) RETURNING id, created_at
2025-06-28 14:45:50,045 - sqlalchemy.engine.Engine - INFO - [insertmanyvalues 5/5 (ordered; batch not supported)] ('Winnie the Pooh Home Run Derby (Leaderboard)', 17, None, 'Leaderboard', None, 'LOW', 300, 1, 3, 16, 1)
2025-06-28 14:45:50,046 - bot.database.database - INFO - Created cluster 18: Party Games
2025-06-28 14:45:50,046 - bot.database.database - DEBUG - Created event: Overcooked 2 (Team) (Team, cluster: Party Games)
2025-06-28 14:45:50,046 - bot.database.database - DEBUG - Created event: Stumble Guys (FFA, cluster: Party Games)
2025-06-28 14:45:50,047 - bot.database.database - DEBUG - Created event: Uno (FFA, cluster: Party Games)
2025-06-28 14:45:50,047 - bot.database.database - DEBUG - Created event: Outlaster (FFA, cluster: Party Games)
2025-06-28 14:45:50,047 - sqlalchemy.engine.Engine - INFO - INSERT INTO clusters (name, number, is_active, created_at) VALUES (?, ?, ?, CURRENT_TIMESTAMP) RETURNING id, created_at
2025-06-28 14:45:50,047 - sqlalchemy.engine.Engine - INFO - [cached since 0.1022s ago] ('Other', 19, 1)
2025-06-28 14:45:50,049 - sqlalchemy.engine.Engine - INFO - INSERT INTO events (name, cluster_id, base_event_name, scoring_type, supported_scoring_types, score_direction, crownslayer_pool, is_active, min_players, max_players, allow_challenges, created_at) VALUES (?, ?, ?, ?, ?, ?, ?, ?, ?, ?, ?, CURRENT_TIMESTAMP) RETURNING id, created_at
2025-06-28 14:45:50,049 - sqlalchemy.engine.Engine - INFO - [cached since 0.0996s ago (insertmanyvalues) 1/4 (ordered; batch not supported)] ('Overcooked 2 (Team)', 18, None, 'Team', None, None, 300, 1, 4, 10, 1)
2025-06-28 14:45:50,050 - sqlalchemy.engine.Engine - INFO - INSERT INTO events (name, cluster_id, base_event_name, scoring_type, supported_scoring_types, score_direction, crownslayer_pool, is_active, min_players, max_players, allow_challenges, created_at) VALUES (?, ?, ?, ?, ?, ?, ?, ?, ?, ?, ?, CURRENT_TIMESTAMP) RETURNING id, created_at
2025-06-28 14:45:50,050 - sqlalchemy.engine.Engine - INFO - [insertmanyvalues 2/4 (ordered; batch not supported)] ('Stumble Guys', 18, None, 'FFA', None, None, 300, 1, 3, 16, 1)
2025-06-28 14:45:50,050 - sqlalchemy.engine.Engine - INFO - INSERT INTO events (name, cluster_id, base_event_name, scoring_type, supported_scoring_types, score_direction, crownslayer_pool, is_active, min_players, max_players, allow_challenges, created_at) VALUES (?, ?, ?, ?, ?, ?, ?, ?, ?, ?, ?, CURRENT_TIMESTAMP) RETURNING id, created_at
2025-06-28 14:45:50,051 - sqlalchemy.engine.Engine - INFO - [insertmanyvalues 3/4 (ordered; batch not supported)] ('Uno', 18, None, 'FFA', None, None, 300, 1, 3, 16, 1)
2025-06-28 14:45:50,051 - sqlalchemy.engine.Engine - INFO - INSERT INTO events (name, cluster_id, base_event_name, scoring_type, supported_scoring_types, score_direction, crownslayer_pool, is_active, min_players, max_players, allow_challenges, created_at) VALUES (?, ?, ?, ?, ?, ?, ?, ?, ?, ?, ?, CURRENT_TIMESTAMP) RETURNING id, created_at
2025-06-28 14:45:50,051 - sqlalchemy.engine.Engine - INFO - [insertmanyvalues 4/4 (ordered; batch not supported)] ('Outlaster', 18, None, 'FFA', None, None, 300, 1, 3, 16, 1)
2025-06-28 14:45:50,052 - bot.database.database - INFO - Created cluster 19: Other
2025-06-28 14:45:50,053 - bot.database.database - DEBUG - Created event: Geometry Dash (1v1, cluster: Other)
2025-06-28 14:45:50,053 - bot.database.database - DEBUG - Created event: League of Legends (1v1) (1v1, cluster: Other)
2025-06-28 14:45:50,053 - bot.database.database - DEBUG - Created event: League of Legends (Team) (Team, cluster: Other)
2025-06-28 14:45:50,053 - bot.database.database - DEBUG - Created event: Roark AOT Game (Team) (Team, cluster: Other)
2025-06-28 14:45:50,054 - sqlalchemy.engine.Engine - INFO - INSERT INTO clusters (name, number, is_active, created_at) VALUES (?, ?, ?, CURRENT_TIMESTAMP) RETURNING id, created_at
2025-06-28 14:45:50,054 - sqlalchemy.engine.Engine - INFO - [cached since 0.1086s ago] ('Meme', 20, 1)
2025-06-28 14:45:50,055 - sqlalchemy.engine.Engine - INFO - INSERT INTO events (name, cluster_id, base_event_name, scoring_type, supported_scoring_types, score_direction, crownslayer_pool, is_active, min_players, max_players, allow_challenges, created_at) VALUES (?, ?, ?, ?, ?, ?, ?, ?, ?, ?, ?, CURRENT_TIMESTAMP) RETURNING id, created_at
2025-06-28 14:45:50,055 - sqlalchemy.engine.Engine - INFO - [cached since 0.1056s ago (insertmanyvalues) 1/4 (ordered; batch not supported)] ('Geometry Dash', 19, None, '1v1', None, None, 300, 1, 2, 2, 1)
2025-06-28 14:45:50,055 - sqlalchemy.engine.Engine - INFO - INSERT INTO events (name, cluster_id, base_event_name, scoring_type, supported_scoring_types, score_direction, crownslayer_pool, is_active, min_players, max_players, allow_challenges, created_at) VALUES (?, ?, ?, ?, ?, ?, ?, ?, ?, ?, ?, CURRENT_TIMESTAMP) RETURNING id, created_at
2025-06-28 14:45:50,056 - sqlalchemy.engine.Engine - INFO - [insertmanyvalues 2/4 (ordered; batch not supported)] ('League of Legends (1v1)', 19, None, '1v1', None, None, 300, 1, 2, 2, 1)
2025-06-28 14:45:50,056 - sqlalchemy.engine.Engine - INFO - INSERT INTO events (name, cluster_id, base_event_name, scoring_type, supported_scoring_types, score_direction, crownslayer_pool, is_active, min_players, max_players, allow_challenges, created_at) VALUES (?, ?, ?, ?, ?, ?, ?, ?, ?, ?, ?, CURRENT_TIMESTAMP) RETURNING id, created_at
2025-06-28 14:45:50,056 - sqlalchemy.engine.Engine - INFO - [insertmanyvalues 3/4 (ordered; batch not supported)] ('League of Legends (Team)', 19, None, 'Team', None, None, 300, 1, 4, 10, 1)
2025-06-28 14:45:50,057 - sqlalchemy.engine.Engine - INFO - INSERT INTO events (name, cluster_id, base_event_name, scoring_type, supported_scoring_types, score_direction, crownslayer_pool, is_active, min_players, max_players, allow_challenges, created_at) VALUES (?, ?, ?, ?, ?, ?, ?, ?, ?, ?, ?, CURRENT_TIMESTAMP) RETURNING id, created_at
2025-06-28 14:45:50,057 - sqlalchemy.engine.Engine - INFO - [insertmanyvalues 4/4 (ordered; batch not supported)] ('Roark AOT Game (Team)', 19, None, 'Team', None, None, 300, 1, 4, 10, 1)
2025-06-28 14:45:50,058 - bot.database.database - INFO - Created cluster 20: Meme
2025-06-28 14:45:50,058 - bot.database.database - DEBUG - Created event: AMOGUS (Team) (Team, cluster: Meme)
2025-06-28 14:45:50,058 - bot.database.database - DEBUG - Created event: Flip a coin  (1v1, cluster: Meme)
2025-06-28 14:45:50,058 - sqlalchemy.engine.Engine - INFO - INSERT INTO events (name, cluster_id, base_event_name, scoring_type, supported_scoring_types, score_direction, crownslayer_pool, is_active, min_players, max_players, allow_challenges, created_at) VALUES (?, ?, ?, ?, ?, ?, ?, ?, ?, ?, ?, CURRENT_TIMESTAMP) RETURNING id, created_at
2025-06-28 14:45:50,059 - sqlalchemy.engine.Engine - INFO - [cached since 0.1094s ago (insertmanyvalues) 1/2 (ordered; batch not supported)] ('AMOGUS (Team)', 20, None, 'Team', None, None, 300, 1, 4, 10, 1)
2025-06-28 14:45:50,059 - sqlalchemy.engine.Engine - INFO - INSERT INTO events (name, cluster_id, base_event_name, scoring_type, supported_scoring_types, score_direction, crownslayer_pool, is_active, min_players, max_players, allow_challenges, created_at) VALUES (?, ?, ?, ?, ?, ?, ?, ?, ?, ?, ?, CURRENT_TIMESTAMP) RETURNING id, created_at
2025-06-28 14:45:50,059 - sqlalchemy.engine.Engine - INFO - [insertmanyvalues 2/2 (ordered; batch not supported)] ('Flip a coin ', 20, None, '1v1', None, None, 300, 1, 2, 2, 1)
2025-06-28 14:45:50,060 - sqlalchemy.engine.Engine - INFO - COMMIT
2025-06-28 14:45:50,064 - bot.database.database - INFO - Successfully imported 20 clusters and 86 events (0 events skipped)
2025-06-28 14:45:50,064 - __main__ - INFO - Clearing existing clusters and events...
2025-06-28 14:45:50,064 - sqlalchemy.engine.Engine - INFO - BEGIN (implicit)
2025-06-28 14:45:50,064 - sqlalchemy.engine.Engine - INFO - DELETE FROM events
2025-06-28 14:45:50,065 - sqlalchemy.engine.Engine - INFO - [cached since 0.1233s ago] ()
2025-06-28 14:45:50,065 - sqlalchemy.engine.Engine - INFO - DELETE FROM clusters
2025-06-28 14:45:50,066 - sqlalchemy.engine.Engine - INFO - [cached since 0.1229s ago] ()
2025-06-28 14:45:50,066 - sqlalchemy.engine.Engine - INFO - COMMIT
2025-06-28 14:45:50,070 - __main__ - INFO - Existing data cleared successfully
2025-06-28 14:45:50,070 - __main__ - INFO - Pass 1: Reading and aggregating CSV data...
2025-06-28 14:45:50,070 - __main__ - INFO - Pass 1 complete: Aggregated data for 70 unique events
2025-06-28 14:45:50,071 - __main__ - INFO - Pass 2: Creating unified events in database...
2025-06-28 14:45:50,071 - sqlalchemy.engine.Engine - INFO - BEGIN (implicit)
2025-06-28 14:45:50,071 - sqlalchemy.engine.Engine - INFO - INSERT INTO clusters (name, number, is_active, created_at) VALUES (?, ?, ?, CURRENT_TIMESTAMP) RETURNING id, created_at
2025-06-28 14:45:50,071 - sqlalchemy.engine.Engine - INFO - [cached since 0.126s ago] ('Chess', 1, 1)
2025-06-28 14:45:50,072 - __main__ - INFO - Created cluster 1: Chess
2025-06-28 14:45:50,072 - sqlalchemy.engine.Engine - INFO - ROLLBACK
2025-06-28 14:45:50,073 - __main__ - ERROR - Error during CSV population: name 'select' is not defined
2025-06-28 14:45:50,074 - bot.database.database - INFO - Database connection closed
2025-06-28 14:45:50,074 - __main__ - ERROR - CSV population failed: name 'select' is not defined
