2025-06-26 22:14:04,866 - __main__ - INFO - Starting CSV population script...
2025-06-26 22:14:04,866 - bot.database.database - INFO - Initializing database...
2025-06-26 22:14:04,878 - sqlalchemy.engine.Engine - INFO - BEGIN (implicit)
2025-06-26 22:14:04,878 - sqlalchemy.engine.Engine - INFO - PRAGMA main.table_info("clusters")
2025-06-26 22:14:04,878 - sqlalchemy.engine.Engine - INFO - [raw sql] ()
2025-06-26 22:14:04,880 - sqlalchemy.engine.Engine - INFO - PRAGMA main.table_info("events")
2025-06-26 22:14:04,880 - sqlalchemy.engine.Engine - INFO - [raw sql] ()
2025-06-26 22:14:04,881 - sqlalchemy.engine.Engine - INFO - PRAGMA main.table_info("players")
2025-06-26 22:14:04,881 - sqlalchemy.engine.Engine - INFO - [raw sql] ()
2025-06-26 22:14:04,882 - sqlalchemy.engine.Engine - INFO - PRAGMA main.table_info("games")
2025-06-26 22:14:04,883 - sqlalchemy.engine.Engine - INFO - [raw sql] ()
2025-06-26 22:14:04,883 - sqlalchemy.engine.Engine - INFO - PRAGMA main.table_info("challenges")
2025-06-26 22:14:04,884 - sqlalchemy.engine.Engine - INFO - [raw sql] ()
2025-06-26 22:14:04,884 - sqlalchemy.engine.Engine - INFO - PRAGMA main.table_info("tournaments")
2025-06-26 22:14:04,885 - sqlalchemy.engine.Engine - INFO - [raw sql] ()
2025-06-26 22:14:04,886 - sqlalchemy.engine.Engine - INFO - PRAGMA main.table_info("elo_history")
2025-06-26 22:14:04,886 - sqlalchemy.engine.Engine - INFO - [raw sql] ()
2025-06-26 22:14:04,887 - sqlalchemy.engine.Engine - INFO - PRAGMA main.table_info("tickets")
2025-06-26 22:14:04,887 - sqlalchemy.engine.Engine - INFO - [raw sql] ()
2025-06-26 22:14:04,888 - sqlalchemy.engine.Engine - INFO - PRAGMA main.table_info("matches")
2025-06-26 22:14:04,888 - sqlalchemy.engine.Engine - INFO - [raw sql] ()
2025-06-26 22:14:04,889 - sqlalchemy.engine.Engine - INFO - PRAGMA main.table_info("match_participants")
2025-06-26 22:14:04,889 - sqlalchemy.engine.Engine - INFO - [raw sql] ()
2025-06-26 22:14:04,890 - sqlalchemy.engine.Engine - INFO - PRAGMA main.table_info("match_result_proposals")
2025-06-26 22:14:04,890 - sqlalchemy.engine.Engine - INFO - [raw sql] ()
2025-06-26 22:14:04,890 - sqlalchemy.engine.Engine - INFO - PRAGMA main.table_info("match_confirmations")
2025-06-26 22:14:04,891 - sqlalchemy.engine.Engine - INFO - [raw sql] ()
2025-06-26 22:14:04,891 - sqlalchemy.engine.Engine - INFO - PRAGMA main.table_info("player_event_stats")
2025-06-26 22:14:04,891 - sqlalchemy.engine.Engine - INFO - [raw sql] ()
2025-06-26 22:14:04,892 - sqlalchemy.engine.Engine - INFO - PRAGMA main.table_info("player_event_personal_bests")
2025-06-26 22:14:04,892 - sqlalchemy.engine.Engine - INFO - [raw sql] ()
2025-06-26 22:14:04,893 - sqlalchemy.engine.Engine - INFO - PRAGMA main.table_info("weekly_scores")
2025-06-26 22:14:04,893 - sqlalchemy.engine.Engine - INFO - [raw sql] ()
2025-06-26 22:14:04,894 - sqlalchemy.engine.Engine - INFO - PRAGMA main.table_info("player_weekly_leaderboard_elo")
2025-06-26 22:14:04,894 - sqlalchemy.engine.Engine - INFO - [raw sql] ()
2025-06-26 22:14:04,895 - sqlalchemy.engine.Engine - INFO - PRAGMA main.table_info("ticket_ledger")
2025-06-26 22:14:04,895 - sqlalchemy.engine.Engine - INFO - [raw sql] ()
2025-06-26 22:14:04,897 - sqlalchemy.engine.Engine - INFO - COMMIT
2025-06-26 22:14:04,897 - bot.database.database - INFO - Database initialized successfully
2025-06-26 22:14:04,898 - sqlalchemy.engine.Engine - INFO - BEGIN (implicit)
2025-06-26 22:14:04,972 - sqlalchemy.engine.Engine - INFO - SELECT count(games.id) AS count_1 
FROM games
2025-06-26 22:14:04,972 - sqlalchemy.engine.Engine - INFO - [generated in 0.00035s] ()
2025-06-26 22:14:04,974 - sqlalchemy.engine.Engine - INFO - SELECT count(clusters.id) AS count_1 
FROM clusters
2025-06-26 22:14:04,974 - sqlalchemy.engine.Engine - INFO - [generated in 0.00022s] ()
2025-06-26 22:14:04,976 - sqlalchemy.engine.Engine - INFO - ROLLBACK
2025-06-26 22:14:04,976 - __main__ - INFO - Clearing existing clusters and events...
2025-06-26 22:14:04,977 - sqlalchemy.engine.Engine - INFO - BEGIN (implicit)
2025-06-26 22:14:04,977 - sqlalchemy.engine.Engine - INFO - DELETE FROM events
2025-06-26 22:14:04,977 - sqlalchemy.engine.Engine - INFO - [generated in 0.00021s] ()
2025-06-26 22:14:04,979 - sqlalchemy.engine.Engine - INFO - DELETE FROM clusters
2025-06-26 22:14:04,979 - sqlalchemy.engine.Engine - INFO - [generated in 0.00021s] ()
2025-06-26 22:14:04,980 - sqlalchemy.engine.Engine - INFO - COMMIT
2025-06-26 22:14:05,008 - __main__ - INFO - Existing data cleared successfully
2025-06-26 22:14:05,009 - sqlalchemy.engine.Engine - INFO - BEGIN (implicit)
2025-06-26 22:14:05,011 - sqlalchemy.engine.Engine - INFO - INSERT INTO clusters (name, number, is_active, created_at) VALUES (?, ?, ?, CURRENT_TIMESTAMP) RETURNING id, created_at
2025-06-26 22:14:05,011 - sqlalchemy.engine.Engine - INFO - [generated in 0.00025s] ('Chess', 1, 1)
2025-06-26 22:14:05,013 - __main__ - INFO - Created cluster 1: Chess
2025-06-26 22:14:05,014 - sqlalchemy.engine.Engine - INFO - INSERT INTO clusters (name, number, is_active, created_at) VALUES (?, ?, ?, CURRENT_TIMESTAMP) RETURNING id, created_at
2025-06-26 22:14:05,014 - sqlalchemy.engine.Engine - INFO - [cached since 0.003774s ago] ('Pokemon', 2, 1)
2025-06-26 22:14:05,017 - sqlalchemy.engine.Engine - INFO - INSERT INTO events (name, cluster_id, scoring_type, score_direction, crownslayer_pool, is_active, min_players, max_players, allow_challenges, created_at) VALUES (?, ?, ?, ?, ?, ?, ?, ?, ?, CURRENT_TIMESTAMP) RETURNING id, created_at
2025-06-26 22:14:05,017 - sqlalchemy.engine.Engine - INFO - [generated in 0.00013s (insertmanyvalues) 1/3 (ordered; batch not supported)] ('Bullet', 1, '1v1', None, 300, 1, 2, 2, 1)
2025-06-26 22:14:05,018 - sqlalchemy.engine.Engine - INFO - INSERT INTO events (name, cluster_id, scoring_type, score_direction, crownslayer_pool, is_active, min_players, max_players, allow_challenges, created_at) VALUES (?, ?, ?, ?, ?, ?, ?, ?, ?, CURRENT_TIMESTAMP) RETURNING id, created_at
2025-06-26 22:14:05,018 - sqlalchemy.engine.Engine - INFO - [insertmanyvalues 2/3 (ordered; batch not supported)] ('Blitz', 1, '1v1', None, 300, 1, 2, 2, 1)
2025-06-26 22:14:05,019 - sqlalchemy.engine.Engine - INFO - INSERT INTO events (name, cluster_id, scoring_type, score_direction, crownslayer_pool, is_active, min_players, max_players, allow_challenges, created_at) VALUES (?, ?, ?, ?, ?, ?, ?, ?, ?, CURRENT_TIMESTAMP) RETURNING id, created_at
2025-06-26 22:14:05,019 - sqlalchemy.engine.Engine - INFO - [insertmanyvalues 3/3 (ordered; batch not supported)] ('Rapid', 1, '1v1', None, 300, 1, 2, 2, 1)
2025-06-26 22:14:05,020 - __main__ - INFO - Created cluster 2: Pokemon
2025-06-26 22:14:05,021 - sqlalchemy.engine.Engine - INFO - INSERT INTO clusters (name, number, is_active, created_at) VALUES (?, ?, ?, CURRENT_TIMESTAMP) RETURNING id, created_at
2025-06-26 22:14:05,022 - sqlalchemy.engine.Engine - INFO - [cached since 0.01102s ago] ('FPS', 3, 1)
2025-06-26 22:14:05,023 - sqlalchemy.engine.Engine - INFO - INSERT INTO events (name, cluster_id, scoring_type, score_direction, crownslayer_pool, is_active, min_players, max_players, allow_challenges, created_at) VALUES (?, ?, ?, ?, ?, ?, ?, ?, ?, CURRENT_TIMESTAMP) RETURNING id, created_at
2025-06-26 22:14:05,023 - sqlalchemy.engine.Engine - INFO - [cached since 0.00681s ago (insertmanyvalues) 1/5 (ordered; batch not supported)] ('Showdown (OU)', 2, '1v1', None, 300, 1, 2, 2, 1)
2025-06-26 22:14:05,024 - sqlalchemy.engine.Engine - INFO - INSERT INTO events (name, cluster_id, scoring_type, score_direction, crownslayer_pool, is_active, min_players, max_players, allow_challenges, created_at) VALUES (?, ?, ?, ?, ?, ?, ?, ?, ?, CURRENT_TIMESTAMP) RETURNING id, created_at
2025-06-26 22:14:05,024 - sqlalchemy.engine.Engine - INFO - [insertmanyvalues 2/5 (ordered; batch not supported)] ('Showdown (Monotype)', 2, '1v1', None, 300, 1, 2, 2, 1)
2025-06-26 22:14:05,025 - sqlalchemy.engine.Engine - INFO - INSERT INTO events (name, cluster_id, scoring_type, score_direction, crownslayer_pool, is_active, min_players, max_players, allow_challenges, created_at) VALUES (?, ?, ?, ?, ?, ?, ?, ?, ?, CURRENT_TIMESTAMP) RETURNING id, created_at
2025-06-26 22:14:05,025 - sqlalchemy.engine.Engine - INFO - [insertmanyvalues 3/5 (ordered; batch not supported)] ('Showdown (Random)', 2, '1v1', None, 300, 1, 2, 2, 1)
2025-06-26 22:14:05,026 - sqlalchemy.engine.Engine - INFO - INSERT INTO events (name, cluster_id, scoring_type, score_direction, crownslayer_pool, is_active, min_players, max_players, allow_challenges, created_at) VALUES (?, ?, ?, ?, ?, ?, ?, ?, ?, CURRENT_TIMESTAMP) RETURNING id, created_at
2025-06-26 22:14:05,026 - sqlalchemy.engine.Engine - INFO - [insertmanyvalues 4/5 (ordered; batch not supported)] ('Showdown (Natdex)', 2, '1v1', None, 300, 1, 2, 2, 1)
2025-06-26 22:14:05,027 - sqlalchemy.engine.Engine - INFO - INSERT INTO events (name, cluster_id, scoring_type, score_direction, crownslayer_pool, is_active, min_players, max_players, allow_challenges, created_at) VALUES (?, ?, ?, ?, ?, ?, ?, ?, ?, CURRENT_TIMESTAMP) RETURNING id, created_at
2025-06-26 22:14:05,027 - sqlalchemy.engine.Engine - INFO - [insertmanyvalues 5/5 (ordered; batch not supported)] ('Infinite Fusion', 2, '1v1', None, 300, 1, 2, 2, 1)
2025-06-26 22:14:05,028 - __main__ - INFO - Created cluster 3: FPS
2025-06-26 22:14:05,029 - sqlalchemy.engine.Engine - INFO - INSERT INTO clusters (name, number, is_active, created_at) VALUES (?, ?, ?, CURRENT_TIMESTAMP) RETURNING id, created_at
2025-06-26 22:14:05,029 - sqlalchemy.engine.Engine - INFO - [cached since 0.01888s ago] ('Roblox Combat', 4, 1)
2025-06-26 22:14:05,031 - sqlalchemy.engine.Engine - INFO - INSERT INTO events (name, cluster_id, scoring_type, score_direction, crownslayer_pool, is_active, min_players, max_players, allow_challenges, created_at) VALUES (?, ?, ?, ?, ?, ?, ?, ?, ?, CURRENT_TIMESTAMP) RETURNING id, created_at
2025-06-26 22:14:05,031 - sqlalchemy.engine.Engine - INFO - [cached since 0.01426s ago (insertmanyvalues) 1/4 (ordered; batch not supported)] ('Operations Siege (Team)', 3, 'Team', None, 300, 1, 4, 10, 1)
2025-06-26 22:14:05,032 - sqlalchemy.engine.Engine - INFO - INSERT INTO events (name, cluster_id, scoring_type, score_direction, crownslayer_pool, is_active, min_players, max_players, allow_challenges, created_at) VALUES (?, ?, ?, ?, ?, ?, ?, ?, ?, CURRENT_TIMESTAMP) RETURNING id, created_at
2025-06-26 22:14:05,032 - sqlalchemy.engine.Engine - INFO - [insertmanyvalues 2/4 (ordered; batch not supported)] ('Arsenal', 3, 'FFA', None, 300, 1, 3, 16, 1)
2025-06-26 22:14:05,033 - sqlalchemy.engine.Engine - INFO - INSERT INTO events (name, cluster_id, scoring_type, score_direction, crownslayer_pool, is_active, min_players, max_players, allow_challenges, created_at) VALUES (?, ?, ?, ?, ?, ?, ?, ?, ?, CURRENT_TIMESTAMP) RETURNING id, created_at
2025-06-26 22:14:05,033 - sqlalchemy.engine.Engine - INFO - [insertmanyvalues 3/4 (ordered; batch not supported)] ('Krunker (1v1)', 3, '1v1', None, 300, 1, 2, 2, 1)
2025-06-26 22:14:05,034 - sqlalchemy.engine.Engine - INFO - INSERT INTO events (name, cluster_id, scoring_type, score_direction, crownslayer_pool, is_active, min_players, max_players, allow_challenges, created_at) VALUES (?, ?, ?, ?, ?, ?, ?, ?, ?, CURRENT_TIMESTAMP) RETURNING id, created_at
2025-06-26 22:14:05,034 - sqlalchemy.engine.Engine - INFO - [insertmanyvalues 4/4 (ordered; batch not supported)] ('Krunker (FFA)', 3, 'FFA', None, 300, 1, 3, 16, 1)
2025-06-26 22:14:05,035 - __main__ - INFO - Created cluster 4: Roblox Combat
2025-06-26 22:14:05,036 - sqlalchemy.engine.Engine - INFO - INSERT INTO clusters (name, number, is_active, created_at) VALUES (?, ?, ?, CURRENT_TIMESTAMP) RETURNING id, created_at
2025-06-26 22:14:05,036 - sqlalchemy.engine.Engine - INFO - [cached since 0.02565s ago] ('Sports', 5, 1)
2025-06-26 22:14:05,037 - sqlalchemy.engine.Engine - INFO - INSERT INTO events (name, cluster_id, scoring_type, score_direction, crownslayer_pool, is_active, min_players, max_players, allow_challenges, created_at) VALUES (?, ?, ?, ?, ?, ?, ?, ?, ?, CURRENT_TIMESTAMP) RETURNING id, created_at
2025-06-26 22:14:05,037 - sqlalchemy.engine.Engine - INFO - [cached since 0.02077s ago (insertmanyvalues) 1/4 (ordered; batch not supported)] ('Zzzwrite vs imaginethis3 burger king rp (1v1)', 4, '1v1', None, 300, 1, 2, 2, 1)
2025-06-26 22:14:05,038 - sqlalchemy.engine.Engine - INFO - INSERT INTO events (name, cluster_id, scoring_type, score_direction, crownslayer_pool, is_active, min_players, max_players, allow_challenges, created_at) VALUES (?, ?, ?, ?, ?, ?, ?, ?, ?, CURRENT_TIMESTAMP) RETURNING id, created_at
2025-06-26 22:14:05,038 - sqlalchemy.engine.Engine - INFO - [insertmanyvalues 2/4 (ordered; batch not supported)] ('Zzzwrite vs imaginethis3 burger king rp (FFA)', 4, 'FFA', None, 300, 1, 3, 16, 1)
2025-06-26 22:14:05,039 - sqlalchemy.engine.Engine - INFO - INSERT INTO events (name, cluster_id, scoring_type, score_direction, crownslayer_pool, is_active, min_players, max_players, allow_challenges, created_at) VALUES (?, ?, ?, ?, ?, ?, ?, ?, ?, CURRENT_TIMESTAMP) RETURNING id, created_at
2025-06-26 22:14:05,039 - sqlalchemy.engine.Engine - INFO - [insertmanyvalues 3/4 (ordered; batch not supported)] ('Your Bizarre Adventure', 4, '1v1', None, 300, 1, 2, 2, 1)
2025-06-26 22:14:05,040 - sqlalchemy.engine.Engine - INFO - INSERT INTO events (name, cluster_id, scoring_type, score_direction, crownslayer_pool, is_active, min_players, max_players, allow_challenges, created_at) VALUES (?, ?, ?, ?, ?, ?, ?, ?, ?, CURRENT_TIMESTAMP) RETURNING id, created_at
2025-06-26 22:14:05,040 - sqlalchemy.engine.Engine - INFO - [insertmanyvalues 4/4 (ordered; batch not supported)] ('Star Wars Lightsaber Battles 2', 4, '1v1', None, 300, 1, 2, 2, 1)
2025-06-26 22:14:05,041 - __main__ - INFO - Created cluster 5: Sports
2025-06-26 22:14:05,042 - sqlalchemy.engine.Engine - INFO - INSERT INTO clusters (name, number, is_active, created_at) VALUES (?, ?, ?, CURRENT_TIMESTAMP) RETURNING id, created_at
2025-06-26 22:14:05,042 - sqlalchemy.engine.Engine - INFO - [cached since 0.03186s ago] ('Tetris', 6, 1)
2025-06-26 22:14:05,044 - sqlalchemy.engine.Engine - INFO - INSERT INTO events (name, cluster_id, scoring_type, score_direction, crownslayer_pool, is_active, min_players, max_players, allow_challenges, created_at) VALUES (?, ?, ?, ?, ?, ?, ?, ?, ?, CURRENT_TIMESTAMP) RETURNING id, created_at
2025-06-26 22:14:05,044 - sqlalchemy.engine.Engine - INFO - [cached since 0.02712s ago (insertmanyvalues) 1/4 (ordered; batch not supported)] ('Basketball Legends (Team)', 5, 'Team', None, 300, 1, 4, 10, 1)
2025-06-26 22:14:05,045 - sqlalchemy.engine.Engine - INFO - INSERT INTO events (name, cluster_id, scoring_type, score_direction, crownslayer_pool, is_active, min_players, max_players, allow_challenges, created_at) VALUES (?, ?, ?, ?, ?, ?, ?, ?, ?, CURRENT_TIMESTAMP) RETURNING id, created_at
2025-06-26 22:14:05,045 - sqlalchemy.engine.Engine - INFO - [insertmanyvalues 2/4 (ordered; batch not supported)] ('Football Fusion (Team)', 5, 'Team', None, 300, 1, 4, 10, 1)
2025-06-26 22:14:05,045 - sqlalchemy.engine.Engine - INFO - INSERT INTO events (name, cluster_id, scoring_type, score_direction, crownslayer_pool, is_active, min_players, max_players, allow_challenges, created_at) VALUES (?, ?, ?, ?, ?, ?, ?, ?, ?, CURRENT_TIMESTAMP) RETURNING id, created_at
2025-06-26 22:14:05,046 - sqlalchemy.engine.Engine - INFO - [insertmanyvalues 3/4 (ordered; batch not supported)] ('Madden 24', 5, '1v1', None, 300, 1, 2, 2, 1)
2025-06-26 22:14:05,046 - sqlalchemy.engine.Engine - INFO - INSERT INTO events (name, cluster_id, scoring_type, score_direction, crownslayer_pool, is_active, min_players, max_players, allow_challenges, created_at) VALUES (?, ?, ?, ?, ?, ?, ?, ?, ?, CURRENT_TIMESTAMP) RETURNING id, created_at
2025-06-26 22:14:05,046 - sqlalchemy.engine.Engine - INFO - [insertmanyvalues 4/4 (ordered; batch not supported)] ('NBA 2k25', 5, '1v1', None, 300, 1, 2, 2, 1)
2025-06-26 22:14:05,047 - __main__ - INFO - Created cluster 6: Tetris
2025-06-26 22:14:05,048 - sqlalchemy.engine.Engine - INFO - INSERT INTO clusters (name, number, is_active, created_at) VALUES (?, ?, ?, CURRENT_TIMESTAMP) RETURNING id, created_at
2025-06-26 22:14:05,048 - sqlalchemy.engine.Engine - INFO - [cached since 0.03788s ago] ('IO Games', 7, 1)
2025-06-26 22:14:05,050 - sqlalchemy.engine.Engine - INFO - INSERT INTO events (name, cluster_id, scoring_type, score_direction, crownslayer_pool, is_active, min_players, max_players, allow_challenges, created_at) VALUES (?, ?, ?, ?, ?, ?, ?, ?, ?, CURRENT_TIMESTAMP) RETURNING id, created_at
2025-06-26 22:14:05,050 - sqlalchemy.engine.Engine - INFO - [cached since 0.0333s ago (insertmanyvalues) 1/3 (ordered; batch not supported)] ('40L Sprint (Leaderboard)', 6, 'Leaderboard', 'LOW', 300, 1, 3, 16, 1)
2025-06-26 22:14:05,051 - sqlalchemy.engine.Engine - INFO - INSERT INTO events (name, cluster_id, scoring_type, score_direction, crownslayer_pool, is_active, min_players, max_players, allow_challenges, created_at) VALUES (?, ?, ?, ?, ?, ?, ?, ?, ?, CURRENT_TIMESTAMP) RETURNING id, created_at
2025-06-26 22:14:05,051 - sqlalchemy.engine.Engine - INFO - [insertmanyvalues 2/3 (ordered; batch not supported)] ('Blitz (Leaderboard)', 6, 'Leaderboard', 'HIGH', 300, 1, 3, 16, 1)
2025-06-26 22:14:05,052 - sqlalchemy.engine.Engine - INFO - INSERT INTO events (name, cluster_id, scoring_type, score_direction, crownslayer_pool, is_active, min_players, max_players, allow_challenges, created_at) VALUES (?, ?, ?, ?, ?, ?, ?, ?, ?, CURRENT_TIMESTAMP) RETURNING id, created_at
2025-06-26 22:14:05,052 - sqlalchemy.engine.Engine - INFO - [insertmanyvalues 3/3 (ordered; batch not supported)] ('VS', 6, '1v1', None, 300, 1, 2, 2, 1)
2025-06-26 22:14:05,053 - __main__ - INFO - Created cluster 7: IO Games
2025-06-26 22:14:05,054 - sqlalchemy.engine.Engine - INFO - INSERT INTO clusters (name, number, is_active, created_at) VALUES (?, ?, ?, CURRENT_TIMESTAMP) RETURNING id, created_at
2025-06-26 22:14:05,054 - sqlalchemy.engine.Engine - INFO - [cached since 0.04337s ago] ('Rhythm', 8, 1)
2025-06-26 22:14:05,056 - sqlalchemy.engine.Engine - INFO - INSERT INTO events (name, cluster_id, scoring_type, score_direction, crownslayer_pool, is_active, min_players, max_players, allow_challenges, created_at) VALUES (?, ?, ?, ?, ?, ?, ?, ?, ?, CURRENT_TIMESTAMP) RETURNING id, created_at
2025-06-26 22:14:05,056 - sqlalchemy.engine.Engine - INFO - [cached since 0.03901s ago (insertmanyvalues) 1/7 (ordered; batch not supported)] ('Bonk (1v1)', 7, '1v1', None, 300, 1, 2, 2, 1)
2025-06-26 22:14:05,057 - sqlalchemy.engine.Engine - INFO - INSERT INTO events (name, cluster_id, scoring_type, score_direction, crownslayer_pool, is_active, min_players, max_players, allow_challenges, created_at) VALUES (?, ?, ?, ?, ?, ?, ?, ?, ?, CURRENT_TIMESTAMP) RETURNING id, created_at
2025-06-26 22:14:05,057 - sqlalchemy.engine.Engine - INFO - [insertmanyvalues 2/7 (ordered; batch not supported)] ('Bonk (Team)', 7, 'Team', None, 300, 1, 4, 10, 1)
2025-06-26 22:14:05,058 - sqlalchemy.engine.Engine - INFO - INSERT INTO events (name, cluster_id, scoring_type, score_direction, crownslayer_pool, is_active, min_players, max_players, allow_challenges, created_at) VALUES (?, ?, ?, ?, ?, ?, ?, ?, ?, CURRENT_TIMESTAMP) RETURNING id, created_at
2025-06-26 22:14:05,058 - sqlalchemy.engine.Engine - INFO - [insertmanyvalues 3/7 (ordered; batch not supported)] ('Bonk (FFA)', 7, 'FFA', None, 300, 1, 3, 16, 1)
2025-06-26 22:14:05,058 - sqlalchemy.engine.Engine - INFO - INSERT INTO events (name, cluster_id, scoring_type, score_direction, crownslayer_pool, is_active, min_players, max_players, allow_challenges, created_at) VALUES (?, ?, ?, ?, ?, ?, ?, ?, ?, CURRENT_TIMESTAMP) RETURNING id, created_at
2025-06-26 22:14:05,058 - sqlalchemy.engine.Engine - INFO - [insertmanyvalues 4/7 (ordered; batch not supported)] ('Diep (1v1)', 7, '1v1', None, 300, 1, 2, 2, 1)
2025-06-26 22:14:05,059 - sqlalchemy.engine.Engine - INFO - INSERT INTO events (name, cluster_id, scoring_type, score_direction, crownslayer_pool, is_active, min_players, max_players, allow_challenges, created_at) VALUES (?, ?, ?, ?, ?, ?, ?, ?, ?, CURRENT_TIMESTAMP) RETURNING id, created_at
2025-06-26 22:14:05,059 - sqlalchemy.engine.Engine - INFO - [insertmanyvalues 5/7 (ordered; batch not supported)] ('Diep (Team)', 7, 'Team', None, 300, 1, 4, 10, 1)
2025-06-26 22:14:05,060 - sqlalchemy.engine.Engine - INFO - INSERT INTO events (name, cluster_id, scoring_type, score_direction, crownslayer_pool, is_active, min_players, max_players, allow_challenges, created_at) VALUES (?, ?, ?, ?, ?, ?, ?, ?, ?, CURRENT_TIMESTAMP) RETURNING id, created_at
2025-06-26 22:14:05,060 - sqlalchemy.engine.Engine - INFO - [insertmanyvalues 6/7 (ordered; batch not supported)] ('Diep (FFA)', 7, 'FFA', None, 300, 1, 3, 16, 1)
2025-06-26 22:14:05,061 - sqlalchemy.engine.Engine - INFO - INSERT INTO events (name, cluster_id, scoring_type, score_direction, crownslayer_pool, is_active, min_players, max_players, allow_challenges, created_at) VALUES (?, ?, ?, ?, ?, ?, ?, ?, ?, CURRENT_TIMESTAMP) RETURNING id, created_at
2025-06-26 22:14:05,061 - sqlalchemy.engine.Engine - INFO - [insertmanyvalues 7/7 (ordered; batch not supported)] ('Paper', 7, 'FFA', None, 300, 1, 3, 16, 1)
2025-06-26 22:14:05,062 - __main__ - INFO - Created cluster 8: Rhythm
2025-06-26 22:14:05,063 - sqlalchemy.engine.Engine - INFO - INSERT INTO clusters (name, number, is_active, created_at) VALUES (?, ?, ?, CURRENT_TIMESTAMP) RETURNING id, created_at
2025-06-26 22:14:05,063 - sqlalchemy.engine.Engine - INFO - [cached since 0.05255s ago] ('Fighting', 9, 1)
2025-06-26 22:14:05,064 - sqlalchemy.engine.Engine - INFO - INSERT INTO events (name, cluster_id, scoring_type, score_direction, crownslayer_pool, is_active, min_players, max_players, allow_challenges, created_at) VALUES (?, ?, ?, ?, ?, ?, ?, ?, ?, CURRENT_TIMESTAMP) RETURNING id, created_at
2025-06-26 22:14:05,064 - sqlalchemy.engine.Engine - INFO - [cached since 0.04763s ago (insertmanyvalues) 1/3 (ordered; batch not supported)] ('Osu std (1v1)', 8, '1v1', None, 300, 1, 2, 2, 1)
2025-06-26 22:14:05,065 - sqlalchemy.engine.Engine - INFO - INSERT INTO events (name, cluster_id, scoring_type, score_direction, crownslayer_pool, is_active, min_players, max_players, allow_challenges, created_at) VALUES (?, ?, ?, ?, ?, ?, ?, ?, ?, CURRENT_TIMESTAMP) RETURNING id, created_at
2025-06-26 22:14:05,065 - sqlalchemy.engine.Engine - INFO - [insertmanyvalues 2/3 (ordered; batch not supported)] ('Osu std (FFA)', 8, 'FFA', None, 300, 1, 3, 16, 1)
2025-06-26 22:14:05,066 - sqlalchemy.engine.Engine - INFO - INSERT INTO events (name, cluster_id, scoring_type, score_direction, crownslayer_pool, is_active, min_players, max_players, allow_challenges, created_at) VALUES (?, ?, ?, ?, ?, ?, ?, ?, ?, CURRENT_TIMESTAMP) RETURNING id, created_at
2025-06-26 22:14:05,066 - sqlalchemy.engine.Engine - INFO - [insertmanyvalues 3/3 (ordered; batch not supported)] ('Quaver', 8, '1v1', None, 300, 1, 2, 2, 1)
2025-06-26 22:14:05,067 - __main__ - INFO - Created cluster 9: Fighting
2025-06-26 22:14:05,068 - sqlalchemy.engine.Engine - INFO - INSERT INTO clusters (name, number, is_active, created_at) VALUES (?, ?, ?, CURRENT_TIMESTAMP) RETURNING id, created_at
2025-06-26 22:14:05,068 - sqlalchemy.engine.Engine - INFO - [cached since 0.05758s ago] ('Minecraft', 10, 1)
2025-06-26 22:14:05,070 - sqlalchemy.engine.Engine - INFO - INSERT INTO events (name, cluster_id, scoring_type, score_direction, crownslayer_pool, is_active, min_players, max_players, allow_challenges, created_at) VALUES (?, ?, ?, ?, ?, ?, ?, ?, ?, CURRENT_TIMESTAMP) RETURNING id, created_at
2025-06-26 22:14:05,070 - sqlalchemy.engine.Engine - INFO - [cached since 0.05328s ago (insertmanyvalues) 1/4 (ordered; batch not supported)] ('Brawhalla (1v1)', 9, '1v1', None, 300, 1, 2, 2, 1)
2025-06-26 22:14:05,071 - sqlalchemy.engine.Engine - INFO - INSERT INTO events (name, cluster_id, scoring_type, score_direction, crownslayer_pool, is_active, min_players, max_players, allow_challenges, created_at) VALUES (?, ?, ?, ?, ?, ?, ?, ?, ?, CURRENT_TIMESTAMP) RETURNING id, created_at
2025-06-26 22:14:05,071 - sqlalchemy.engine.Engine - INFO - [insertmanyvalues 2/4 (ordered; batch not supported)] ('Brawhalla (Team)', 9, 'Team', None, 300, 1, 4, 10, 1)
2025-06-26 22:14:05,072 - sqlalchemy.engine.Engine - INFO - INSERT INTO events (name, cluster_id, scoring_type, score_direction, crownslayer_pool, is_active, min_players, max_players, allow_challenges, created_at) VALUES (?, ?, ?, ?, ?, ?, ?, ?, ?, CURRENT_TIMESTAMP) RETURNING id, created_at
2025-06-26 22:14:05,072 - sqlalchemy.engine.Engine - INFO - [insertmanyvalues 3/4 (ordered; batch not supported)] ('Tough Love Arena', 9, '1v1', None, 300, 1, 2, 2, 1)
2025-06-26 22:14:05,073 - sqlalchemy.engine.Engine - INFO - INSERT INTO events (name, cluster_id, scoring_type, score_direction, crownslayer_pool, is_active, min_players, max_players, allow_challenges, created_at) VALUES (?, ?, ?, ?, ?, ?, ?, ?, ?, CURRENT_TIMESTAMP) RETURNING id, created_at
2025-06-26 22:14:05,073 - sqlalchemy.engine.Engine - INFO - [insertmanyvalues 4/4 (ordered; batch not supported)] ('Super Smash Flash 2', 9, '1v1', None, 300, 1, 2, 2, 1)
2025-06-26 22:14:05,074 - __main__ - INFO - Created cluster 10: Minecraft
2025-06-26 22:14:05,075 - sqlalchemy.engine.Engine - INFO - INSERT INTO clusters (name, number, is_active, created_at) VALUES (?, ?, ?, CURRENT_TIMESTAMP) RETURNING id, created_at
2025-06-26 22:14:05,075 - sqlalchemy.engine.Engine - INFO - [cached since 0.06486s ago] ('Running', 11, 1)
2025-06-26 22:14:05,077 - sqlalchemy.engine.Engine - INFO - INSERT INTO events (name, cluster_id, scoring_type, score_direction, crownslayer_pool, is_active, min_players, max_players, allow_challenges, created_at) VALUES (?, ?, ?, ?, ?, ?, ?, ?, ?, CURRENT_TIMESTAMP) RETURNING id, created_at
2025-06-26 22:14:05,077 - sqlalchemy.engine.Engine - INFO - [cached since 0.0601s ago (insertmanyvalues) 1/7 (ordered; batch not supported)] ('Blitz Duels', 10, '1v1', None, 300, 1, 2, 2, 1)
2025-06-26 22:14:05,078 - sqlalchemy.engine.Engine - INFO - INSERT INTO events (name, cluster_id, scoring_type, score_direction, crownslayer_pool, is_active, min_players, max_players, allow_challenges, created_at) VALUES (?, ?, ?, ?, ?, ?, ?, ?, ?, CURRENT_TIMESTAMP) RETURNING id, created_at
2025-06-26 22:14:05,078 - sqlalchemy.engine.Engine - INFO - [insertmanyvalues 2/7 (ordered; batch not supported)] ('Sumo Duels', 10, '1v1', None, 300, 1, 2, 2, 1)
2025-06-26 22:14:05,078 - sqlalchemy.engine.Engine - INFO - INSERT INTO events (name, cluster_id, scoring_type, score_direction, crownslayer_pool, is_active, min_players, max_players, allow_challenges, created_at) VALUES (?, ?, ?, ?, ?, ?, ?, ?, ?, CURRENT_TIMESTAMP) RETURNING id, created_at
2025-06-26 22:14:05,078 - sqlalchemy.engine.Engine - INFO - [insertmanyvalues 3/7 (ordered; batch not supported)] ('Classic Duels', 10, '1v1', None, 300, 1, 2, 2, 1)
2025-06-26 22:14:05,079 - sqlalchemy.engine.Engine - INFO - INSERT INTO events (name, cluster_id, scoring_type, score_direction, crownslayer_pool, is_active, min_players, max_players, allow_challenges, created_at) VALUES (?, ?, ?, ?, ?, ?, ?, ?, ?, CURRENT_TIMESTAMP) RETURNING id, created_at
2025-06-26 22:14:05,079 - sqlalchemy.engine.Engine - INFO - [insertmanyvalues 4/7 (ordered; batch not supported)] ('Bedwars', 10, 'FFA', None, 300, 1, 3, 16, 1)
2025-06-26 22:14:05,080 - sqlalchemy.engine.Engine - INFO - INSERT INTO events (name, cluster_id, scoring_type, score_direction, crownslayer_pool, is_active, min_players, max_players, allow_challenges, created_at) VALUES (?, ?, ?, ?, ?, ?, ?, ?, ?, CURRENT_TIMESTAMP) RETURNING id, created_at
2025-06-26 22:14:05,080 - sqlalchemy.engine.Engine - INFO - [insertmanyvalues 5/7 (ordered; batch not supported)] ('Skywars', 10, 'FFA', None, 300, 1, 3, 16, 1)
2025-06-26 22:14:05,081 - sqlalchemy.engine.Engine - INFO - INSERT INTO events (name, cluster_id, scoring_type, score_direction, crownslayer_pool, is_active, min_players, max_players, allow_challenges, created_at) VALUES (?, ?, ?, ?, ?, ?, ?, ?, ?, CURRENT_TIMESTAMP) RETURNING id, created_at
2025-06-26 22:14:05,081 - sqlalchemy.engine.Engine - INFO - [insertmanyvalues 6/7 (ordered; batch not supported)] ('Party Games', 10, 'FFA', None, 300, 1, 3, 16, 1)
2025-06-26 22:14:05,081 - sqlalchemy.engine.Engine - INFO - INSERT INTO events (name, cluster_id, scoring_type, score_direction, crownslayer_pool, is_active, min_players, max_players, allow_challenges, created_at) VALUES (?, ?, ?, ?, ?, ?, ?, ?, ?, CURRENT_TIMESTAMP) RETURNING id, created_at
2025-06-26 22:14:05,081 - sqlalchemy.engine.Engine - INFO - [insertmanyvalues 7/7 (ordered; batch not supported)] ('Parkour (Leaderboard)', 10, 'Leaderboard', 'HIGH', 300, 1, 3, 16, 1)
2025-06-26 22:14:05,083 - __main__ - INFO - Created cluster 11: Running
2025-06-26 22:14:05,083 - sqlalchemy.engine.Engine - INFO - INSERT INTO clusters (name, number, is_active, created_at) VALUES (?, ?, ?, CURRENT_TIMESTAMP) RETURNING id, created_at
2025-06-26 22:14:05,084 - sqlalchemy.engine.Engine - INFO - [cached since 0.07317s ago] ('Clash Royale', 12, 1)
2025-06-26 22:14:05,085 - sqlalchemy.engine.Engine - INFO - INSERT INTO events (name, cluster_id, scoring_type, score_direction, crownslayer_pool, is_active, min_players, max_players, allow_challenges, created_at) VALUES (?, ?, ?, ?, ?, ?, ?, ?, ?, CURRENT_TIMESTAMP) RETURNING id, created_at
2025-06-26 22:14:05,085 - sqlalchemy.engine.Engine - INFO - [cached since 0.06844s ago (insertmanyvalues) 1/3 (ordered; batch not supported)] ('40 yd dash (Leaderboard)', 11, 'Leaderboard', 'LOW', 300, 1, 3, 16, 1)
2025-06-26 22:14:05,086 - sqlalchemy.engine.Engine - INFO - INSERT INTO events (name, cluster_id, scoring_type, score_direction, crownslayer_pool, is_active, min_players, max_players, allow_challenges, created_at) VALUES (?, ?, ?, ?, ?, ?, ?, ?, ?, CURRENT_TIMESTAMP) RETURNING id, created_at
2025-06-26 22:14:05,086 - sqlalchemy.engine.Engine - INFO - [insertmanyvalues 2/3 (ordered; batch not supported)] ('1 mi run (Leaderboard)', 11, 'Leaderboard', 'LOW', 300, 1, 3, 16, 1)
2025-06-26 22:14:05,087 - sqlalchemy.engine.Engine - INFO - INSERT INTO events (name, cluster_id, scoring_type, score_direction, crownslayer_pool, is_active, min_players, max_players, allow_challenges, created_at) VALUES (?, ?, ?, ?, ?, ?, ?, ?, ?, CURRENT_TIMESTAMP) RETURNING id, created_at
2025-06-26 22:14:05,087 - sqlalchemy.engine.Engine - INFO - [insertmanyvalues 3/3 (ordered; batch not supported)] ('1x400 run (Leaderboard)', 11, 'Leaderboard', 'LOW', 300, 1, 3, 16, 1)
2025-06-26 22:14:05,089 - __main__ - INFO - Created cluster 12: Clash Royale
2025-06-26 22:14:05,089 - sqlalchemy.engine.Engine - INFO - INSERT INTO clusters (name, number, is_active, created_at) VALUES (?, ?, ?, CURRENT_TIMESTAMP) RETURNING id, created_at
2025-06-26 22:14:05,089 - sqlalchemy.engine.Engine - INFO - [cached since 0.07895s ago] ('Waiver Rat', 13, 1)
2025-06-26 22:14:05,091 - sqlalchemy.engine.Engine - INFO - INSERT INTO events (name, cluster_id, scoring_type, score_direction, crownslayer_pool, is_active, min_players, max_players, allow_challenges, created_at) VALUES (?, ?, ?, ?, ?, ?, ?, ?, ?, CURRENT_TIMESTAMP) RETURNING id, created_at
2025-06-26 22:14:05,091 - sqlalchemy.engine.Engine - INFO - [cached since 0.07416s ago (insertmanyvalues) 1/2 (ordered; batch not supported)] ('1v1', 12, '1v1', None, 300, 1, 2, 2, 1)
2025-06-26 22:14:05,092 - sqlalchemy.engine.Engine - INFO - INSERT INTO events (name, cluster_id, scoring_type, score_direction, crownslayer_pool, is_active, min_players, max_players, allow_challenges, created_at) VALUES (?, ?, ?, ?, ?, ?, ?, ?, ?, CURRENT_TIMESTAMP) RETURNING id, created_at
2025-06-26 22:14:05,092 - sqlalchemy.engine.Engine - INFO - [insertmanyvalues 2/2 (ordered; batch not supported)] ('2v2 (Team)', 12, 'Team', None, 300, 1, 4, 10, 1)
2025-06-26 22:14:05,093 - __main__ - INFO - Created cluster 13: Waiver Rat
2025-06-26 22:14:05,095 - sqlalchemy.engine.Engine - INFO - INSERT INTO clusters (name, number, is_active, created_at) VALUES (?, ?, ?, CURRENT_TIMESTAMP) RETURNING id, created_at
2025-06-26 22:14:05,095 - sqlalchemy.engine.Engine - INFO - [cached since 0.0843s ago] ('Trivia', 14, 1)
2025-06-26 22:14:05,097 - sqlalchemy.engine.Engine - INFO - INSERT INTO events (name, cluster_id, scoring_type, score_direction, crownslayer_pool, is_active, min_players, max_players, allow_challenges, created_at) VALUES (?, ?, ?, ?, ?, ?, ?, ?, ?, CURRENT_TIMESTAMP) RETURNING id, created_at
2025-06-26 22:14:05,097 - sqlalchemy.engine.Engine - INFO - [cached since 0.08006s ago (insertmanyvalues) 1/8 (ordered; batch not supported)] ('Rat.quiz (1v1)', 13, '1v1', None, 300, 1, 2, 2, 1)
2025-06-26 22:14:05,098 - sqlalchemy.engine.Engine - INFO - INSERT INTO events (name, cluster_id, scoring_type, score_direction, crownslayer_pool, is_active, min_players, max_players, allow_challenges, created_at) VALUES (?, ?, ?, ?, ?, ?, ?, ?, ?, CURRENT_TIMESTAMP) RETURNING id, created_at
2025-06-26 22:14:05,098 - sqlalchemy.engine.Engine - INFO - [insertmanyvalues 2/8 (ordered; batch not supported)] ('Rat.quiz (Team)', 13, 'Team', None, 300, 1, 4, 10, 1)
2025-06-26 22:14:05,099 - sqlalchemy.engine.Engine - INFO - INSERT INTO events (name, cluster_id, scoring_type, score_direction, crownslayer_pool, is_active, min_players, max_players, allow_challenges, created_at) VALUES (?, ?, ?, ?, ?, ?, ?, ?, ?, CURRENT_TIMESTAMP) RETURNING id, created_at
2025-06-26 22:14:05,099 - sqlalchemy.engine.Engine - INFO - [insertmanyvalues 3/8 (ordered; batch not supported)] ('Rat.face (1v1)', 13, '1v1', None, 300, 1, 2, 2, 1)
2025-06-26 22:14:05,100 - sqlalchemy.engine.Engine - INFO - INSERT INTO events (name, cluster_id, scoring_type, score_direction, crownslayer_pool, is_active, min_players, max_players, allow_challenges, created_at) VALUES (?, ?, ?, ?, ?, ?, ?, ?, ?, CURRENT_TIMESTAMP) RETURNING id, created_at
2025-06-26 22:14:05,100 - sqlalchemy.engine.Engine - INFO - [insertmanyvalues 4/8 (ordered; batch not supported)] ('Rat.face (Team)', 13, 'Team', None, 300, 1, 4, 10, 1)
2025-06-26 22:14:05,101 - sqlalchemy.engine.Engine - INFO - INSERT INTO events (name, cluster_id, scoring_type, score_direction, crownslayer_pool, is_active, min_players, max_players, allow_challenges, created_at) VALUES (?, ?, ?, ?, ?, ?, ?, ?, ?, CURRENT_TIMESTAMP) RETURNING id, created_at
2025-06-26 22:14:05,101 - sqlalchemy.engine.Engine - INFO - [insertmanyvalues 5/8 (ordered; batch not supported)] ('Rat.mash (1v1)', 13, '1v1', None, 300, 1, 2, 2, 1)
2025-06-26 22:14:05,102 - sqlalchemy.engine.Engine - INFO - INSERT INTO events (name, cluster_id, scoring_type, score_direction, crownslayer_pool, is_active, min_players, max_players, allow_challenges, created_at) VALUES (?, ?, ?, ?, ?, ?, ?, ?, ?, CURRENT_TIMESTAMP) RETURNING id, created_at
2025-06-26 22:14:05,102 - sqlalchemy.engine.Engine - INFO - [insertmanyvalues 6/8 (ordered; batch not supported)] ('Rat.mash (Team)', 13, 'Team', None, 300, 1, 4, 10, 1)
2025-06-26 22:14:05,104 - sqlalchemy.engine.Engine - INFO - INSERT INTO events (name, cluster_id, scoring_type, score_direction, crownslayer_pool, is_active, min_players, max_players, allow_challenges, created_at) VALUES (?, ?, ?, ?, ?, ?, ?, ?, ?, CURRENT_TIMESTAMP) RETURNING id, created_at
2025-06-26 22:14:05,104 - sqlalchemy.engine.Engine - INFO - [insertmanyvalues 7/8 (ordered; batch not supported)] ('Rat.hoop (1v1)', 13, '1v1', None, 300, 1, 2, 2, 1)
2025-06-26 22:14:05,105 - sqlalchemy.engine.Engine - INFO - INSERT INTO events (name, cluster_id, scoring_type, score_direction, crownslayer_pool, is_active, min_players, max_players, allow_challenges, created_at) VALUES (?, ?, ?, ?, ?, ?, ?, ?, ?, CURRENT_TIMESTAMP) RETURNING id, created_at
2025-06-26 22:14:05,105 - sqlalchemy.engine.Engine - INFO - [insertmanyvalues 8/8 (ordered; batch not supported)] ('Rat.hoop (Team)', 13, 'Team', None, 300, 1, 4, 10, 1)
2025-06-26 22:14:05,106 - __main__ - INFO - Created cluster 14: Trivia
2025-06-26 22:14:05,107 - sqlalchemy.engine.Engine - INFO - INSERT INTO clusters (name, number, is_active, created_at) VALUES (?, ?, ?, CURRENT_TIMESTAMP) RETURNING id, created_at
2025-06-26 22:14:05,107 - sqlalchemy.engine.Engine - INFO - [cached since 0.09684s ago] ('Gambling', 15, 1)
2025-06-26 22:14:05,109 - sqlalchemy.engine.Engine - INFO - INSERT INTO events (name, cluster_id, scoring_type, score_direction, crownslayer_pool, is_active, min_players, max_players, allow_challenges, created_at) VALUES (?, ?, ?, ?, ?, ?, ?, ?, ?, CURRENT_TIMESTAMP) RETURNING id, created_at
2025-06-26 22:14:05,109 - sqlalchemy.engine.Engine - INFO - [cached since 0.09226s ago (insertmanyvalues) 1/6 (ordered; batch not supported)] ('Seterra (Leaderboard)', 14, 'Leaderboard', 'HIGH', 300, 1, 3, 16, 1)
2025-06-26 22:14:05,110 - sqlalchemy.engine.Engine - INFO - INSERT INTO events (name, cluster_id, scoring_type, score_direction, crownslayer_pool, is_active, min_players, max_players, allow_challenges, created_at) VALUES (?, ?, ?, ?, ?, ?, ?, ?, ?, CURRENT_TIMESTAMP) RETURNING id, created_at
2025-06-26 22:14:05,110 - sqlalchemy.engine.Engine - INFO - [insertmanyvalues 2/6 (ordered; batch not supported)] ('Geoguessr (1v1)', 14, '1v1', None, 300, 1, 2, 2, 1)
2025-06-26 22:14:05,111 - sqlalchemy.engine.Engine - INFO - INSERT INTO events (name, cluster_id, scoring_type, score_direction, crownslayer_pool, is_active, min_players, max_players, allow_challenges, created_at) VALUES (?, ?, ?, ?, ?, ?, ?, ?, ?, CURRENT_TIMESTAMP) RETURNING id, created_at
2025-06-26 22:14:05,111 - sqlalchemy.engine.Engine - INFO - [insertmanyvalues 3/6 (ordered; batch not supported)] ('Geoguessr (FFA)', 14, 'FFA', None, 300, 1, 3, 16, 1)
2025-06-26 22:14:05,112 - sqlalchemy.engine.Engine - INFO - INSERT INTO events (name, cluster_id, scoring_type, score_direction, crownslayer_pool, is_active, min_players, max_players, allow_challenges, created_at) VALUES (?, ?, ?, ?, ?, ?, ?, ?, ?, CURRENT_TIMESTAMP) RETURNING id, created_at
2025-06-26 22:14:05,112 - sqlalchemy.engine.Engine - INFO - [insertmanyvalues 4/6 (ordered; batch not supported)] ('Sporcle (Leaderboard)', 14, 'Leaderboard', 'HIGH', 300, 1, 3, 16, 1)
2025-06-26 22:14:05,113 - sqlalchemy.engine.Engine - INFO - INSERT INTO events (name, cluster_id, scoring_type, score_direction, crownslayer_pool, is_active, min_players, max_players, allow_challenges, created_at) VALUES (?, ?, ?, ?, ?, ?, ?, ?, ?, CURRENT_TIMESTAMP) RETURNING id, created_at
2025-06-26 22:14:05,113 - sqlalchemy.engine.Engine - INFO - [insertmanyvalues 5/6 (ordered; batch not supported)] ('Movie to Movie (Leaderboard)', 14, 'Leaderboard', 'HIGH', 300, 1, 3, 16, 1)
2025-06-26 22:14:05,113 - sqlalchemy.engine.Engine - INFO - INSERT INTO events (name, cluster_id, scoring_type, score_direction, crownslayer_pool, is_active, min_players, max_players, allow_challenges, created_at) VALUES (?, ?, ?, ?, ?, ?, ?, ?, ?, CURRENT_TIMESTAMP) RETURNING id, created_at
2025-06-26 22:14:05,114 - sqlalchemy.engine.Engine - INFO - [insertmanyvalues 6/6 (ordered; batch not supported)] ('Puckdoku (Leaderboard)', 14, 'Leaderboard', 'HIGH', 300, 1, 3, 16, 1)
2025-06-26 22:14:05,115 - __main__ - INFO - Created cluster 15: Gambling
2025-06-26 22:14:05,116 - sqlalchemy.engine.Engine - INFO - INSERT INTO clusters (name, number, is_active, created_at) VALUES (?, ?, ?, CURRENT_TIMESTAMP) RETURNING id, created_at
2025-06-26 22:14:05,116 - sqlalchemy.engine.Engine - INFO - [cached since 0.1054s ago] ('NYT Puzzles', 16, 1)
2025-06-26 22:14:05,118 - sqlalchemy.engine.Engine - INFO - INSERT INTO events (name, cluster_id, scoring_type, score_direction, crownslayer_pool, is_active, min_players, max_players, allow_challenges, created_at) VALUES (?, ?, ?, ?, ?, ?, ?, ?, ?, CURRENT_TIMESTAMP) RETURNING id, created_at
2025-06-26 22:14:05,118 - sqlalchemy.engine.Engine - INFO - [cached since 0.1013s ago (insertmanyvalues) 1/3 (ordered; batch not supported)] ('Texas Holdem', 15, 'FFA', None, 300, 1, 3, 16, 1)
2025-06-26 22:14:05,119 - sqlalchemy.engine.Engine - INFO - INSERT INTO events (name, cluster_id, scoring_type, score_direction, crownslayer_pool, is_active, min_players, max_players, allow_challenges, created_at) VALUES (?, ?, ?, ?, ?, ?, ?, ?, ?, CURRENT_TIMESTAMP) RETURNING id, created_at
2025-06-26 22:14:05,119 - sqlalchemy.engine.Engine - INFO - [insertmanyvalues 2/3 (ordered; batch not supported)] ('Sticky Apple', 15, 'FFA', None, 300, 1, 3, 16, 1)
2025-06-26 22:14:05,120 - sqlalchemy.engine.Engine - INFO - INSERT INTO events (name, cluster_id, scoring_type, score_direction, crownslayer_pool, is_active, min_players, max_players, allow_challenges, created_at) VALUES (?, ?, ?, ?, ?, ?, ?, ?, ?, CURRENT_TIMESTAMP) RETURNING id, created_at
2025-06-26 22:14:05,120 - sqlalchemy.engine.Engine - INFO - [insertmanyvalues 3/3 (ordered; batch not supported)] ('Craps (Leaderboard)', 15, 'Leaderboard', 'HIGH', 300, 1, 3, 16, 1)
2025-06-26 22:14:05,121 - __main__ - INFO - Created cluster 16: NYT Puzzles
2025-06-26 22:14:05,122 - sqlalchemy.engine.Engine - INFO - INSERT INTO clusters (name, number, is_active, created_at) VALUES (?, ?, ?, CURRENT_TIMESTAMP) RETURNING id, created_at
2025-06-26 22:14:05,122 - sqlalchemy.engine.Engine - INFO - [cached since 0.1118s ago] ('Elementary Classics', 17, 1)
2025-06-26 22:14:05,124 - sqlalchemy.engine.Engine - INFO - INSERT INTO events (name, cluster_id, scoring_type, score_direction, crownslayer_pool, is_active, min_players, max_players, allow_challenges, created_at) VALUES (?, ?, ?, ?, ?, ?, ?, ?, ?, CURRENT_TIMESTAMP) RETURNING id, created_at
2025-06-26 22:14:05,124 - sqlalchemy.engine.Engine - INFO - [cached since 0.1073s ago (insertmanyvalues) 1/5 (ordered; batch not supported)] ('Wordle (Leaderboard)', 16, 'Leaderboard', 'LOW', 300, 1, 3, 16, 1)
2025-06-26 22:14:05,125 - sqlalchemy.engine.Engine - INFO - INSERT INTO events (name, cluster_id, scoring_type, score_direction, crownslayer_pool, is_active, min_players, max_players, allow_challenges, created_at) VALUES (?, ?, ?, ?, ?, ?, ?, ?, ?, CURRENT_TIMESTAMP) RETURNING id, created_at
2025-06-26 22:14:05,125 - sqlalchemy.engine.Engine - INFO - [insertmanyvalues 2/5 (ordered; batch not supported)] ('Connections (Leaderboard)', 16, 'Leaderboard', 'LOW', 300, 1, 3, 16, 1)
2025-06-26 22:14:05,126 - sqlalchemy.engine.Engine - INFO - INSERT INTO events (name, cluster_id, scoring_type, score_direction, crownslayer_pool, is_active, min_players, max_players, allow_challenges, created_at) VALUES (?, ?, ?, ?, ?, ?, ?, ?, ?, CURRENT_TIMESTAMP) RETURNING id, created_at
2025-06-26 22:14:05,126 - sqlalchemy.engine.Engine - INFO - [insertmanyvalues 3/5 (ordered; batch not supported)] ('Strands (Leaderboard)', 16, 'Leaderboard', 'LOW', 300, 1, 3, 16, 1)
2025-06-26 22:14:05,127 - sqlalchemy.engine.Engine - INFO - INSERT INTO events (name, cluster_id, scoring_type, score_direction, crownslayer_pool, is_active, min_players, max_players, allow_challenges, created_at) VALUES (?, ?, ?, ?, ?, ?, ?, ?, ?, CURRENT_TIMESTAMP) RETURNING id, created_at
2025-06-26 22:14:05,127 - sqlalchemy.engine.Engine - INFO - [insertmanyvalues 4/5 (ordered; batch not supported)] ('Crossword (Leaderboard)', 16, 'Leaderboard', 'LOW', 300, 1, 3, 16, 1)
2025-06-26 22:14:05,127 - sqlalchemy.engine.Engine - INFO - INSERT INTO events (name, cluster_id, scoring_type, score_direction, crownslayer_pool, is_active, min_players, max_players, allow_challenges, created_at) VALUES (?, ?, ?, ?, ?, ?, ?, ?, ?, CURRENT_TIMESTAMP) RETURNING id, created_at
2025-06-26 22:14:05,128 - sqlalchemy.engine.Engine - INFO - [insertmanyvalues 5/5 (ordered; batch not supported)] ('Spelling Bee (Leaderboard)', 16, 'Leaderboard', 'LOW', 300, 1, 3, 16, 1)
2025-06-26 22:14:05,129 - __main__ - INFO - Created cluster 17: Elementary Classics
2025-06-26 22:14:05,129 - sqlalchemy.engine.Engine - INFO - INSERT INTO clusters (name, number, is_active, created_at) VALUES (?, ?, ?, CURRENT_TIMESTAMP) RETURNING id, created_at
2025-06-26 22:14:05,130 - sqlalchemy.engine.Engine - INFO - [cached since 0.1191s ago] ('Party Games', 18, 1)
2025-06-26 22:14:05,131 - sqlalchemy.engine.Engine - INFO - INSERT INTO events (name, cluster_id, scoring_type, score_direction, crownslayer_pool, is_active, min_players, max_players, allow_challenges, created_at) VALUES (?, ?, ?, ?, ?, ?, ?, ?, ?, CURRENT_TIMESTAMP) RETURNING id, created_at
2025-06-26 22:14:05,131 - sqlalchemy.engine.Engine - INFO - [cached since 0.1144s ago (insertmanyvalues) 1/5 (ordered; batch not supported)] ('[2048] (Leaderboard)', 17, 'Leaderboard', 'HIGH', 300, 1, 3, 16, 1)
2025-06-26 22:14:05,132 - sqlalchemy.engine.Engine - INFO - INSERT INTO events (name, cluster_id, scoring_type, score_direction, crownslayer_pool, is_active, min_players, max_players, allow_challenges, created_at) VALUES (?, ?, ?, ?, ?, ?, ?, ?, ?, CURRENT_TIMESTAMP) RETURNING id, created_at
2025-06-26 22:14:05,132 - sqlalchemy.engine.Engine - INFO - [insertmanyvalues 2/5 (ordered; batch not supported)] ('NitroType (1v1)', 17, '1v1', None, 300, 1, 2, 2, 1)
2025-06-26 22:14:05,133 - sqlalchemy.engine.Engine - INFO - INSERT INTO events (name, cluster_id, scoring_type, score_direction, crownslayer_pool, is_active, min_players, max_players, allow_challenges, created_at) VALUES (?, ?, ?, ?, ?, ?, ?, ?, ?, CURRENT_TIMESTAMP) RETURNING id, created_at
2025-06-26 22:14:05,133 - sqlalchemy.engine.Engine - INFO - [insertmanyvalues 3/5 (ordered; batch not supported)] ('NitroType (FFA)', 17, 'FFA', None, 300, 1, 3, 16, 1)
2025-06-26 22:14:05,134 - sqlalchemy.engine.Engine - INFO - INSERT INTO events (name, cluster_id, scoring_type, score_direction, crownslayer_pool, is_active, min_players, max_players, allow_challenges, created_at) VALUES (?, ?, ?, ?, ?, ?, ?, ?, ?, CURRENT_TIMESTAMP) RETURNING id, created_at
2025-06-26 22:14:05,134 - sqlalchemy.engine.Engine - INFO - [insertmanyvalues 4/5 (ordered; batch not supported)] ('Fireboy and Watergirl', 17, '1v1', None, 300, 1, 2, 2, 1)
2025-06-26 22:14:05,135 - sqlalchemy.engine.Engine - INFO - INSERT INTO events (name, cluster_id, scoring_type, score_direction, crownslayer_pool, is_active, min_players, max_players, allow_challenges, created_at) VALUES (?, ?, ?, ?, ?, ?, ?, ?, ?, CURRENT_TIMESTAMP) RETURNING id, created_at
2025-06-26 22:14:05,135 - sqlalchemy.engine.Engine - INFO - [insertmanyvalues 5/5 (ordered; batch not supported)] ('Winnie the Pooh Home Run Derby (Leaderboard)', 17, 'Leaderboard', 'LOW', 300, 1, 3, 16, 1)
2025-06-26 22:14:05,137 - __main__ - INFO - Created cluster 18: Party Games
2025-06-26 22:14:05,137 - sqlalchemy.engine.Engine - INFO - INSERT INTO clusters (name, number, is_active, created_at) VALUES (?, ?, ?, CURRENT_TIMESTAMP) RETURNING id, created_at
2025-06-26 22:14:05,138 - sqlalchemy.engine.Engine - INFO - [cached since 0.1271s ago] ('Other', 19, 1)
2025-06-26 22:14:05,139 - sqlalchemy.engine.Engine - INFO - INSERT INTO events (name, cluster_id, scoring_type, score_direction, crownslayer_pool, is_active, min_players, max_players, allow_challenges, created_at) VALUES (?, ?, ?, ?, ?, ?, ?, ?, ?, CURRENT_TIMESTAMP) RETURNING id, created_at
2025-06-26 22:14:05,139 - sqlalchemy.engine.Engine - INFO - [cached since 0.1221s ago (insertmanyvalues) 1/4 (ordered; batch not supported)] ('Overcooked 2 (Team)', 18, 'Team', None, 300, 1, 4, 10, 1)
2025-06-26 22:14:05,139 - sqlalchemy.engine.Engine - INFO - INSERT INTO events (name, cluster_id, scoring_type, score_direction, crownslayer_pool, is_active, min_players, max_players, allow_challenges, created_at) VALUES (?, ?, ?, ?, ?, ?, ?, ?, ?, CURRENT_TIMESTAMP) RETURNING id, created_at
2025-06-26 22:14:05,140 - sqlalchemy.engine.Engine - INFO - [insertmanyvalues 2/4 (ordered; batch not supported)] ('Stumble Guys', 18, 'FFA', None, 300, 1, 3, 16, 1)
2025-06-26 22:14:05,140 - sqlalchemy.engine.Engine - INFO - INSERT INTO events (name, cluster_id, scoring_type, score_direction, crownslayer_pool, is_active, min_players, max_players, allow_challenges, created_at) VALUES (?, ?, ?, ?, ?, ?, ?, ?, ?, CURRENT_TIMESTAMP) RETURNING id, created_at
2025-06-26 22:14:05,140 - sqlalchemy.engine.Engine - INFO - [insertmanyvalues 3/4 (ordered; batch not supported)] ('Uno', 18, 'FFA', None, 300, 1, 3, 16, 1)
2025-06-26 22:14:05,141 - sqlalchemy.engine.Engine - INFO - INSERT INTO events (name, cluster_id, scoring_type, score_direction, crownslayer_pool, is_active, min_players, max_players, allow_challenges, created_at) VALUES (?, ?, ?, ?, ?, ?, ?, ?, ?, CURRENT_TIMESTAMP) RETURNING id, created_at
2025-06-26 22:14:05,141 - sqlalchemy.engine.Engine - INFO - [insertmanyvalues 4/4 (ordered; batch not supported)] ('Outlaster', 18, 'FFA', None, 300, 1, 3, 16, 1)
2025-06-26 22:14:05,142 - __main__ - INFO - Created cluster 19: Other
2025-06-26 22:14:05,143 - sqlalchemy.engine.Engine - INFO - INSERT INTO clusters (name, number, is_active, created_at) VALUES (?, ?, ?, CURRENT_TIMESTAMP) RETURNING id, created_at
2025-06-26 22:14:05,143 - sqlalchemy.engine.Engine - INFO - [cached since 0.1326s ago] ('Meme', 20, 1)
2025-06-26 22:14:05,145 - sqlalchemy.engine.Engine - INFO - INSERT INTO events (name, cluster_id, scoring_type, score_direction, crownslayer_pool, is_active, min_players, max_players, allow_challenges, created_at) VALUES (?, ?, ?, ?, ?, ?, ?, ?, ?, CURRENT_TIMESTAMP) RETURNING id, created_at
2025-06-26 22:14:05,145 - sqlalchemy.engine.Engine - INFO - [cached since 0.1283s ago (insertmanyvalues) 1/4 (ordered; batch not supported)] ('Geometry Dash', 19, '1v1', None, 300, 1, 2, 2, 1)
2025-06-26 22:14:05,146 - sqlalchemy.engine.Engine - INFO - INSERT INTO events (name, cluster_id, scoring_type, score_direction, crownslayer_pool, is_active, min_players, max_players, allow_challenges, created_at) VALUES (?, ?, ?, ?, ?, ?, ?, ?, ?, CURRENT_TIMESTAMP) RETURNING id, created_at
2025-06-26 22:14:05,146 - sqlalchemy.engine.Engine - INFO - [insertmanyvalues 2/4 (ordered; batch not supported)] ('League of Legends (1v1)', 19, '1v1', None, 300, 1, 2, 2, 1)
2025-06-26 22:14:05,147 - sqlalchemy.engine.Engine - INFO - INSERT INTO events (name, cluster_id, scoring_type, score_direction, crownslayer_pool, is_active, min_players, max_players, allow_challenges, created_at) VALUES (?, ?, ?, ?, ?, ?, ?, ?, ?, CURRENT_TIMESTAMP) RETURNING id, created_at
2025-06-26 22:14:05,147 - sqlalchemy.engine.Engine - INFO - [insertmanyvalues 3/4 (ordered; batch not supported)] ('League of Legends (Team)', 19, 'Team', None, 300, 1, 4, 10, 1)
2025-06-26 22:14:05,148 - sqlalchemy.engine.Engine - INFO - INSERT INTO events (name, cluster_id, scoring_type, score_direction, crownslayer_pool, is_active, min_players, max_players, allow_challenges, created_at) VALUES (?, ?, ?, ?, ?, ?, ?, ?, ?, CURRENT_TIMESTAMP) RETURNING id, created_at
2025-06-26 22:14:05,148 - sqlalchemy.engine.Engine - INFO - [insertmanyvalues 4/4 (ordered; batch not supported)] ('Roark AOT Game (Team)', 19, 'Team', None, 300, 1, 4, 10, 1)
2025-06-26 22:14:05,149 - __main__ - INFO - Created cluster 20: Meme
2025-06-26 22:14:05,150 - sqlalchemy.engine.Engine - INFO - INSERT INTO events (name, cluster_id, scoring_type, score_direction, crownslayer_pool, is_active, min_players, max_players, allow_challenges, created_at) VALUES (?, ?, ?, ?, ?, ?, ?, ?, ?, CURRENT_TIMESTAMP) RETURNING id, created_at
2025-06-26 22:14:05,150 - sqlalchemy.engine.Engine - INFO - [cached since 0.1332s ago (insertmanyvalues) 1/2 (ordered; batch not supported)] ('AMOGUS (Team)', 20, 'Team', None, 300, 1, 4, 10, 1)
2025-06-26 22:14:05,151 - sqlalchemy.engine.Engine - INFO - INSERT INTO events (name, cluster_id, scoring_type, score_direction, crownslayer_pool, is_active, min_players, max_players, allow_challenges, created_at) VALUES (?, ?, ?, ?, ?, ?, ?, ?, ?, CURRENT_TIMESTAMP) RETURNING id, created_at
2025-06-26 22:14:05,151 - sqlalchemy.engine.Engine - INFO - [insertmanyvalues 2/2 (ordered; batch not supported)] ('Flip a coin ', 20, '1v1', None, 300, 1, 2, 2, 1)
2025-06-26 22:14:05,152 - sqlalchemy.engine.Engine - INFO - COMMIT
2025-06-26 22:14:05,172 - bot.database.database - INFO - Database connection closed
2025-06-26 22:14:05,172 - __main__ - INFO - CSV population completed: 20 clusters, 86 events created, 0 events skipped
