2025-06-28 14:47:14,330 - __main__ - INFO - Starting CSV population script...
2025-06-28 14:47:14,330 - bot.database.database - INFO - Initializing database...
2025-06-28 14:47:14,341 - sqlalchemy.engine.Engine - INFO - BEGIN (implicit)
2025-06-28 14:47:14,341 - sqlalchemy.engine.Engine - INFO - PRAGMA main.table_info("clusters")
2025-06-28 14:47:14,341 - sqlalchemy.engine.Engine - INFO - [raw sql] ()
2025-06-28 14:47:14,343 - sqlalchemy.engine.Engine - INFO - PRAGMA main.table_info("events")
2025-06-28 14:47:14,343 - sqlalchemy.engine.Engine - INFO - [raw sql] ()
2025-06-28 14:47:14,344 - sqlalchemy.engine.Engine - INFO - PRAGMA main.table_info("players")
2025-06-28 14:47:14,344 - sqlalchemy.engine.Engine - INFO - [raw sql] ()
2025-06-28 14:47:14,344 - sqlalchemy.engine.Engine - INFO - PRAGMA main.table_info("games")
2025-06-28 14:47:14,345 - sqlalchemy.engine.Engine - INFO - [raw sql] ()
2025-06-28 14:47:14,345 - sqlalchemy.engine.Engine - INFO - PRAGMA main.table_info("challenges")
2025-06-28 14:47:14,345 - sqlalchemy.engine.Engine - INFO - [raw sql] ()
2025-06-28 14:47:14,346 - sqlalchemy.engine.Engine - INFO - PRAGMA main.table_info("tournaments")
2025-06-28 14:47:14,346 - sqlalchemy.engine.Engine - INFO - [raw sql] ()
2025-06-28 14:47:14,347 - sqlalchemy.engine.Engine - INFO - PRAGMA main.table_info("elo_history")
2025-06-28 14:47:14,347 - sqlalchemy.engine.Engine - INFO - [raw sql] ()
2025-06-28 14:47:14,347 - sqlalchemy.engine.Engine - INFO - PRAGMA main.table_info("tickets")
2025-06-28 14:47:14,348 - sqlalchemy.engine.Engine - INFO - [raw sql] ()
2025-06-28 14:47:14,348 - sqlalchemy.engine.Engine - INFO - PRAGMA main.table_info("matches")
2025-06-28 14:47:14,348 - sqlalchemy.engine.Engine - INFO - [raw sql] ()
2025-06-28 14:47:14,349 - sqlalchemy.engine.Engine - INFO - PRAGMA main.table_info("match_participants")
2025-06-28 14:47:14,349 - sqlalchemy.engine.Engine - INFO - [raw sql] ()
2025-06-28 14:47:14,350 - sqlalchemy.engine.Engine - INFO - PRAGMA main.table_info("challenge_participants")
2025-06-28 14:47:14,350 - sqlalchemy.engine.Engine - INFO - [raw sql] ()
2025-06-28 14:47:14,351 - sqlalchemy.engine.Engine - INFO - PRAGMA main.table_info("match_result_proposals")
2025-06-28 14:47:14,351 - sqlalchemy.engine.Engine - INFO - [raw sql] ()
2025-06-28 14:47:14,351 - sqlalchemy.engine.Engine - INFO - PRAGMA main.table_info("match_confirmations")
2025-06-28 14:47:14,352 - sqlalchemy.engine.Engine - INFO - [raw sql] ()
2025-06-28 14:47:14,352 - sqlalchemy.engine.Engine - INFO - PRAGMA main.table_info("player_event_stats")
2025-06-28 14:47:14,352 - sqlalchemy.engine.Engine - INFO - [raw sql] ()
2025-06-28 14:47:14,353 - sqlalchemy.engine.Engine - INFO - PRAGMA main.table_info("player_event_personal_bests")
2025-06-28 14:47:14,353 - sqlalchemy.engine.Engine - INFO - [raw sql] ()
2025-06-28 14:47:14,354 - sqlalchemy.engine.Engine - INFO - PRAGMA main.table_info("weekly_scores")
2025-06-28 14:47:14,354 - sqlalchemy.engine.Engine - INFO - [raw sql] ()
2025-06-28 14:47:14,355 - sqlalchemy.engine.Engine - INFO - PRAGMA main.table_info("player_weekly_leaderboard_elo")
2025-06-28 14:47:14,355 - sqlalchemy.engine.Engine - INFO - [raw sql] ()
2025-06-28 14:47:14,355 - sqlalchemy.engine.Engine - INFO - PRAGMA main.table_info("ticket_ledger")
2025-06-28 14:47:14,355 - sqlalchemy.engine.Engine - INFO - [raw sql] ()
2025-06-28 14:47:14,356 - sqlalchemy.engine.Engine - INFO - COMMIT
2025-06-28 14:47:14,357 - bot.database.database - INFO - Database initialized successfully
2025-06-28 14:47:14,358 - sqlalchemy.engine.Engine - INFO - BEGIN (implicit)
2025-06-28 14:47:14,415 - sqlalchemy.engine.Engine - INFO - SELECT count(games.id) AS count_1 
FROM games
2025-06-28 14:47:14,416 - sqlalchemy.engine.Engine - INFO - [generated in 0.00027s] ()
2025-06-28 14:47:14,417 - sqlalchemy.engine.Engine - INFO - SELECT count(clusters.id) AS count_1 
FROM clusters
2025-06-28 14:47:14,417 - sqlalchemy.engine.Engine - INFO - [generated in 0.00019s] ()
2025-06-28 14:47:14,418 - sqlalchemy.engine.Engine - INFO - ROLLBACK
2025-06-28 14:47:14,418 - __main__ - INFO - Clearing existing clusters and events...
2025-06-28 14:47:14,419 - sqlalchemy.engine.Engine - INFO - BEGIN (implicit)
2025-06-28 14:47:14,419 - sqlalchemy.engine.Engine - INFO - DELETE FROM events
2025-06-28 14:47:14,420 - sqlalchemy.engine.Engine - INFO - [generated in 0.00016s] ()
2025-06-28 14:47:14,421 - sqlalchemy.engine.Engine - INFO - DELETE FROM clusters
2025-06-28 14:47:14,421 - sqlalchemy.engine.Engine - INFO - [generated in 0.00018s] ()
2025-06-28 14:47:14,422 - sqlalchemy.engine.Engine - INFO - COMMIT
2025-06-28 14:47:14,427 - __main__ - INFO - Existing data cleared successfully
2025-06-28 14:47:14,427 - __main__ - INFO - Pass 1: Reading and aggregating CSV data...
2025-06-28 14:47:14,428 - __main__ - INFO - Pass 1 complete: Aggregated data for 70 unique events
2025-06-28 14:47:14,428 - __main__ - INFO - Pass 2: Creating unified events in database...
2025-06-28 14:47:14,428 - sqlalchemy.engine.Engine - INFO - BEGIN (implicit)
2025-06-28 14:47:14,430 - sqlalchemy.engine.Engine - INFO - INSERT INTO clusters (name, number, is_active, created_at) VALUES (?, ?, ?, CURRENT_TIMESTAMP) RETURNING id, created_at
2025-06-28 14:47:14,430 - sqlalchemy.engine.Engine - INFO - [generated in 0.00021s] ('Chess', 1, 1)
2025-06-28 14:47:14,431 - __main__ - INFO - Created cluster 1: Chess
2025-06-28 14:47:14,433 - sqlalchemy.engine.Engine - INFO - SELECT events.id, events.name, events.cluster_id, events.base_event_name, events.scoring_type, events.supported_scoring_types, events.score_direction, events.crownslayer_pool, events.is_active, events.min_players, events.max_players, events.allow_challenges, events.created_at 
FROM events 
WHERE events.cluster_id = ? AND events.name = ?
2025-06-28 14:47:14,433 - sqlalchemy.engine.Engine - INFO - [generated in 0.00021s] (1, 'Bullet')
2025-06-28 14:47:14,435 - sqlalchemy.engine.Engine - INFO - INSERT INTO events (name, cluster_id, base_event_name, scoring_type, supported_scoring_types, score_direction, crownslayer_pool, is_active, min_players, max_players, allow_challenges, created_at) VALUES (?, ?, ?, ?, ?, ?, ?, ?, ?, ?, ?, CURRENT_TIMESTAMP) RETURNING id, created_at
2025-06-28 14:47:14,435 - sqlalchemy.engine.Engine - INFO - [generated in 0.00022s] ('Bullet', 1, 'Bullet', '1v1', '1v1', None, 300, 1, 2, 2, 1)
2025-06-28 14:47:14,436 - sqlalchemy.engine.Engine - INFO - SELECT events.id, events.name, events.cluster_id, events.base_event_name, events.scoring_type, events.supported_scoring_types, events.score_direction, events.crownslayer_pool, events.is_active, events.min_players, events.max_players, events.allow_challenges, events.created_at 
FROM events 
WHERE events.cluster_id = ? AND events.name = ?
2025-06-28 14:47:14,436 - sqlalchemy.engine.Engine - INFO - [cached since 0.003713s ago] (1, 'Blitz')
2025-06-28 14:47:14,437 - sqlalchemy.engine.Engine - INFO - INSERT INTO events (name, cluster_id, base_event_name, scoring_type, supported_scoring_types, score_direction, crownslayer_pool, is_active, min_players, max_players, allow_challenges, created_at) VALUES (?, ?, ?, ?, ?, ?, ?, ?, ?, ?, ?, CURRENT_TIMESTAMP) RETURNING id, created_at
2025-06-28 14:47:14,438 - sqlalchemy.engine.Engine - INFO - [cached since 0.00278s ago] ('Blitz', 1, 'Blitz', '1v1', '1v1', None, 300, 1, 2, 2, 1)
2025-06-28 14:47:14,438 - sqlalchemy.engine.Engine - INFO - SELECT events.id, events.name, events.cluster_id, events.base_event_name, events.scoring_type, events.supported_scoring_types, events.score_direction, events.crownslayer_pool, events.is_active, events.min_players, events.max_players, events.allow_challenges, events.created_at 
FROM events 
WHERE events.cluster_id = ? AND events.name = ?
2025-06-28 14:47:14,439 - sqlalchemy.engine.Engine - INFO - [cached since 0.006032s ago] (1, 'Rapid')
2025-06-28 14:47:14,440 - sqlalchemy.engine.Engine - INFO - INSERT INTO clusters (name, number, is_active, created_at) VALUES (?, ?, ?, CURRENT_TIMESTAMP) RETURNING id, created_at
2025-06-28 14:47:14,440 - sqlalchemy.engine.Engine - INFO - [cached since 0.01019s ago] ('Pokemon', 2, 1)
2025-06-28 14:47:14,440 - sqlalchemy.engine.Engine - INFO - INSERT INTO events (name, cluster_id, base_event_name, scoring_type, supported_scoring_types, score_direction, crownslayer_pool, is_active, min_players, max_players, allow_challenges, created_at) VALUES (?, ?, ?, ?, ?, ?, ?, ?, ?, ?, ?, CURRENT_TIMESTAMP) RETURNING id, created_at
2025-06-28 14:47:14,441 - sqlalchemy.engine.Engine - INFO - [cached since 0.005887s ago] ('Rapid', 1, 'Rapid', '1v1', '1v1', None, 300, 1, 2, 2, 1)
2025-06-28 14:47:14,441 - __main__ - INFO - Created cluster 2: Pokemon
2025-06-28 14:47:14,442 - sqlalchemy.engine.Engine - INFO - SELECT events.id, events.name, events.cluster_id, events.base_event_name, events.scoring_type, events.supported_scoring_types, events.score_direction, events.crownslayer_pool, events.is_active, events.min_players, events.max_players, events.allow_challenges, events.created_at 
FROM events 
WHERE events.cluster_id = ? AND events.name = ?
2025-06-28 14:47:14,442 - sqlalchemy.engine.Engine - INFO - [cached since 0.009463s ago] (2, 'Showdown (OU)')
2025-06-28 14:47:14,444 - sqlalchemy.engine.Engine - INFO - INSERT INTO events (name, cluster_id, base_event_name, scoring_type, supported_scoring_types, score_direction, crownslayer_pool, is_active, min_players, max_players, allow_challenges, created_at) VALUES (?, ?, ?, ?, ?, ?, ?, ?, ?, ?, ?, CURRENT_TIMESTAMP) RETURNING id, created_at
2025-06-28 14:47:14,444 - sqlalchemy.engine.Engine - INFO - [cached since 0.009139s ago] ('Showdown (OU)', 2, 'Showdown (OU)', '1v1', '1v1', None, 300, 1, 2, 2, 1)
2025-06-28 14:47:14,445 - sqlalchemy.engine.Engine - INFO - SELECT events.id, events.name, events.cluster_id, events.base_event_name, events.scoring_type, events.supported_scoring_types, events.score_direction, events.crownslayer_pool, events.is_active, events.min_players, events.max_players, events.allow_challenges, events.created_at 
FROM events 
WHERE events.cluster_id = ? AND events.name = ?
2025-06-28 14:47:14,445 - sqlalchemy.engine.Engine - INFO - [cached since 0.01252s ago] (2, 'Showdown (Monotype)')
2025-06-28 14:47:14,446 - sqlalchemy.engine.Engine - INFO - INSERT INTO events (name, cluster_id, base_event_name, scoring_type, supported_scoring_types, score_direction, crownslayer_pool, is_active, min_players, max_players, allow_challenges, created_at) VALUES (?, ?, ?, ?, ?, ?, ?, ?, ?, ?, ?, CURRENT_TIMESTAMP) RETURNING id, created_at
2025-06-28 14:47:14,446 - sqlalchemy.engine.Engine - INFO - [cached since 0.01174s ago] ('Showdown (Monotype)', 2, 'Showdown (Monotype)', '1v1', '1v1', None, 300, 1, 2, 2, 1)
2025-06-28 14:47:14,447 - sqlalchemy.engine.Engine - INFO - SELECT events.id, events.name, events.cluster_id, events.base_event_name, events.scoring_type, events.supported_scoring_types, events.score_direction, events.crownslayer_pool, events.is_active, events.min_players, events.max_players, events.allow_challenges, events.created_at 
FROM events 
WHERE events.cluster_id = ? AND events.name = ?
2025-06-28 14:47:14,447 - sqlalchemy.engine.Engine - INFO - [cached since 0.01489s ago] (2, 'Showdown (Random)')
2025-06-28 14:47:14,449 - sqlalchemy.engine.Engine - INFO - INSERT INTO events (name, cluster_id, base_event_name, scoring_type, supported_scoring_types, score_direction, crownslayer_pool, is_active, min_players, max_players, allow_challenges, created_at) VALUES (?, ?, ?, ?, ?, ?, ?, ?, ?, ?, ?, CURRENT_TIMESTAMP) RETURNING id, created_at
2025-06-28 14:47:14,449 - sqlalchemy.engine.Engine - INFO - [cached since 0.01397s ago] ('Showdown (Random)', 2, 'Showdown (Random)', '1v1', '1v1', None, 300, 1, 2, 2, 1)
2025-06-28 14:47:14,450 - sqlalchemy.engine.Engine - INFO - SELECT events.id, events.name, events.cluster_id, events.base_event_name, events.scoring_type, events.supported_scoring_types, events.score_direction, events.crownslayer_pool, events.is_active, events.min_players, events.max_players, events.allow_challenges, events.created_at 
FROM events 
WHERE events.cluster_id = ? AND events.name = ?
2025-06-28 14:47:14,450 - sqlalchemy.engine.Engine - INFO - [cached since 0.01705s ago] (2, 'Showdown (Natdex)')
2025-06-28 14:47:14,451 - sqlalchemy.engine.Engine - INFO - INSERT INTO events (name, cluster_id, base_event_name, scoring_type, supported_scoring_types, score_direction, crownslayer_pool, is_active, min_players, max_players, allow_challenges, created_at) VALUES (?, ?, ?, ?, ?, ?, ?, ?, ?, ?, ?, CURRENT_TIMESTAMP) RETURNING id, created_at
2025-06-28 14:47:14,451 - sqlalchemy.engine.Engine - INFO - [cached since 0.01628s ago] ('Showdown (Natdex)', 2, 'Showdown (Natdex)', '1v1', '1v1', None, 300, 1, 2, 2, 1)
2025-06-28 14:47:14,452 - sqlalchemy.engine.Engine - INFO - SELECT events.id, events.name, events.cluster_id, events.base_event_name, events.scoring_type, events.supported_scoring_types, events.score_direction, events.crownslayer_pool, events.is_active, events.min_players, events.max_players, events.allow_challenges, events.created_at 
FROM events 
WHERE events.cluster_id = ? AND events.name = ?
2025-06-28 14:47:14,452 - sqlalchemy.engine.Engine - INFO - [cached since 0.01936s ago] (2, 'Infinite Fusion')
2025-06-28 14:47:14,453 - sqlalchemy.engine.Engine - INFO - INSERT INTO clusters (name, number, is_active, created_at) VALUES (?, ?, ?, CURRENT_TIMESTAMP) RETURNING id, created_at
2025-06-28 14:47:14,453 - sqlalchemy.engine.Engine - INFO - [cached since 0.02373s ago] ('FPS', 3, 1)
2025-06-28 14:47:14,454 - sqlalchemy.engine.Engine - INFO - INSERT INTO events (name, cluster_id, base_event_name, scoring_type, supported_scoring_types, score_direction, crownslayer_pool, is_active, min_players, max_players, allow_challenges, created_at) VALUES (?, ?, ?, ?, ?, ?, ?, ?, ?, ?, ?, CURRENT_TIMESTAMP) RETURNING id, created_at
2025-06-28 14:47:14,454 - sqlalchemy.engine.Engine - INFO - [cached since 0.01958s ago] ('Infinite Fusion', 2, 'Infinite Fusion', '1v1', '1v1', None, 300, 1, 2, 2, 1)
2025-06-28 14:47:14,455 - __main__ - INFO - Created cluster 3: FPS
2025-06-28 14:47:14,455 - sqlalchemy.engine.Engine - INFO - SELECT events.id, events.name, events.cluster_id, events.base_event_name, events.scoring_type, events.supported_scoring_types, events.score_direction, events.crownslayer_pool, events.is_active, events.min_players, events.max_players, events.allow_challenges, events.created_at 
FROM events 
WHERE events.cluster_id = ? AND events.name = ?
2025-06-28 14:47:14,456 - sqlalchemy.engine.Engine - INFO - [cached since 0.02296s ago] (3, 'Operations Siege')
2025-06-28 14:47:14,457 - sqlalchemy.engine.Engine - INFO - INSERT INTO events (name, cluster_id, base_event_name, scoring_type, supported_scoring_types, score_direction, crownslayer_pool, is_active, min_players, max_players, allow_challenges, created_at) VALUES (?, ?, ?, ?, ?, ?, ?, ?, ?, ?, ?, CURRENT_TIMESTAMP) RETURNING id, created_at
2025-06-28 14:47:14,457 - sqlalchemy.engine.Engine - INFO - [cached since 0.02201s ago] ('Operations Siege', 3, 'Operations Siege', 'Team', 'Team', None, 300, 1, 2, 10, 1)
2025-06-28 14:47:14,458 - sqlalchemy.engine.Engine - INFO - SELECT events.id, events.name, events.cluster_id, events.base_event_name, events.scoring_type, events.supported_scoring_types, events.score_direction, events.crownslayer_pool, events.is_active, events.min_players, events.max_players, events.allow_challenges, events.created_at 
FROM events 
WHERE events.cluster_id = ? AND events.name = ?
2025-06-28 14:47:14,458 - sqlalchemy.engine.Engine - INFO - [cached since 0.02537s ago] (3, 'Arsenal')
2025-06-28 14:47:14,459 - sqlalchemy.engine.Engine - INFO - INSERT INTO events (name, cluster_id, base_event_name, scoring_type, supported_scoring_types, score_direction, crownslayer_pool, is_active, min_players, max_players, allow_challenges, created_at) VALUES (?, ?, ?, ?, ?, ?, ?, ?, ?, ?, ?, CURRENT_TIMESTAMP) RETURNING id, created_at
2025-06-28 14:47:14,459 - sqlalchemy.engine.Engine - INFO - [cached since 0.02451s ago] ('Arsenal', 3, 'Arsenal', 'FFA', 'FFA', None, 300, 1, 2, 16, 1)
2025-06-28 14:47:14,460 - sqlalchemy.engine.Engine - INFO - SELECT events.id, events.name, events.cluster_id, events.base_event_name, events.scoring_type, events.supported_scoring_types, events.score_direction, events.crownslayer_pool, events.is_active, events.min_players, events.max_players, events.allow_challenges, events.created_at 
FROM events 
WHERE events.cluster_id = ? AND events.name = ?
2025-06-28 14:47:14,460 - sqlalchemy.engine.Engine - INFO - [cached since 0.02756s ago] (3, 'Krunker')
2025-06-28 14:47:14,461 - sqlalchemy.engine.Engine - INFO - INSERT INTO clusters (name, number, is_active, created_at) VALUES (?, ?, ?, CURRENT_TIMESTAMP) RETURNING id, created_at
2025-06-28 14:47:14,461 - sqlalchemy.engine.Engine - INFO - [cached since 0.03169s ago] ('Roblox Combat', 4, 1)
2025-06-28 14:47:14,462 - sqlalchemy.engine.Engine - INFO - INSERT INTO events (name, cluster_id, base_event_name, scoring_type, supported_scoring_types, score_direction, crownslayer_pool, is_active, min_players, max_players, allow_challenges, created_at) VALUES (?, ?, ?, ?, ?, ?, ?, ?, ?, ?, ?, CURRENT_TIMESTAMP) RETURNING id, created_at
2025-06-28 14:47:14,462 - sqlalchemy.engine.Engine - INFO - [cached since 0.02755s ago] ('Krunker', 3, 'Krunker', '1v1', '1v1,FFA', None, 300, 1, 2, 16, 1)
2025-06-28 14:47:14,463 - __main__ - INFO - Created cluster 4: Roblox Combat
2025-06-28 14:47:14,463 - sqlalchemy.engine.Engine - INFO - SELECT events.id, events.name, events.cluster_id, events.base_event_name, events.scoring_type, events.supported_scoring_types, events.score_direction, events.crownslayer_pool, events.is_active, events.min_players, events.max_players, events.allow_challenges, events.created_at 
FROM events 
WHERE events.cluster_id = ? AND events.name = ?
2025-06-28 14:47:14,464 - sqlalchemy.engine.Engine - INFO - [cached since 0.03099s ago] (4, 'Zzzwrite vs imaginethis3 burger king rp')
2025-06-28 14:47:14,465 - sqlalchemy.engine.Engine - INFO - INSERT INTO events (name, cluster_id, base_event_name, scoring_type, supported_scoring_types, score_direction, crownslayer_pool, is_active, min_players, max_players, allow_challenges, created_at) VALUES (?, ?, ?, ?, ?, ?, ?, ?, ?, ?, ?, CURRENT_TIMESTAMP) RETURNING id, created_at
2025-06-28 14:47:14,465 - sqlalchemy.engine.Engine - INFO - [cached since 0.03002s ago] ('Zzzwrite vs imaginethis3 burger king rp', 4, 'Zzzwrite vs imaginethis3 burger king rp', '1v1', '1v1,FFA', None, 300, 1, 2, 16, 1)
2025-06-28 14:47:14,466 - sqlalchemy.engine.Engine - INFO - SELECT events.id, events.name, events.cluster_id, events.base_event_name, events.scoring_type, events.supported_scoring_types, events.score_direction, events.crownslayer_pool, events.is_active, events.min_players, events.max_players, events.allow_challenges, events.created_at 
FROM events 
WHERE events.cluster_id = ? AND events.name = ?
2025-06-28 14:47:14,466 - sqlalchemy.engine.Engine - INFO - [cached since 0.03333s ago] (4, 'Your Bizarre Adventure')
2025-06-28 14:47:14,467 - sqlalchemy.engine.Engine - INFO - INSERT INTO events (name, cluster_id, base_event_name, scoring_type, supported_scoring_types, score_direction, crownslayer_pool, is_active, min_players, max_players, allow_challenges, created_at) VALUES (?, ?, ?, ?, ?, ?, ?, ?, ?, ?, ?, CURRENT_TIMESTAMP) RETURNING id, created_at
2025-06-28 14:47:14,467 - sqlalchemy.engine.Engine - INFO - [cached since 0.03237s ago] ('Your Bizarre Adventure', 4, 'Your Bizarre Adventure', '1v1', '1v1', None, 300, 1, 2, 2, 1)
2025-06-28 14:47:14,468 - sqlalchemy.engine.Engine - INFO - SELECT events.id, events.name, events.cluster_id, events.base_event_name, events.scoring_type, events.supported_scoring_types, events.score_direction, events.crownslayer_pool, events.is_active, events.min_players, events.max_players, events.allow_challenges, events.created_at 
FROM events 
WHERE events.cluster_id = ? AND events.name = ?
2025-06-28 14:47:14,468 - sqlalchemy.engine.Engine - INFO - [cached since 0.03543s ago] (4, 'Star Wars Lightsaber Battles 2')
2025-06-28 14:47:14,469 - sqlalchemy.engine.Engine - INFO - INSERT INTO clusters (name, number, is_active, created_at) VALUES (?, ?, ?, CURRENT_TIMESTAMP) RETURNING id, created_at
2025-06-28 14:47:14,469 - sqlalchemy.engine.Engine - INFO - [cached since 0.03955s ago] ('Sports', 5, 1)
2025-06-28 14:47:14,470 - sqlalchemy.engine.Engine - INFO - INSERT INTO events (name, cluster_id, base_event_name, scoring_type, supported_scoring_types, score_direction, crownslayer_pool, is_active, min_players, max_players, allow_challenges, created_at) VALUES (?, ?, ?, ?, ?, ?, ?, ?, ?, ?, ?, CURRENT_TIMESTAMP) RETURNING id, created_at
2025-06-28 14:47:14,470 - sqlalchemy.engine.Engine - INFO - [cached since 0.03527s ago] ('Star Wars Lightsaber Battles 2', 4, 'Star Wars Lightsaber Battles 2', '1v1', '1v1', None, 300, 1, 2, 2, 1)
2025-06-28 14:47:14,471 - __main__ - INFO - Created cluster 5: Sports
2025-06-28 14:47:14,471 - sqlalchemy.engine.Engine - INFO - SELECT events.id, events.name, events.cluster_id, events.base_event_name, events.scoring_type, events.supported_scoring_types, events.score_direction, events.crownslayer_pool, events.is_active, events.min_players, events.max_players, events.allow_challenges, events.created_at 
FROM events 
WHERE events.cluster_id = ? AND events.name = ?
2025-06-28 14:47:14,471 - sqlalchemy.engine.Engine - INFO - [cached since 0.03877s ago] (5, 'Basketball Legends')
2025-06-28 14:47:14,473 - sqlalchemy.engine.Engine - INFO - INSERT INTO events (name, cluster_id, base_event_name, scoring_type, supported_scoring_types, score_direction, crownslayer_pool, is_active, min_players, max_players, allow_challenges, created_at) VALUES (?, ?, ?, ?, ?, ?, ?, ?, ?, ?, ?, CURRENT_TIMESTAMP) RETURNING id, created_at
2025-06-28 14:47:14,473 - sqlalchemy.engine.Engine - INFO - [cached since 0.03793s ago] ('Basketball Legends', 5, 'Basketball Legends', 'Team', 'Team', None, 300, 1, 2, 10, 1)
2025-06-28 14:47:14,474 - sqlalchemy.engine.Engine - INFO - SELECT events.id, events.name, events.cluster_id, events.base_event_name, events.scoring_type, events.supported_scoring_types, events.score_direction, events.crownslayer_pool, events.is_active, events.min_players, events.max_players, events.allow_challenges, events.created_at 
FROM events 
WHERE events.cluster_id = ? AND events.name = ?
2025-06-28 14:47:14,474 - sqlalchemy.engine.Engine - INFO - [cached since 0.04111s ago] (5, 'Football Fusion')
2025-06-28 14:47:14,475 - sqlalchemy.engine.Engine - INFO - INSERT INTO events (name, cluster_id, base_event_name, scoring_type, supported_scoring_types, score_direction, crownslayer_pool, is_active, min_players, max_players, allow_challenges, created_at) VALUES (?, ?, ?, ?, ?, ?, ?, ?, ?, ?, ?, CURRENT_TIMESTAMP) RETURNING id, created_at
2025-06-28 14:47:14,475 - sqlalchemy.engine.Engine - INFO - [cached since 0.04017s ago] ('Football Fusion', 5, 'Football Fusion', 'Team', 'Team', None, 300, 1, 2, 10, 1)
2025-06-28 14:47:14,476 - sqlalchemy.engine.Engine - INFO - SELECT events.id, events.name, events.cluster_id, events.base_event_name, events.scoring_type, events.supported_scoring_types, events.score_direction, events.crownslayer_pool, events.is_active, events.min_players, events.max_players, events.allow_challenges, events.created_at 
FROM events 
WHERE events.cluster_id = ? AND events.name = ?
2025-06-28 14:47:14,476 - sqlalchemy.engine.Engine - INFO - [cached since 0.04319s ago] (5, 'Madden 24')
2025-06-28 14:47:14,477 - sqlalchemy.engine.Engine - INFO - INSERT INTO events (name, cluster_id, base_event_name, scoring_type, supported_scoring_types, score_direction, crownslayer_pool, is_active, min_players, max_players, allow_challenges, created_at) VALUES (?, ?, ?, ?, ?, ?, ?, ?, ?, ?, ?, CURRENT_TIMESTAMP) RETURNING id, created_at
2025-06-28 14:47:14,477 - sqlalchemy.engine.Engine - INFO - [cached since 0.04216s ago] ('Madden 24', 5, 'Madden 24', '1v1', '1v1', None, 300, 1, 2, 2, 1)
2025-06-28 14:47:14,478 - sqlalchemy.engine.Engine - INFO - SELECT events.id, events.name, events.cluster_id, events.base_event_name, events.scoring_type, events.supported_scoring_types, events.score_direction, events.crownslayer_pool, events.is_active, events.min_players, events.max_players, events.allow_challenges, events.created_at 
FROM events 
WHERE events.cluster_id = ? AND events.name = ?
2025-06-28 14:47:14,478 - sqlalchemy.engine.Engine - INFO - [cached since 0.04521s ago] (5, 'NBA 2k25')
2025-06-28 14:47:14,479 - sqlalchemy.engine.Engine - INFO - INSERT INTO clusters (name, number, is_active, created_at) VALUES (?, ?, ?, CURRENT_TIMESTAMP) RETURNING id, created_at
2025-06-28 14:47:14,479 - sqlalchemy.engine.Engine - INFO - [cached since 0.04934s ago] ('Tetris', 6, 1)
2025-06-28 14:47:14,480 - sqlalchemy.engine.Engine - INFO - INSERT INTO events (name, cluster_id, base_event_name, scoring_type, supported_scoring_types, score_direction, crownslayer_pool, is_active, min_players, max_players, allow_challenges, created_at) VALUES (?, ?, ?, ?, ?, ?, ?, ?, ?, ?, ?, CURRENT_TIMESTAMP) RETURNING id, created_at
2025-06-28 14:47:14,480 - sqlalchemy.engine.Engine - INFO - [cached since 0.04524s ago] ('NBA 2k25', 5, 'NBA 2k25', '1v1', '1v1', None, 300, 1, 2, 2, 1)
2025-06-28 14:47:14,481 - __main__ - INFO - Created cluster 6: Tetris
2025-06-28 14:47:14,481 - sqlalchemy.engine.Engine - INFO - SELECT events.id, events.name, events.cluster_id, events.base_event_name, events.scoring_type, events.supported_scoring_types, events.score_direction, events.crownslayer_pool, events.is_active, events.min_players, events.max_players, events.allow_challenges, events.created_at 
FROM events 
WHERE events.cluster_id = ? AND events.name = ?
2025-06-28 14:47:14,481 - sqlalchemy.engine.Engine - INFO - [cached since 0.04856s ago] (6, '40L Sprint')
2025-06-28 14:47:14,482 - sqlalchemy.engine.Engine - INFO - INSERT INTO events (name, cluster_id, base_event_name, scoring_type, supported_scoring_types, score_direction, crownslayer_pool, is_active, min_players, max_players, allow_challenges, created_at) VALUES (?, ?, ?, ?, ?, ?, ?, ?, ?, ?, ?, CURRENT_TIMESTAMP) RETURNING id, created_at
2025-06-28 14:47:14,483 - sqlalchemy.engine.Engine - INFO - [cached since 0.0478s ago] ('40L Sprint', 6, '40L Sprint', 'Leaderboard', 'Leaderboard', 'LOW', 300, 1, 2, 16, 1)
2025-06-28 14:47:14,483 - sqlalchemy.engine.Engine - INFO - SELECT events.id, events.name, events.cluster_id, events.base_event_name, events.scoring_type, events.supported_scoring_types, events.score_direction, events.crownslayer_pool, events.is_active, events.min_players, events.max_players, events.allow_challenges, events.created_at 
FROM events 
WHERE events.cluster_id = ? AND events.name = ?
2025-06-28 14:47:14,483 - sqlalchemy.engine.Engine - INFO - [cached since 0.05088s ago] (6, 'Blitz')
2025-06-28 14:47:14,485 - sqlalchemy.engine.Engine - INFO - INSERT INTO events (name, cluster_id, base_event_name, scoring_type, supported_scoring_types, score_direction, crownslayer_pool, is_active, min_players, max_players, allow_challenges, created_at) VALUES (?, ?, ?, ?, ?, ?, ?, ?, ?, ?, ?, CURRENT_TIMESTAMP) RETURNING id, created_at
2025-06-28 14:47:14,485 - sqlalchemy.engine.Engine - INFO - [cached since 0.04987s ago] ('Blitz', 6, 'Blitz', 'Leaderboard', 'Leaderboard', 'HIGH', 300, 1, 2, 16, 1)
2025-06-28 14:47:14,485 - sqlalchemy.engine.Engine - INFO - SELECT events.id, events.name, events.cluster_id, events.base_event_name, events.scoring_type, events.supported_scoring_types, events.score_direction, events.crownslayer_pool, events.is_active, events.min_players, events.max_players, events.allow_challenges, events.created_at 
FROM events 
WHERE events.cluster_id = ? AND events.name = ?
2025-06-28 14:47:14,486 - sqlalchemy.engine.Engine - INFO - [cached since 0.05294s ago] (6, 'VS')
2025-06-28 14:47:14,487 - sqlalchemy.engine.Engine - INFO - INSERT INTO clusters (name, number, is_active, created_at) VALUES (?, ?, ?, CURRENT_TIMESTAMP) RETURNING id, created_at
2025-06-28 14:47:14,487 - sqlalchemy.engine.Engine - INFO - [cached since 0.05717s ago] ('IO Games', 7, 1)
2025-06-28 14:47:14,487 - sqlalchemy.engine.Engine - INFO - INSERT INTO events (name, cluster_id, base_event_name, scoring_type, supported_scoring_types, score_direction, crownslayer_pool, is_active, min_players, max_players, allow_challenges, created_at) VALUES (?, ?, ?, ?, ?, ?, ?, ?, ?, ?, ?, CURRENT_TIMESTAMP) RETURNING id, created_at
2025-06-28 14:47:14,488 - sqlalchemy.engine.Engine - INFO - [cached since 0.05285s ago] ('VS', 6, 'VS', '1v1', '1v1', None, 300, 1, 2, 2, 1)
2025-06-28 14:47:14,489 - __main__ - INFO - Created cluster 7: IO Games
2025-06-28 14:47:14,489 - sqlalchemy.engine.Engine - INFO - SELECT events.id, events.name, events.cluster_id, events.base_event_name, events.scoring_type, events.supported_scoring_types, events.score_direction, events.crownslayer_pool, events.is_active, events.min_players, events.max_players, events.allow_challenges, events.created_at 
FROM events 
WHERE events.cluster_id = ? AND events.name = ?
2025-06-28 14:47:14,489 - sqlalchemy.engine.Engine - INFO - [cached since 0.05684s ago] (7, 'Bonk')
2025-06-28 14:47:14,491 - sqlalchemy.engine.Engine - INFO - INSERT INTO events (name, cluster_id, base_event_name, scoring_type, supported_scoring_types, score_direction, crownslayer_pool, is_active, min_players, max_players, allow_challenges, created_at) VALUES (?, ?, ?, ?, ?, ?, ?, ?, ?, ?, ?, CURRENT_TIMESTAMP) RETURNING id, created_at
2025-06-28 14:47:14,491 - sqlalchemy.engine.Engine - INFO - [cached since 0.05628s ago] ('Bonk', 7, 'Bonk', '1v1', '1v1,FFA,Team', None, 300, 1, 2, 16, 1)
2025-06-28 14:47:14,492 - sqlalchemy.engine.Engine - INFO - SELECT events.id, events.name, events.cluster_id, events.base_event_name, events.scoring_type, events.supported_scoring_types, events.score_direction, events.crownslayer_pool, events.is_active, events.min_players, events.max_players, events.allow_challenges, events.created_at 
FROM events 
WHERE events.cluster_id = ? AND events.name = ?
2025-06-28 14:47:14,492 - sqlalchemy.engine.Engine - INFO - [cached since 0.05944s ago] (7, 'Diep')
2025-06-28 14:47:14,493 - sqlalchemy.engine.Engine - INFO - INSERT INTO events (name, cluster_id, base_event_name, scoring_type, supported_scoring_types, score_direction, crownslayer_pool, is_active, min_players, max_players, allow_challenges, created_at) VALUES (?, ?, ?, ?, ?, ?, ?, ?, ?, ?, ?, CURRENT_TIMESTAMP) RETURNING id, created_at
2025-06-28 14:47:14,494 - sqlalchemy.engine.Engine - INFO - [cached since 0.05891s ago] ('Diep', 7, 'Diep', '1v1', '1v1,FFA,Team', None, 300, 1, 2, 16, 1)
2025-06-28 14:47:14,494 - sqlalchemy.engine.Engine - INFO - SELECT events.id, events.name, events.cluster_id, events.base_event_name, events.scoring_type, events.supported_scoring_types, events.score_direction, events.crownslayer_pool, events.is_active, events.min_players, events.max_players, events.allow_challenges, events.created_at 
FROM events 
WHERE events.cluster_id = ? AND events.name = ?
2025-06-28 14:47:14,495 - sqlalchemy.engine.Engine - INFO - [cached since 0.06203s ago] (7, 'Paper')
2025-06-28 14:47:14,496 - sqlalchemy.engine.Engine - INFO - INSERT INTO clusters (name, number, is_active, created_at) VALUES (?, ?, ?, CURRENT_TIMESTAMP) RETURNING id, created_at
2025-06-28 14:47:14,496 - sqlalchemy.engine.Engine - INFO - [cached since 0.06625s ago] ('Rhythm', 8, 1)
2025-06-28 14:47:14,497 - sqlalchemy.engine.Engine - INFO - INSERT INTO events (name, cluster_id, base_event_name, scoring_type, supported_scoring_types, score_direction, crownslayer_pool, is_active, min_players, max_players, allow_challenges, created_at) VALUES (?, ?, ?, ?, ?, ?, ?, ?, ?, ?, ?, CURRENT_TIMESTAMP) RETURNING id, created_at
2025-06-28 14:47:14,497 - sqlalchemy.engine.Engine - INFO - [cached since 0.06192s ago] ('Paper', 7, 'Paper', 'FFA', 'FFA', None, 300, 1, 2, 16, 1)
2025-06-28 14:47:14,497 - __main__ - INFO - Created cluster 8: Rhythm
2025-06-28 14:47:14,498 - sqlalchemy.engine.Engine - INFO - SELECT events.id, events.name, events.cluster_id, events.base_event_name, events.scoring_type, events.supported_scoring_types, events.score_direction, events.crownslayer_pool, events.is_active, events.min_players, events.max_players, events.allow_challenges, events.created_at 
FROM events 
WHERE events.cluster_id = ? AND events.name = ?
2025-06-28 14:47:14,498 - sqlalchemy.engine.Engine - INFO - [cached since 0.06521s ago] (8, 'Osu std')
2025-06-28 14:47:14,499 - sqlalchemy.engine.Engine - INFO - INSERT INTO events (name, cluster_id, base_event_name, scoring_type, supported_scoring_types, score_direction, crownslayer_pool, is_active, min_players, max_players, allow_challenges, created_at) VALUES (?, ?, ?, ?, ?, ?, ?, ?, ?, ?, ?, CURRENT_TIMESTAMP) RETURNING id, created_at
2025-06-28 14:47:14,499 - sqlalchemy.engine.Engine - INFO - [cached since 0.06434s ago] ('Osu std', 8, 'Osu std', '1v1', '1v1,FFA', None, 300, 1, 2, 16, 1)
2025-06-28 14:47:14,500 - sqlalchemy.engine.Engine - INFO - SELECT events.id, events.name, events.cluster_id, events.base_event_name, events.scoring_type, events.supported_scoring_types, events.score_direction, events.crownslayer_pool, events.is_active, events.min_players, events.max_players, events.allow_challenges, events.created_at 
FROM events 
WHERE events.cluster_id = ? AND events.name = ?
2025-06-28 14:47:14,500 - sqlalchemy.engine.Engine - INFO - [cached since 0.06784s ago] (8, 'Quaver')
2025-06-28 14:47:14,502 - sqlalchemy.engine.Engine - INFO - INSERT INTO clusters (name, number, is_active, created_at) VALUES (?, ?, ?, CURRENT_TIMESTAMP) RETURNING id, created_at
2025-06-28 14:47:14,502 - sqlalchemy.engine.Engine - INFO - [cached since 0.07224s ago] ('Fighting', 9, 1)
2025-06-28 14:47:14,503 - sqlalchemy.engine.Engine - INFO - INSERT INTO events (name, cluster_id, base_event_name, scoring_type, supported_scoring_types, score_direction, crownslayer_pool, is_active, min_players, max_players, allow_challenges, created_at) VALUES (?, ?, ?, ?, ?, ?, ?, ?, ?, ?, ?, CURRENT_TIMESTAMP) RETURNING id, created_at
2025-06-28 14:47:14,503 - sqlalchemy.engine.Engine - INFO - [cached since 0.06797s ago] ('Quaver', 8, 'Quaver', '1v1', '1v1', None, 300, 1, 2, 2, 1)
2025-06-28 14:47:14,504 - __main__ - INFO - Created cluster 9: Fighting
2025-06-28 14:47:14,504 - sqlalchemy.engine.Engine - INFO - SELECT events.id, events.name, events.cluster_id, events.base_event_name, events.scoring_type, events.supported_scoring_types, events.score_direction, events.crownslayer_pool, events.is_active, events.min_players, events.max_players, events.allow_challenges, events.created_at 
FROM events 
WHERE events.cluster_id = ? AND events.name = ?
2025-06-28 14:47:14,504 - sqlalchemy.engine.Engine - INFO - [cached since 0.07179s ago] (9, 'Brawhalla')
2025-06-28 14:47:14,506 - sqlalchemy.engine.Engine - INFO - INSERT INTO events (name, cluster_id, base_event_name, scoring_type, supported_scoring_types, score_direction, crownslayer_pool, is_active, min_players, max_players, allow_challenges, created_at) VALUES (?, ?, ?, ?, ?, ?, ?, ?, ?, ?, ?, CURRENT_TIMESTAMP) RETURNING id, created_at
2025-06-28 14:47:14,506 - sqlalchemy.engine.Engine - INFO - [cached since 0.07101s ago] ('Brawhalla', 9, 'Brawhalla', '1v1', '1v1,Team', None, 300, 1, 2, 10, 1)
2025-06-28 14:47:14,507 - sqlalchemy.engine.Engine - INFO - SELECT events.id, events.name, events.cluster_id, events.base_event_name, events.scoring_type, events.supported_scoring_types, events.score_direction, events.crownslayer_pool, events.is_active, events.min_players, events.max_players, events.allow_challenges, events.created_at 
FROM events 
WHERE events.cluster_id = ? AND events.name = ?
2025-06-28 14:47:14,507 - sqlalchemy.engine.Engine - INFO - [cached since 0.07442s ago] (9, 'Tough Love Arena')
2025-06-28 14:47:14,508 - sqlalchemy.engine.Engine - INFO - INSERT INTO events (name, cluster_id, base_event_name, scoring_type, supported_scoring_types, score_direction, crownslayer_pool, is_active, min_players, max_players, allow_challenges, created_at) VALUES (?, ?, ?, ?, ?, ?, ?, ?, ?, ?, ?, CURRENT_TIMESTAMP) RETURNING id, created_at
2025-06-28 14:47:14,509 - sqlalchemy.engine.Engine - INFO - [cached since 0.07379s ago] ('Tough Love Arena', 9, 'Tough Love Arena', '1v1', '1v1', None, 300, 1, 2, 2, 1)
2025-06-28 14:47:14,510 - sqlalchemy.engine.Engine - INFO - SELECT events.id, events.name, events.cluster_id, events.base_event_name, events.scoring_type, events.supported_scoring_types, events.score_direction, events.crownslayer_pool, events.is_active, events.min_players, events.max_players, events.allow_challenges, events.created_at 
FROM events 
WHERE events.cluster_id = ? AND events.name = ?
2025-06-28 14:47:14,510 - sqlalchemy.engine.Engine - INFO - [cached since 0.07705s ago] (9, 'Super Smash Flash 2')
2025-06-28 14:47:14,511 - sqlalchemy.engine.Engine - INFO - INSERT INTO clusters (name, number, is_active, created_at) VALUES (?, ?, ?, CURRENT_TIMESTAMP) RETURNING id, created_at
2025-06-28 14:47:14,511 - sqlalchemy.engine.Engine - INFO - [cached since 0.08126s ago] ('Minecraft', 10, 1)
2025-06-28 14:47:14,512 - sqlalchemy.engine.Engine - INFO - INSERT INTO events (name, cluster_id, base_event_name, scoring_type, supported_scoring_types, score_direction, crownslayer_pool, is_active, min_players, max_players, allow_challenges, created_at) VALUES (?, ?, ?, ?, ?, ?, ?, ?, ?, ?, ?, CURRENT_TIMESTAMP) RETURNING id, created_at
2025-06-28 14:47:14,512 - sqlalchemy.engine.Engine - INFO - [cached since 0.07711s ago] ('Super Smash Flash 2', 9, 'Super Smash Flash 2', '1v1', '1v1', None, 300, 1, 2, 2, 1)
2025-06-28 14:47:14,513 - __main__ - INFO - Created cluster 10: Minecraft
2025-06-28 14:47:14,513 - sqlalchemy.engine.Engine - INFO - SELECT events.id, events.name, events.cluster_id, events.base_event_name, events.scoring_type, events.supported_scoring_types, events.score_direction, events.crownslayer_pool, events.is_active, events.min_players, events.max_players, events.allow_challenges, events.created_at 
FROM events 
WHERE events.cluster_id = ? AND events.name = ?
2025-06-28 14:47:14,513 - sqlalchemy.engine.Engine - INFO - [cached since 0.08054s ago] (10, 'Blitz Duels')
2025-06-28 14:47:14,514 - sqlalchemy.engine.Engine - INFO - INSERT INTO events (name, cluster_id, base_event_name, scoring_type, supported_scoring_types, score_direction, crownslayer_pool, is_active, min_players, max_players, allow_challenges, created_at) VALUES (?, ?, ?, ?, ?, ?, ?, ?, ?, ?, ?, CURRENT_TIMESTAMP) RETURNING id, created_at
2025-06-28 14:47:14,514 - sqlalchemy.engine.Engine - INFO - [cached since 0.0796s ago] ('Blitz Duels', 10, 'Blitz Duels', '1v1', '1v1', None, 300, 1, 2, 2, 1)
2025-06-28 14:47:14,515 - sqlalchemy.engine.Engine - INFO - SELECT events.id, events.name, events.cluster_id, events.base_event_name, events.scoring_type, events.supported_scoring_types, events.score_direction, events.crownslayer_pool, events.is_active, events.min_players, events.max_players, events.allow_challenges, events.created_at 
FROM events 
WHERE events.cluster_id = ? AND events.name = ?
2025-06-28 14:47:14,515 - sqlalchemy.engine.Engine - INFO - [cached since 0.08275s ago] (10, 'Sumo Duels')
2025-06-28 14:47:14,516 - sqlalchemy.engine.Engine - INFO - INSERT INTO events (name, cluster_id, base_event_name, scoring_type, supported_scoring_types, score_direction, crownslayer_pool, is_active, min_players, max_players, allow_challenges, created_at) VALUES (?, ?, ?, ?, ?, ?, ?, ?, ?, ?, ?, CURRENT_TIMESTAMP) RETURNING id, created_at
2025-06-28 14:47:14,517 - sqlalchemy.engine.Engine - INFO - [cached since 0.08183s ago] ('Sumo Duels', 10, 'Sumo Duels', '1v1', '1v1', None, 300, 1, 2, 2, 1)
2025-06-28 14:47:14,517 - sqlalchemy.engine.Engine - INFO - SELECT events.id, events.name, events.cluster_id, events.base_event_name, events.scoring_type, events.supported_scoring_types, events.score_direction, events.crownslayer_pool, events.is_active, events.min_players, events.max_players, events.allow_challenges, events.created_at 
FROM events 
WHERE events.cluster_id = ? AND events.name = ?
2025-06-28 14:47:14,517 - sqlalchemy.engine.Engine - INFO - [cached since 0.08487s ago] (10, 'Classic Duels')
2025-06-28 14:47:14,518 - sqlalchemy.engine.Engine - INFO - INSERT INTO events (name, cluster_id, base_event_name, scoring_type, supported_scoring_types, score_direction, crownslayer_pool, is_active, min_players, max_players, allow_challenges, created_at) VALUES (?, ?, ?, ?, ?, ?, ?, ?, ?, ?, ?, CURRENT_TIMESTAMP) RETURNING id, created_at
2025-06-28 14:47:14,519 - sqlalchemy.engine.Engine - INFO - [cached since 0.08385s ago] ('Classic Duels', 10, 'Classic Duels', '1v1', '1v1', None, 300, 1, 2, 2, 1)
2025-06-28 14:47:14,520 - sqlalchemy.engine.Engine - INFO - SELECT events.id, events.name, events.cluster_id, events.base_event_name, events.scoring_type, events.supported_scoring_types, events.score_direction, events.crownslayer_pool, events.is_active, events.min_players, events.max_players, events.allow_challenges, events.created_at 
FROM events 
WHERE events.cluster_id = ? AND events.name = ?
2025-06-28 14:47:14,520 - sqlalchemy.engine.Engine - INFO - [cached since 0.08716s ago] (10, 'Bedwars')
2025-06-28 14:47:14,521 - sqlalchemy.engine.Engine - INFO - INSERT INTO events (name, cluster_id, base_event_name, scoring_type, supported_scoring_types, score_direction, crownslayer_pool, is_active, min_players, max_players, allow_challenges, created_at) VALUES (?, ?, ?, ?, ?, ?, ?, ?, ?, ?, ?, CURRENT_TIMESTAMP) RETURNING id, created_at
2025-06-28 14:47:14,521 - sqlalchemy.engine.Engine - INFO - [cached since 0.08647s ago] ('Bedwars', 10, 'Bedwars', 'FFA', 'FFA', None, 300, 1, 2, 16, 1)
2025-06-28 14:47:14,522 - sqlalchemy.engine.Engine - INFO - SELECT events.id, events.name, events.cluster_id, events.base_event_name, events.scoring_type, events.supported_scoring_types, events.score_direction, events.crownslayer_pool, events.is_active, events.min_players, events.max_players, events.allow_challenges, events.created_at 
FROM events 
WHERE events.cluster_id = ? AND events.name = ?
2025-06-28 14:47:14,522 - sqlalchemy.engine.Engine - INFO - [cached since 0.08955s ago] (10, 'Skywars')
2025-06-28 14:47:14,523 - sqlalchemy.engine.Engine - INFO - INSERT INTO events (name, cluster_id, base_event_name, scoring_type, supported_scoring_types, score_direction, crownslayer_pool, is_active, min_players, max_players, allow_challenges, created_at) VALUES (?, ?, ?, ?, ?, ?, ?, ?, ?, ?, ?, CURRENT_TIMESTAMP) RETURNING id, created_at
2025-06-28 14:47:14,523 - sqlalchemy.engine.Engine - INFO - [cached since 0.08855s ago] ('Skywars', 10, 'Skywars', 'FFA', 'FFA', None, 300, 1, 2, 16, 1)
2025-06-28 14:47:14,524 - sqlalchemy.engine.Engine - INFO - SELECT events.id, events.name, events.cluster_id, events.base_event_name, events.scoring_type, events.supported_scoring_types, events.score_direction, events.crownslayer_pool, events.is_active, events.min_players, events.max_players, events.allow_challenges, events.created_at 
FROM events 
WHERE events.cluster_id = ? AND events.name = ?
2025-06-28 14:47:14,524 - sqlalchemy.engine.Engine - INFO - [cached since 0.09151s ago] (10, 'Party Games')
2025-06-28 14:47:14,525 - sqlalchemy.engine.Engine - INFO - INSERT INTO events (name, cluster_id, base_event_name, scoring_type, supported_scoring_types, score_direction, crownslayer_pool, is_active, min_players, max_players, allow_challenges, created_at) VALUES (?, ?, ?, ?, ?, ?, ?, ?, ?, ?, ?, CURRENT_TIMESTAMP) RETURNING id, created_at
2025-06-28 14:47:14,525 - sqlalchemy.engine.Engine - INFO - [cached since 0.09042s ago] ('Party Games', 10, 'Party Games', 'FFA', 'FFA', None, 300, 1, 2, 16, 1)
2025-06-28 14:47:14,526 - sqlalchemy.engine.Engine - INFO - SELECT events.id, events.name, events.cluster_id, events.base_event_name, events.scoring_type, events.supported_scoring_types, events.score_direction, events.crownslayer_pool, events.is_active, events.min_players, events.max_players, events.allow_challenges, events.created_at 
FROM events 
WHERE events.cluster_id = ? AND events.name = ?
2025-06-28 14:47:14,526 - sqlalchemy.engine.Engine - INFO - [cached since 0.0934s ago] (10, 'Parkour')
2025-06-28 14:47:14,527 - sqlalchemy.engine.Engine - INFO - INSERT INTO clusters (name, number, is_active, created_at) VALUES (?, ?, ?, CURRENT_TIMESTAMP) RETURNING id, created_at
2025-06-28 14:47:14,527 - sqlalchemy.engine.Engine - INFO - [cached since 0.09755s ago] ('Running', 11, 1)
2025-06-28 14:47:14,528 - sqlalchemy.engine.Engine - INFO - INSERT INTO events (name, cluster_id, base_event_name, scoring_type, supported_scoring_types, score_direction, crownslayer_pool, is_active, min_players, max_players, allow_challenges, created_at) VALUES (?, ?, ?, ?, ?, ?, ?, ?, ?, ?, ?, CURRENT_TIMESTAMP) RETURNING id, created_at
2025-06-28 14:47:14,528 - sqlalchemy.engine.Engine - INFO - [cached since 0.09331s ago] ('Parkour', 10, 'Parkour', 'Leaderboard', 'Leaderboard', 'HIGH', 300, 1, 2, 16, 1)
2025-06-28 14:47:14,529 - __main__ - INFO - Created cluster 11: Running
2025-06-28 14:47:14,529 - sqlalchemy.engine.Engine - INFO - SELECT events.id, events.name, events.cluster_id, events.base_event_name, events.scoring_type, events.supported_scoring_types, events.score_direction, events.crownslayer_pool, events.is_active, events.min_players, events.max_players, events.allow_challenges, events.created_at 
FROM events 
WHERE events.cluster_id = ? AND events.name = ?
2025-06-28 14:47:14,529 - sqlalchemy.engine.Engine - INFO - [cached since 0.09669s ago] (11, '40 yd dash')
2025-06-28 14:47:14,531 - sqlalchemy.engine.Engine - INFO - INSERT INTO events (name, cluster_id, base_event_name, scoring_type, supported_scoring_types, score_direction, crownslayer_pool, is_active, min_players, max_players, allow_challenges, created_at) VALUES (?, ?, ?, ?, ?, ?, ?, ?, ?, ?, ?, CURRENT_TIMESTAMP) RETURNING id, created_at
2025-06-28 14:47:14,531 - sqlalchemy.engine.Engine - INFO - [cached since 0.09613s ago] ('40 yd dash', 11, '40 yd dash', 'Leaderboard', 'Leaderboard', 'LOW', 300, 1, 2, 16, 1)
2025-06-28 14:47:14,532 - sqlalchemy.engine.Engine - INFO - SELECT events.id, events.name, events.cluster_id, events.base_event_name, events.scoring_type, events.supported_scoring_types, events.score_direction, events.crownslayer_pool, events.is_active, events.min_players, events.max_players, events.allow_challenges, events.created_at 
FROM events 
WHERE events.cluster_id = ? AND events.name = ?
2025-06-28 14:47:14,532 - sqlalchemy.engine.Engine - INFO - [cached since 0.09928s ago] (11, '1 mi run')
2025-06-28 14:47:14,533 - sqlalchemy.engine.Engine - INFO - INSERT INTO events (name, cluster_id, base_event_name, scoring_type, supported_scoring_types, score_direction, crownslayer_pool, is_active, min_players, max_players, allow_challenges, created_at) VALUES (?, ?, ?, ?, ?, ?, ?, ?, ?, ?, ?, CURRENT_TIMESTAMP) RETURNING id, created_at
2025-06-28 14:47:14,533 - sqlalchemy.engine.Engine - INFO - [cached since 0.09854s ago] ('1 mi run', 11, '1 mi run', 'Leaderboard', 'Leaderboard', 'LOW', 300, 1, 2, 16, 1)
2025-06-28 14:47:14,534 - sqlalchemy.engine.Engine - INFO - SELECT events.id, events.name, events.cluster_id, events.base_event_name, events.scoring_type, events.supported_scoring_types, events.score_direction, events.crownslayer_pool, events.is_active, events.min_players, events.max_players, events.allow_challenges, events.created_at 
FROM events 
WHERE events.cluster_id = ? AND events.name = ?
2025-06-28 14:47:14,534 - sqlalchemy.engine.Engine - INFO - [cached since 0.1019s ago] (11, '1x400 run')
2025-06-28 14:47:14,536 - sqlalchemy.engine.Engine - INFO - INSERT INTO clusters (name, number, is_active, created_at) VALUES (?, ?, ?, CURRENT_TIMESTAMP) RETURNING id, created_at
2025-06-28 14:47:14,536 - sqlalchemy.engine.Engine - INFO - [cached since 0.1067s ago] ('Clash Royale', 12, 1)
2025-06-28 14:47:14,537 - sqlalchemy.engine.Engine - INFO - INSERT INTO events (name, cluster_id, base_event_name, scoring_type, supported_scoring_types, score_direction, crownslayer_pool, is_active, min_players, max_players, allow_challenges, created_at) VALUES (?, ?, ?, ?, ?, ?, ?, ?, ?, ?, ?, CURRENT_TIMESTAMP) RETURNING id, created_at
2025-06-28 14:47:14,538 - sqlalchemy.engine.Engine - INFO - [cached since 0.1028s ago] ('1x400 run', 11, '1x400 run', 'Leaderboard', 'Leaderboard', 'LOW', 300, 1, 2, 16, 1)
2025-06-28 14:47:14,538 - __main__ - INFO - Created cluster 12: Clash Royale
2025-06-28 14:47:14,539 - sqlalchemy.engine.Engine - INFO - SELECT events.id, events.name, events.cluster_id, events.base_event_name, events.scoring_type, events.supported_scoring_types, events.score_direction, events.crownslayer_pool, events.is_active, events.min_players, events.max_players, events.allow_challenges, events.created_at 
FROM events 
WHERE events.cluster_id = ? AND events.name = ?
2025-06-28 14:47:14,539 - sqlalchemy.engine.Engine - INFO - [cached since 0.1062s ago] (12, '1v1')
2025-06-28 14:47:14,540 - sqlalchemy.engine.Engine - INFO - INSERT INTO events (name, cluster_id, base_event_name, scoring_type, supported_scoring_types, score_direction, crownslayer_pool, is_active, min_players, max_players, allow_challenges, created_at) VALUES (?, ?, ?, ?, ?, ?, ?, ?, ?, ?, ?, CURRENT_TIMESTAMP) RETURNING id, created_at
2025-06-28 14:47:14,540 - sqlalchemy.engine.Engine - INFO - [cached since 0.1053s ago] ('1v1', 12, '1v1', '1v1', '1v1', None, 300, 1, 2, 2, 1)
2025-06-28 14:47:14,541 - sqlalchemy.engine.Engine - INFO - SELECT events.id, events.name, events.cluster_id, events.base_event_name, events.scoring_type, events.supported_scoring_types, events.score_direction, events.crownslayer_pool, events.is_active, events.min_players, events.max_players, events.allow_challenges, events.created_at 
FROM events 
WHERE events.cluster_id = ? AND events.name = ?
2025-06-28 14:47:14,541 - sqlalchemy.engine.Engine - INFO - [cached since 0.1083s ago] (12, '2v2')
2025-06-28 14:47:14,542 - sqlalchemy.engine.Engine - INFO - INSERT INTO clusters (name, number, is_active, created_at) VALUES (?, ?, ?, CURRENT_TIMESTAMP) RETURNING id, created_at
2025-06-28 14:47:14,542 - sqlalchemy.engine.Engine - INFO - [cached since 0.1126s ago] ('Waiver Rat', 13, 1)
2025-06-28 14:47:14,543 - sqlalchemy.engine.Engine - INFO - INSERT INTO events (name, cluster_id, base_event_name, scoring_type, supported_scoring_types, score_direction, crownslayer_pool, is_active, min_players, max_players, allow_challenges, created_at) VALUES (?, ?, ?, ?, ?, ?, ?, ?, ?, ?, ?, CURRENT_TIMESTAMP) RETURNING id, created_at
2025-06-28 14:47:14,543 - sqlalchemy.engine.Engine - INFO - [cached since 0.1084s ago] ('2v2', 12, '2v2', 'Team', 'Team', None, 300, 1, 2, 10, 1)
2025-06-28 14:47:14,544 - __main__ - INFO - Created cluster 13: Waiver Rat
2025-06-28 14:47:14,544 - sqlalchemy.engine.Engine - INFO - SELECT events.id, events.name, events.cluster_id, events.base_event_name, events.scoring_type, events.supported_scoring_types, events.score_direction, events.crownslayer_pool, events.is_active, events.min_players, events.max_players, events.allow_challenges, events.created_at 
FROM events 
WHERE events.cluster_id = ? AND events.name = ?
2025-06-28 14:47:14,544 - sqlalchemy.engine.Engine - INFO - [cached since 0.1118s ago] (13, 'Rat.quiz')
2025-06-28 14:47:14,546 - sqlalchemy.engine.Engine - INFO - INSERT INTO events (name, cluster_id, base_event_name, scoring_type, supported_scoring_types, score_direction, crownslayer_pool, is_active, min_players, max_players, allow_challenges, created_at) VALUES (?, ?, ?, ?, ?, ?, ?, ?, ?, ?, ?, CURRENT_TIMESTAMP) RETURNING id, created_at
2025-06-28 14:47:14,546 - sqlalchemy.engine.Engine - INFO - [cached since 0.1111s ago] ('Rat.quiz', 13, 'Rat.quiz', '1v1', '1v1,Team', None, 300, 1, 2, 10, 1)
2025-06-28 14:47:14,547 - sqlalchemy.engine.Engine - INFO - SELECT events.id, events.name, events.cluster_id, events.base_event_name, events.scoring_type, events.supported_scoring_types, events.score_direction, events.crownslayer_pool, events.is_active, events.min_players, events.max_players, events.allow_challenges, events.created_at 
FROM events 
WHERE events.cluster_id = ? AND events.name = ?
2025-06-28 14:47:14,547 - sqlalchemy.engine.Engine - INFO - [cached since 0.1144s ago] (13, 'Rat.face')
2025-06-28 14:47:14,548 - sqlalchemy.engine.Engine - INFO - INSERT INTO events (name, cluster_id, base_event_name, scoring_type, supported_scoring_types, score_direction, crownslayer_pool, is_active, min_players, max_players, allow_challenges, created_at) VALUES (?, ?, ?, ?, ?, ?, ?, ?, ?, ?, ?, CURRENT_TIMESTAMP) RETURNING id, created_at
2025-06-28 14:47:14,548 - sqlalchemy.engine.Engine - INFO - [cached since 0.1136s ago] ('Rat.face', 13, 'Rat.face', '1v1', '1v1,Team', None, 300, 1, 2, 10, 1)
2025-06-28 14:47:14,549 - sqlalchemy.engine.Engine - INFO - SELECT events.id, events.name, events.cluster_id, events.base_event_name, events.scoring_type, events.supported_scoring_types, events.score_direction, events.crownslayer_pool, events.is_active, events.min_players, events.max_players, events.allow_challenges, events.created_at 
FROM events 
WHERE events.cluster_id = ? AND events.name = ?
2025-06-28 14:47:14,549 - sqlalchemy.engine.Engine - INFO - [cached since 0.1168s ago] (13, 'Rat.mash')
2025-06-28 14:47:14,551 - sqlalchemy.engine.Engine - INFO - INSERT INTO events (name, cluster_id, base_event_name, scoring_type, supported_scoring_types, score_direction, crownslayer_pool, is_active, min_players, max_players, allow_challenges, created_at) VALUES (?, ?, ?, ?, ?, ?, ?, ?, ?, ?, ?, CURRENT_TIMESTAMP) RETURNING id, created_at
2025-06-28 14:47:14,551 - sqlalchemy.engine.Engine - INFO - [cached since 0.1161s ago] ('Rat.mash', 13, 'Rat.mash', '1v1', '1v1,Team', None, 300, 1, 2, 10, 1)
2025-06-28 14:47:14,552 - sqlalchemy.engine.Engine - INFO - SELECT events.id, events.name, events.cluster_id, events.base_event_name, events.scoring_type, events.supported_scoring_types, events.score_direction, events.crownslayer_pool, events.is_active, events.min_players, events.max_players, events.allow_challenges, events.created_at 
FROM events 
WHERE events.cluster_id = ? AND events.name = ?
2025-06-28 14:47:14,552 - sqlalchemy.engine.Engine - INFO - [cached since 0.1193s ago] (13, 'Rat.hoop')
2025-06-28 14:47:14,553 - sqlalchemy.engine.Engine - INFO - INSERT INTO clusters (name, number, is_active, created_at) VALUES (?, ?, ?, CURRENT_TIMESTAMP) RETURNING id, created_at
2025-06-28 14:47:14,553 - sqlalchemy.engine.Engine - INFO - [cached since 0.1238s ago] ('Trivia', 14, 1)
2025-06-28 14:47:14,554 - sqlalchemy.engine.Engine - INFO - INSERT INTO events (name, cluster_id, base_event_name, scoring_type, supported_scoring_types, score_direction, crownslayer_pool, is_active, min_players, max_players, allow_challenges, created_at) VALUES (?, ?, ?, ?, ?, ?, ?, ?, ?, ?, ?, CURRENT_TIMESTAMP) RETURNING id, created_at
2025-06-28 14:47:14,554 - sqlalchemy.engine.Engine - INFO - [cached since 0.1198s ago] ('Rat.hoop', 13, 'Rat.hoop', '1v1', '1v1,Team', None, 300, 1, 2, 10, 1)
2025-06-28 14:47:14,555 - __main__ - INFO - Created cluster 14: Trivia
2025-06-28 14:47:14,556 - sqlalchemy.engine.Engine - INFO - SELECT events.id, events.name, events.cluster_id, events.base_event_name, events.scoring_type, events.supported_scoring_types, events.score_direction, events.crownslayer_pool, events.is_active, events.min_players, events.max_players, events.allow_challenges, events.created_at 
FROM events 
WHERE events.cluster_id = ? AND events.name = ?
2025-06-28 14:47:14,556 - sqlalchemy.engine.Engine - INFO - [cached since 0.1231s ago] (14, 'Geoguessr')
2025-06-28 14:47:14,557 - sqlalchemy.engine.Engine - INFO - INSERT INTO events (name, cluster_id, base_event_name, scoring_type, supported_scoring_types, score_direction, crownslayer_pool, is_active, min_players, max_players, allow_challenges, created_at) VALUES (?, ?, ?, ?, ?, ?, ?, ?, ?, ?, ?, CURRENT_TIMESTAMP) RETURNING id, created_at
2025-06-28 14:47:14,557 - sqlalchemy.engine.Engine - INFO - [cached since 0.1221s ago] ('Geoguessr', 14, 'Geoguessr', '1v1', '1v1,FFA', None, 300, 1, 2, 16, 1)
2025-06-28 14:47:14,558 - sqlalchemy.engine.Engine - INFO - SELECT events.id, events.name, events.cluster_id, events.base_event_name, events.scoring_type, events.supported_scoring_types, events.score_direction, events.crownslayer_pool, events.is_active, events.min_players, events.max_players, events.allow_challenges, events.created_at 
FROM events 
WHERE events.cluster_id = ? AND events.name = ?
2025-06-28 14:47:14,558 - sqlalchemy.engine.Engine - INFO - [cached since 0.1251s ago] (14, 'Protobowl')
2025-06-28 14:47:14,559 - sqlalchemy.engine.Engine - INFO - INSERT INTO events (name, cluster_id, base_event_name, scoring_type, supported_scoring_types, score_direction, crownslayer_pool, is_active, min_players, max_players, allow_challenges, created_at) VALUES (?, ?, ?, ?, ?, ?, ?, ?, ?, ?, ?, CURRENT_TIMESTAMP) RETURNING id, created_at
2025-06-28 14:47:14,559 - sqlalchemy.engine.Engine - INFO - [cached since 0.1242s ago] ('Protobowl', 14, 'Protobowl', '1v1', '1v1,FFA', None, 300, 1, 2, 16, 1)
2025-06-28 14:47:14,560 - sqlalchemy.engine.Engine - INFO - SELECT events.id, events.name, events.cluster_id, events.base_event_name, events.scoring_type, events.supported_scoring_types, events.score_direction, events.crownslayer_pool, events.is_active, events.min_players, events.max_players, events.allow_challenges, events.created_at 
FROM events 
WHERE events.cluster_id = ? AND events.name = ?
2025-06-28 14:47:14,560 - sqlalchemy.engine.Engine - INFO - [cached since 0.1272s ago] (14, 'Cine2nerdle')
2025-06-28 14:47:14,561 - sqlalchemy.engine.Engine - INFO - INSERT INTO events (name, cluster_id, base_event_name, scoring_type, supported_scoring_types, score_direction, crownslayer_pool, is_active, min_players, max_players, allow_challenges, created_at) VALUES (?, ?, ?, ?, ?, ?, ?, ?, ?, ?, ?, CURRENT_TIMESTAMP) RETURNING id, created_at
2025-06-28 14:47:14,561 - sqlalchemy.engine.Engine - INFO - [cached since 0.1262s ago] ('Cine2nerdle', 14, 'Cine2nerdle', '1v1', '1v1', None, 300, 1, 2, 2, 1)
2025-06-28 14:47:14,562 - sqlalchemy.engine.Engine - INFO - SELECT events.id, events.name, events.cluster_id, events.base_event_name, events.scoring_type, events.supported_scoring_types, events.score_direction, events.crownslayer_pool, events.is_active, events.min_players, events.max_players, events.allow_challenges, events.created_at 
FROM events 
WHERE events.cluster_id = ? AND events.name = ?
2025-06-28 14:47:14,562 - sqlalchemy.engine.Engine - INFO - [cached since 0.1293s ago] (14, 'Puckdoku')
2025-06-28 14:47:14,563 - sqlalchemy.engine.Engine - INFO - INSERT INTO clusters (name, number, is_active, created_at) VALUES (?, ?, ?, CURRENT_TIMESTAMP) RETURNING id, created_at
2025-06-28 14:47:14,563 - sqlalchemy.engine.Engine - INFO - [cached since 0.1334s ago] ('Gambling', 15, 1)
2025-06-28 14:47:14,564 - sqlalchemy.engine.Engine - INFO - INSERT INTO events (name, cluster_id, base_event_name, scoring_type, supported_scoring_types, score_direction, crownslayer_pool, is_active, min_players, max_players, allow_challenges, created_at) VALUES (?, ?, ?, ?, ?, ?, ?, ?, ?, ?, ?, CURRENT_TIMESTAMP) RETURNING id, created_at
2025-06-28 14:47:14,564 - sqlalchemy.engine.Engine - INFO - [cached since 0.1291s ago] ('Puckdoku', 14, 'Puckdoku', 'Leaderboard', 'Leaderboard', 'HIGH', 300, 1, 2, 16, 1)
2025-06-28 14:47:14,565 - __main__ - INFO - Created cluster 15: Gambling
2025-06-28 14:47:14,565 - sqlalchemy.engine.Engine - INFO - SELECT events.id, events.name, events.cluster_id, events.base_event_name, events.scoring_type, events.supported_scoring_types, events.score_direction, events.crownslayer_pool, events.is_active, events.min_players, events.max_players, events.allow_challenges, events.created_at 
FROM events 
WHERE events.cluster_id = ? AND events.name = ?
2025-06-28 14:47:14,565 - sqlalchemy.engine.Engine - INFO - [cached since 0.1324s ago] (15, 'Texas Holdem')
2025-06-28 14:47:14,566 - sqlalchemy.engine.Engine - INFO - INSERT INTO events (name, cluster_id, base_event_name, scoring_type, supported_scoring_types, score_direction, crownslayer_pool, is_active, min_players, max_players, allow_challenges, created_at) VALUES (?, ?, ?, ?, ?, ?, ?, ?, ?, ?, ?, CURRENT_TIMESTAMP) RETURNING id, created_at
2025-06-28 14:47:14,566 - sqlalchemy.engine.Engine - INFO - [cached since 0.1317s ago] ('Texas Holdem', 15, 'Texas Holdem', 'FFA', 'FFA', None, 300, 1, 2, 16, 1)
2025-06-28 14:47:14,567 - sqlalchemy.engine.Engine - INFO - SELECT events.id, events.name, events.cluster_id, events.base_event_name, events.scoring_type, events.supported_scoring_types, events.score_direction, events.crownslayer_pool, events.is_active, events.min_players, events.max_players, events.allow_challenges, events.created_at 
FROM events 
WHERE events.cluster_id = ? AND events.name = ?
2025-06-28 14:47:14,567 - sqlalchemy.engine.Engine - INFO - [cached since 0.1349s ago] (15, 'Sticky Apple')
2025-06-28 14:47:14,568 - sqlalchemy.engine.Engine - INFO - INSERT INTO events (name, cluster_id, base_event_name, scoring_type, supported_scoring_types, score_direction, crownslayer_pool, is_active, min_players, max_players, allow_challenges, created_at) VALUES (?, ?, ?, ?, ?, ?, ?, ?, ?, ?, ?, CURRENT_TIMESTAMP) RETURNING id, created_at
2025-06-28 14:47:14,569 - sqlalchemy.engine.Engine - INFO - [cached since 0.1339s ago] ('Sticky Apple', 15, 'Sticky Apple', 'FFA', 'FFA', None, 300, 1, 2, 16, 1)
2025-06-28 14:47:14,569 - sqlalchemy.engine.Engine - INFO - SELECT events.id, events.name, events.cluster_id, events.base_event_name, events.scoring_type, events.supported_scoring_types, events.score_direction, events.crownslayer_pool, events.is_active, events.min_players, events.max_players, events.allow_challenges, events.created_at 
FROM events 
WHERE events.cluster_id = ? AND events.name = ?
2025-06-28 14:47:14,570 - sqlalchemy.engine.Engine - INFO - [cached since 0.137s ago] (15, 'Craps')
2025-06-28 14:47:14,571 - sqlalchemy.engine.Engine - INFO - INSERT INTO clusters (name, number, is_active, created_at) VALUES (?, ?, ?, CURRENT_TIMESTAMP) RETURNING id, created_at
2025-06-28 14:47:14,571 - sqlalchemy.engine.Engine - INFO - [cached since 0.1411s ago] ('NYT Puzzles', 16, 1)
2025-06-28 14:47:14,571 - sqlalchemy.engine.Engine - INFO - INSERT INTO events (name, cluster_id, base_event_name, scoring_type, supported_scoring_types, score_direction, crownslayer_pool, is_active, min_players, max_players, allow_challenges, created_at) VALUES (?, ?, ?, ?, ?, ?, ?, ?, ?, ?, ?, CURRENT_TIMESTAMP) RETURNING id, created_at
2025-06-28 14:47:14,571 - sqlalchemy.engine.Engine - INFO - [cached since 0.1367s ago] ('Craps', 15, 'Craps', 'Leaderboard', 'Leaderboard', 'HIGH', 300, 1, 2, 16, 1)
2025-06-28 14:47:14,572 - __main__ - INFO - Created cluster 16: NYT Puzzles
2025-06-28 14:47:14,573 - sqlalchemy.engine.Engine - INFO - SELECT events.id, events.name, events.cluster_id, events.base_event_name, events.scoring_type, events.supported_scoring_types, events.score_direction, events.crownslayer_pool, events.is_active, events.min_players, events.max_players, events.allow_challenges, events.created_at 
FROM events 
WHERE events.cluster_id = ? AND events.name = ?
2025-06-28 14:47:14,573 - sqlalchemy.engine.Engine - INFO - [cached since 0.1402s ago] (16, 'Wordle')
2025-06-28 14:47:14,574 - sqlalchemy.engine.Engine - INFO - INSERT INTO events (name, cluster_id, base_event_name, scoring_type, supported_scoring_types, score_direction, crownslayer_pool, is_active, min_players, max_players, allow_challenges, created_at) VALUES (?, ?, ?, ?, ?, ?, ?, ?, ?, ?, ?, CURRENT_TIMESTAMP) RETURNING id, created_at
2025-06-28 14:47:14,574 - sqlalchemy.engine.Engine - INFO - [cached since 0.1391s ago] ('Wordle', 16, 'Wordle', 'Leaderboard', 'Leaderboard', 'LOW', 300, 1, 2, 16, 1)
2025-06-28 14:47:14,575 - sqlalchemy.engine.Engine - INFO - SELECT events.id, events.name, events.cluster_id, events.base_event_name, events.scoring_type, events.supported_scoring_types, events.score_direction, events.crownslayer_pool, events.is_active, events.min_players, events.max_players, events.allow_challenges, events.created_at 
FROM events 
WHERE events.cluster_id = ? AND events.name = ?
2025-06-28 14:47:14,575 - sqlalchemy.engine.Engine - INFO - [cached since 0.1421s ago] (16, 'Connections')
2025-06-28 14:47:14,576 - sqlalchemy.engine.Engine - INFO - INSERT INTO events (name, cluster_id, base_event_name, scoring_type, supported_scoring_types, score_direction, crownslayer_pool, is_active, min_players, max_players, allow_challenges, created_at) VALUES (?, ?, ?, ?, ?, ?, ?, ?, ?, ?, ?, CURRENT_TIMESTAMP) RETURNING id, created_at
2025-06-28 14:47:14,576 - sqlalchemy.engine.Engine - INFO - [cached since 0.1412s ago] ('Connections', 16, 'Connections', 'Leaderboard', 'Leaderboard', 'LOW', 300, 1, 2, 16, 1)
2025-06-28 14:47:14,577 - sqlalchemy.engine.Engine - INFO - SELECT events.id, events.name, events.cluster_id, events.base_event_name, events.scoring_type, events.supported_scoring_types, events.score_direction, events.crownslayer_pool, events.is_active, events.min_players, events.max_players, events.allow_challenges, events.created_at 
FROM events 
WHERE events.cluster_id = ? AND events.name = ?
2025-06-28 14:47:14,577 - sqlalchemy.engine.Engine - INFO - [cached since 0.1444s ago] (16, 'Strands')
2025-06-28 14:47:14,578 - sqlalchemy.engine.Engine - INFO - INSERT INTO events (name, cluster_id, base_event_name, scoring_type, supported_scoring_types, score_direction, crownslayer_pool, is_active, min_players, max_players, allow_challenges, created_at) VALUES (?, ?, ?, ?, ?, ?, ?, ?, ?, ?, ?, CURRENT_TIMESTAMP) RETURNING id, created_at
2025-06-28 14:47:14,578 - sqlalchemy.engine.Engine - INFO - [cached since 0.1434s ago] ('Strands', 16, 'Strands', 'Leaderboard', 'Leaderboard', 'LOW', 300, 1, 2, 16, 1)
2025-06-28 14:47:14,579 - sqlalchemy.engine.Engine - INFO - SELECT events.id, events.name, events.cluster_id, events.base_event_name, events.scoring_type, events.supported_scoring_types, events.score_direction, events.crownslayer_pool, events.is_active, events.min_players, events.max_players, events.allow_challenges, events.created_at 
FROM events 
WHERE events.cluster_id = ? AND events.name = ?
2025-06-28 14:47:14,579 - sqlalchemy.engine.Engine - INFO - [cached since 0.1464s ago] (16, 'Crossword')
2025-06-28 14:47:14,580 - sqlalchemy.engine.Engine - INFO - INSERT INTO events (name, cluster_id, base_event_name, scoring_type, supported_scoring_types, score_direction, crownslayer_pool, is_active, min_players, max_players, allow_challenges, created_at) VALUES (?, ?, ?, ?, ?, ?, ?, ?, ?, ?, ?, CURRENT_TIMESTAMP) RETURNING id, created_at
2025-06-28 14:47:14,580 - sqlalchemy.engine.Engine - INFO - [cached since 0.1455s ago] ('Crossword', 16, 'Crossword', 'Leaderboard', 'Leaderboard', 'LOW', 300, 1, 2, 16, 1)
2025-06-28 14:47:14,582 - sqlalchemy.engine.Engine - INFO - SELECT events.id, events.name, events.cluster_id, events.base_event_name, events.scoring_type, events.supported_scoring_types, events.score_direction, events.crownslayer_pool, events.is_active, events.min_players, events.max_players, events.allow_challenges, events.created_at 
FROM events 
WHERE events.cluster_id = ? AND events.name = ?
2025-06-28 14:47:14,582 - sqlalchemy.engine.Engine - INFO - [cached since 0.1492s ago] (16, 'Spelling Bee')
2025-06-28 14:47:14,583 - sqlalchemy.engine.Engine - INFO - INSERT INTO clusters (name, number, is_active, created_at) VALUES (?, ?, ?, CURRENT_TIMESTAMP) RETURNING id, created_at
2025-06-28 14:47:14,583 - sqlalchemy.engine.Engine - INFO - [cached since 0.1537s ago] ('Elementary Classics', 17, 1)
2025-06-28 14:47:14,584 - sqlalchemy.engine.Engine - INFO - INSERT INTO events (name, cluster_id, base_event_name, scoring_type, supported_scoring_types, score_direction, crownslayer_pool, is_active, min_players, max_players, allow_challenges, created_at) VALUES (?, ?, ?, ?, ?, ?, ?, ?, ?, ?, ?, CURRENT_TIMESTAMP) RETURNING id, created_at
2025-06-28 14:47:14,584 - sqlalchemy.engine.Engine - INFO - [cached since 0.1495s ago] ('Spelling Bee', 16, 'Spelling Bee', 'Leaderboard', 'Leaderboard', 'LOW', 300, 1, 2, 16, 1)
2025-06-28 14:47:14,585 - __main__ - INFO - Created cluster 17: Elementary Classics
2025-06-28 14:47:14,585 - sqlalchemy.engine.Engine - INFO - SELECT events.id, events.name, events.cluster_id, events.base_event_name, events.scoring_type, events.supported_scoring_types, events.score_direction, events.crownslayer_pool, events.is_active, events.min_players, events.max_players, events.allow_challenges, events.created_at 
FROM events 
WHERE events.cluster_id = ? AND events.name = ?
2025-06-28 14:47:14,585 - sqlalchemy.engine.Engine - INFO - [cached since 0.1528s ago] (17, '[2048]')
2025-06-28 14:47:14,586 - sqlalchemy.engine.Engine - INFO - INSERT INTO events (name, cluster_id, base_event_name, scoring_type, supported_scoring_types, score_direction, crownslayer_pool, is_active, min_players, max_players, allow_challenges, created_at) VALUES (?, ?, ?, ?, ?, ?, ?, ?, ?, ?, ?, CURRENT_TIMESTAMP) RETURNING id, created_at
2025-06-28 14:47:14,587 - sqlalchemy.engine.Engine - INFO - [cached since 0.1518s ago] ('[2048]', 17, '[2048]', 'Leaderboard', 'Leaderboard', 'HIGH', 300, 1, 2, 16, 1)
2025-06-28 14:47:14,587 - sqlalchemy.engine.Engine - INFO - SELECT events.id, events.name, events.cluster_id, events.base_event_name, events.scoring_type, events.supported_scoring_types, events.score_direction, events.crownslayer_pool, events.is_active, events.min_players, events.max_players, events.allow_challenges, events.created_at 
FROM events 
WHERE events.cluster_id = ? AND events.name = ?
2025-06-28 14:47:14,587 - sqlalchemy.engine.Engine - INFO - [cached since 0.1549s ago] (17, 'NitroType')
2025-06-28 14:47:14,589 - sqlalchemy.engine.Engine - INFO - INSERT INTO events (name, cluster_id, base_event_name, scoring_type, supported_scoring_types, score_direction, crownslayer_pool, is_active, min_players, max_players, allow_challenges, created_at) VALUES (?, ?, ?, ?, ?, ?, ?, ?, ?, ?, ?, CURRENT_TIMESTAMP) RETURNING id, created_at
2025-06-28 14:47:14,589 - sqlalchemy.engine.Engine - INFO - [cached since 0.154s ago] ('NitroType', 17, 'NitroType', '1v1', '1v1,FFA', None, 300, 1, 2, 16, 1)
2025-06-28 14:47:14,589 - sqlalchemy.engine.Engine - INFO - SELECT events.id, events.name, events.cluster_id, events.base_event_name, events.scoring_type, events.supported_scoring_types, events.score_direction, events.crownslayer_pool, events.is_active, events.min_players, events.max_players, events.allow_challenges, events.created_at 
FROM events 
WHERE events.cluster_id = ? AND events.name = ?
2025-06-28 14:47:14,590 - sqlalchemy.engine.Engine - INFO - [cached since 0.157s ago] (17, 'Fireboy and Watergirl')
2025-06-28 14:47:14,591 - sqlalchemy.engine.Engine - INFO - INSERT INTO events (name, cluster_id, base_event_name, scoring_type, supported_scoring_types, score_direction, crownslayer_pool, is_active, min_players, max_players, allow_challenges, created_at) VALUES (?, ?, ?, ?, ?, ?, ?, ?, ?, ?, ?, CURRENT_TIMESTAMP) RETURNING id, created_at
2025-06-28 14:47:14,591 - sqlalchemy.engine.Engine - INFO - [cached since 0.156s ago] ('Fireboy and Watergirl', 17, 'Fireboy and Watergirl', '1v1', '1v1', None, 300, 1, 2, 2, 1)
2025-06-28 14:47:14,591 - sqlalchemy.engine.Engine - INFO - SELECT events.id, events.name, events.cluster_id, events.base_event_name, events.scoring_type, events.supported_scoring_types, events.score_direction, events.crownslayer_pool, events.is_active, events.min_players, events.max_players, events.allow_challenges, events.created_at 
FROM events 
WHERE events.cluster_id = ? AND events.name = ?
2025-06-28 14:47:14,592 - sqlalchemy.engine.Engine - INFO - [cached since 0.159s ago] (17, 'Winnie the Pooh Home Run Derby')
2025-06-28 14:47:14,593 - sqlalchemy.engine.Engine - INFO - INSERT INTO clusters (name, number, is_active, created_at) VALUES (?, ?, ?, CURRENT_TIMESTAMP) RETURNING id, created_at
2025-06-28 14:47:14,593 - sqlalchemy.engine.Engine - INFO - [cached since 0.1631s ago] ('Party Games', 18, 1)
2025-06-28 14:47:14,594 - sqlalchemy.engine.Engine - INFO - INSERT INTO events (name, cluster_id, base_event_name, scoring_type, supported_scoring_types, score_direction, crownslayer_pool, is_active, min_players, max_players, allow_challenges, created_at) VALUES (?, ?, ?, ?, ?, ?, ?, ?, ?, ?, ?, CURRENT_TIMESTAMP) RETURNING id, created_at
2025-06-28 14:47:14,594 - sqlalchemy.engine.Engine - INFO - [cached since 0.159s ago] ('Winnie the Pooh Home Run Derby', 17, 'Winnie the Pooh Home Run Derby', 'Leaderboard', 'Leaderboard', 'LOW', 300, 1, 2, 16, 1)
2025-06-28 14:47:14,595 - __main__ - INFO - Created cluster 18: Party Games
2025-06-28 14:47:14,595 - sqlalchemy.engine.Engine - INFO - SELECT events.id, events.name, events.cluster_id, events.base_event_name, events.scoring_type, events.supported_scoring_types, events.score_direction, events.crownslayer_pool, events.is_active, events.min_players, events.max_players, events.allow_challenges, events.created_at 
FROM events 
WHERE events.cluster_id = ? AND events.name = ?
2025-06-28 14:47:14,595 - sqlalchemy.engine.Engine - INFO - [cached since 0.1624s ago] (18, 'Overcooked 2')
2025-06-28 14:47:14,596 - sqlalchemy.engine.Engine - INFO - INSERT INTO events (name, cluster_id, base_event_name, scoring_type, supported_scoring_types, score_direction, crownslayer_pool, is_active, min_players, max_players, allow_challenges, created_at) VALUES (?, ?, ?, ?, ?, ?, ?, ?, ?, ?, ?, CURRENT_TIMESTAMP) RETURNING id, created_at
2025-06-28 14:47:14,596 - sqlalchemy.engine.Engine - INFO - [cached since 0.1614s ago] ('Overcooked 2', 18, 'Overcooked 2', 'Team', 'Team', None, 300, 1, 2, 10, 1)
2025-06-28 14:47:14,597 - sqlalchemy.engine.Engine - INFO - SELECT events.id, events.name, events.cluster_id, events.base_event_name, events.scoring_type, events.supported_scoring_types, events.score_direction, events.crownslayer_pool, events.is_active, events.min_players, events.max_players, events.allow_challenges, events.created_at 
FROM events 
WHERE events.cluster_id = ? AND events.name = ?
2025-06-28 14:47:14,597 - sqlalchemy.engine.Engine - INFO - [cached since 0.1647s ago] (18, 'Stumble Guys')
2025-06-28 14:47:14,598 - sqlalchemy.engine.Engine - INFO - INSERT INTO events (name, cluster_id, base_event_name, scoring_type, supported_scoring_types, score_direction, crownslayer_pool, is_active, min_players, max_players, allow_challenges, created_at) VALUES (?, ?, ?, ?, ?, ?, ?, ?, ?, ?, ?, CURRENT_TIMESTAMP) RETURNING id, created_at
2025-06-28 14:47:14,598 - sqlalchemy.engine.Engine - INFO - [cached since 0.1638s ago] ('Stumble Guys', 18, 'Stumble Guys', 'FFA', 'FFA', None, 300, 1, 2, 16, 1)
2025-06-28 14:47:14,599 - sqlalchemy.engine.Engine - INFO - SELECT events.id, events.name, events.cluster_id, events.base_event_name, events.scoring_type, events.supported_scoring_types, events.score_direction, events.crownslayer_pool, events.is_active, events.min_players, events.max_players, events.allow_challenges, events.created_at 
FROM events 
WHERE events.cluster_id = ? AND events.name = ?
2025-06-28 14:47:14,599 - sqlalchemy.engine.Engine - INFO - [cached since 0.1668s ago] (18, 'Uno')
2025-06-28 14:47:14,600 - sqlalchemy.engine.Engine - INFO - INSERT INTO events (name, cluster_id, base_event_name, scoring_type, supported_scoring_types, score_direction, crownslayer_pool, is_active, min_players, max_players, allow_challenges, created_at) VALUES (?, ?, ?, ?, ?, ?, ?, ?, ?, ?, ?, CURRENT_TIMESTAMP) RETURNING id, created_at
2025-06-28 14:47:14,601 - sqlalchemy.engine.Engine - INFO - [cached since 0.1658s ago] ('Uno', 18, 'Uno', 'FFA', 'FFA', None, 300, 1, 2, 16, 1)
2025-06-28 14:47:14,601 - sqlalchemy.engine.Engine - INFO - SELECT events.id, events.name, events.cluster_id, events.base_event_name, events.scoring_type, events.supported_scoring_types, events.score_direction, events.crownslayer_pool, events.is_active, events.min_players, events.max_players, events.allow_challenges, events.created_at 
FROM events 
WHERE events.cluster_id = ? AND events.name = ?
2025-06-28 14:47:14,601 - sqlalchemy.engine.Engine - INFO - [cached since 0.1688s ago] (18, 'Outlaster')
2025-06-28 14:47:14,602 - sqlalchemy.engine.Engine - INFO - INSERT INTO clusters (name, number, is_active, created_at) VALUES (?, ?, ?, CURRENT_TIMESTAMP) RETURNING id, created_at
2025-06-28 14:47:14,603 - sqlalchemy.engine.Engine - INFO - [cached since 0.1731s ago] ('Other', 19, 1)
2025-06-28 14:47:14,603 - sqlalchemy.engine.Engine - INFO - INSERT INTO events (name, cluster_id, base_event_name, scoring_type, supported_scoring_types, score_direction, crownslayer_pool, is_active, min_players, max_players, allow_challenges, created_at) VALUES (?, ?, ?, ?, ?, ?, ?, ?, ?, ?, ?, CURRENT_TIMESTAMP) RETURNING id, created_at
2025-06-28 14:47:14,603 - sqlalchemy.engine.Engine - INFO - [cached since 0.1687s ago] ('Outlaster', 18, 'Outlaster', 'FFA', 'FFA', None, 300, 1, 2, 16, 1)
2025-06-28 14:47:14,604 - __main__ - INFO - Created cluster 19: Other
2025-06-28 14:47:14,605 - sqlalchemy.engine.Engine - INFO - SELECT events.id, events.name, events.cluster_id, events.base_event_name, events.scoring_type, events.supported_scoring_types, events.score_direction, events.crownslayer_pool, events.is_active, events.min_players, events.max_players, events.allow_challenges, events.created_at 
FROM events 
WHERE events.cluster_id = ? AND events.name = ?
2025-06-28 14:47:14,605 - sqlalchemy.engine.Engine - INFO - [cached since 0.1722s ago] (19, 'Geometry Dash')
2025-06-28 14:47:14,606 - sqlalchemy.engine.Engine - INFO - INSERT INTO events (name, cluster_id, base_event_name, scoring_type, supported_scoring_types, score_direction, crownslayer_pool, is_active, min_players, max_players, allow_challenges, created_at) VALUES (?, ?, ?, ?, ?, ?, ?, ?, ?, ?, ?, CURRENT_TIMESTAMP) RETURNING id, created_at
2025-06-28 14:47:14,606 - sqlalchemy.engine.Engine - INFO - [cached since 0.1714s ago] ('Geometry Dash', 19, 'Geometry Dash', '1v1', '1v1', None, 300, 1, 2, 2, 1)
2025-06-28 14:47:14,607 - sqlalchemy.engine.Engine - INFO - SELECT events.id, events.name, events.cluster_id, events.base_event_name, events.scoring_type, events.supported_scoring_types, events.score_direction, events.crownslayer_pool, events.is_active, events.min_players, events.max_players, events.allow_challenges, events.created_at 
FROM events 
WHERE events.cluster_id = ? AND events.name = ?
2025-06-28 14:47:14,607 - sqlalchemy.engine.Engine - INFO - [cached since 0.1745s ago] (19, 'League of Legends')
2025-06-28 14:47:14,608 - sqlalchemy.engine.Engine - INFO - INSERT INTO events (name, cluster_id, base_event_name, scoring_type, supported_scoring_types, score_direction, crownslayer_pool, is_active, min_players, max_players, allow_challenges, created_at) VALUES (?, ?, ?, ?, ?, ?, ?, ?, ?, ?, ?, CURRENT_TIMESTAMP) RETURNING id, created_at
2025-06-28 14:47:14,608 - sqlalchemy.engine.Engine - INFO - [cached since 0.1736s ago] ('League of Legends', 19, 'League of Legends', '1v1', '1v1,Team', None, 300, 1, 2, 10, 1)
2025-06-28 14:47:14,609 - sqlalchemy.engine.Engine - INFO - SELECT events.id, events.name, events.cluster_id, events.base_event_name, events.scoring_type, events.supported_scoring_types, events.score_direction, events.crownslayer_pool, events.is_active, events.min_players, events.max_players, events.allow_challenges, events.created_at 
FROM events 
WHERE events.cluster_id = ? AND events.name = ?
2025-06-28 14:47:14,609 - sqlalchemy.engine.Engine - INFO - [cached since 0.1769s ago] (19, 'Roark AOT Game')
2025-06-28 14:47:14,611 - sqlalchemy.engine.Engine - INFO - INSERT INTO clusters (name, number, is_active, created_at) VALUES (?, ?, ?, CURRENT_TIMESTAMP) RETURNING id, created_at
2025-06-28 14:47:14,611 - sqlalchemy.engine.Engine - INFO - [cached since 0.1811s ago] ('Meme', 20, 1)
2025-06-28 14:47:14,613 - sqlalchemy.engine.Engine - INFO - INSERT INTO events (name, cluster_id, base_event_name, scoring_type, supported_scoring_types, score_direction, crownslayer_pool, is_active, min_players, max_players, allow_challenges, created_at) VALUES (?, ?, ?, ?, ?, ?, ?, ?, ?, ?, ?, CURRENT_TIMESTAMP) RETURNING id, created_at
2025-06-28 14:47:14,613 - sqlalchemy.engine.Engine - INFO - [cached since 0.1779s ago] ('Roark AOT Game', 19, 'Roark AOT Game', 'Team', 'Team', None, 300, 1, 2, 10, 1)
2025-06-28 14:47:14,614 - __main__ - INFO - Created cluster 20: Meme
2025-06-28 14:47:14,614 - sqlalchemy.engine.Engine - INFO - SELECT events.id, events.name, events.cluster_id, events.base_event_name, events.scoring_type, events.supported_scoring_types, events.score_direction, events.crownslayer_pool, events.is_active, events.min_players, events.max_players, events.allow_challenges, events.created_at 
FROM events 
WHERE events.cluster_id = ? AND events.name = ?
2025-06-28 14:47:14,614 - sqlalchemy.engine.Engine - INFO - [cached since 0.1817s ago] (20, 'AMOGUS')
2025-06-28 14:47:14,615 - sqlalchemy.engine.Engine - INFO - INSERT INTO events (name, cluster_id, base_event_name, scoring_type, supported_scoring_types, score_direction, crownslayer_pool, is_active, min_players, max_players, allow_challenges, created_at) VALUES (?, ?, ?, ?, ?, ?, ?, ?, ?, ?, ?, CURRENT_TIMESTAMP) RETURNING id, created_at
2025-06-28 14:47:14,615 - sqlalchemy.engine.Engine - INFO - [cached since 0.1807s ago] ('AMOGUS', 20, 'AMOGUS', 'Team', 'Team', None, 300, 1, 2, 10, 1)
2025-06-28 14:47:14,616 - sqlalchemy.engine.Engine - INFO - SELECT events.id, events.name, events.cluster_id, events.base_event_name, events.scoring_type, events.supported_scoring_types, events.score_direction, events.crownslayer_pool, events.is_active, events.min_players, events.max_players, events.allow_challenges, events.created_at 
FROM events 
WHERE events.cluster_id = ? AND events.name = ?
2025-06-28 14:47:14,616 - sqlalchemy.engine.Engine - INFO - [cached since 0.1838s ago] (20, 'Flip a coin ')
2025-06-28 14:47:14,617 - sqlalchemy.engine.Engine - INFO - INSERT INTO events (name, cluster_id, base_event_name, scoring_type, supported_scoring_types, score_direction, crownslayer_pool, is_active, min_players, max_players, allow_challenges, created_at) VALUES (?, ?, ?, ?, ?, ?, ?, ?, ?, ?, ?, CURRENT_TIMESTAMP) RETURNING id, created_at
2025-06-28 14:47:14,617 - sqlalchemy.engine.Engine - INFO - [cached since 0.1827s ago] ('Flip a coin ', 20, 'Flip a coin ', '1v1', '1v1', None, 300, 1, 2, 2, 1)
2025-06-28 14:47:14,618 - sqlalchemy.engine.Engine - INFO - COMMIT
2025-06-28 14:47:14,625 - bot.database.database - INFO - Database connection closed
2025-06-28 14:47:14,625 - __main__ - INFO - CSV population completed: 20 clusters, 70 events created, 0 events skipped
