2025-06-26 22:08:07,849 - __main__ - INFO - Starting CSV population script...
2025-06-26 22:08:07,849 - bot.database.database - INFO - Initializing database...
2025-06-26 22:08:07,861 - sqlalchemy.engine.Engine - INFO - BEGIN (implicit)
2025-06-26 22:08:07,861 - sqlalchemy.engine.Engine - INFO - PRAGMA main.table_info("clusters")
2025-06-26 22:08:07,862 - sqlalchemy.engine.Engine - INFO - [raw sql] ()
2025-06-26 22:08:07,863 - sqlalchemy.engine.Engine - INFO - PRAGMA main.table_info("events")
2025-06-26 22:08:07,863 - sqlalchemy.engine.Engine - INFO - [raw sql] ()
2025-06-26 22:08:07,864 - sqlalchemy.engine.Engine - INFO - PRAGMA main.table_info("players")
2025-06-26 22:08:07,864 - sqlalchemy.engine.Engine - INFO - [raw sql] ()
2025-06-26 22:08:07,865 - sqlalchemy.engine.Engine - INFO - PRAGMA main.table_info("games")
2025-06-26 22:08:07,865 - sqlalchemy.engine.Engine - INFO - [raw sql] ()
2025-06-26 22:08:07,866 - sqlalchemy.engine.Engine - INFO - PRAGMA main.table_info("challenges")
2025-06-26 22:08:07,866 - sqlalchemy.engine.Engine - INFO - [raw sql] ()
2025-06-26 22:08:07,867 - sqlalchemy.engine.Engine - INFO - PRAGMA main.table_info("tournaments")
2025-06-26 22:08:07,868 - sqlalchemy.engine.Engine - INFO - [raw sql] ()
2025-06-26 22:08:07,868 - sqlalchemy.engine.Engine - INFO - PRAGMA main.table_info("elo_history")
2025-06-26 22:08:07,869 - sqlalchemy.engine.Engine - INFO - [raw sql] ()
2025-06-26 22:08:07,869 - sqlalchemy.engine.Engine - INFO - PRAGMA main.table_info("tickets")
2025-06-26 22:08:07,869 - sqlalchemy.engine.Engine - INFO - [raw sql] ()
2025-06-26 22:08:07,870 - sqlalchemy.engine.Engine - INFO - PRAGMA main.table_info("matches")
2025-06-26 22:08:07,870 - sqlalchemy.engine.Engine - INFO - [raw sql] ()
2025-06-26 22:08:07,871 - sqlalchemy.engine.Engine - INFO - PRAGMA main.table_info("match_participants")
2025-06-26 22:08:07,871 - sqlalchemy.engine.Engine - INFO - [raw sql] ()
2025-06-26 22:08:07,872 - sqlalchemy.engine.Engine - INFO - PRAGMA main.table_info("match_result_proposals")
2025-06-26 22:08:07,872 - sqlalchemy.engine.Engine - INFO - [raw sql] ()
2025-06-26 22:08:07,873 - sqlalchemy.engine.Engine - INFO - PRAGMA main.table_info("match_confirmations")
2025-06-26 22:08:07,873 - sqlalchemy.engine.Engine - INFO - [raw sql] ()
2025-06-26 22:08:07,874 - sqlalchemy.engine.Engine - INFO - PRAGMA main.table_info("player_event_stats")
2025-06-26 22:08:07,875 - sqlalchemy.engine.Engine - INFO - [raw sql] ()
2025-06-26 22:08:07,876 - sqlalchemy.engine.Engine - INFO - PRAGMA main.table_info("player_event_personal_bests")
2025-06-26 22:08:07,876 - sqlalchemy.engine.Engine - INFO - [raw sql] ()
2025-06-26 22:08:07,877 - sqlalchemy.engine.Engine - INFO - PRAGMA main.table_info("weekly_scores")
2025-06-26 22:08:07,877 - sqlalchemy.engine.Engine - INFO - [raw sql] ()
2025-06-26 22:08:07,877 - sqlalchemy.engine.Engine - INFO - PRAGMA main.table_info("player_weekly_leaderboard_elo")
2025-06-26 22:08:07,878 - sqlalchemy.engine.Engine - INFO - [raw sql] ()
2025-06-26 22:08:07,879 - sqlalchemy.engine.Engine - INFO - PRAGMA main.table_info("ticket_ledger")
2025-06-26 22:08:07,879 - sqlalchemy.engine.Engine - INFO - [raw sql] ()
2025-06-26 22:08:07,881 - sqlalchemy.engine.Engine - INFO - COMMIT
2025-06-26 22:08:07,882 - bot.database.database - INFO - Database initialized successfully
2025-06-26 22:08:07,883 - sqlalchemy.engine.Engine - INFO - BEGIN (implicit)
2025-06-26 22:08:07,953 - sqlalchemy.engine.Engine - INFO - SELECT count(games.id) AS count_1 
FROM games
2025-06-26 22:08:07,954 - sqlalchemy.engine.Engine - INFO - [generated in 0.00045s] ()
2025-06-26 22:08:07,956 - sqlalchemy.engine.Engine - INFO - SELECT count(clusters.id) AS count_1 
FROM clusters
2025-06-26 22:08:07,956 - sqlalchemy.engine.Engine - INFO - [generated in 0.00024s] ()
2025-06-26 22:08:07,957 - sqlalchemy.engine.Engine - INFO - ROLLBACK
2025-06-26 22:08:07,958 - __main__ - INFO - Clearing existing clusters and events...
2025-06-26 22:08:07,958 - sqlalchemy.engine.Engine - INFO - BEGIN (implicit)
2025-06-26 22:08:07,959 - sqlalchemy.engine.Engine - INFO - DELETE FROM events
2025-06-26 22:08:07,959 - sqlalchemy.engine.Engine - INFO - [generated in 0.00029s] ()
2025-06-26 22:08:07,961 - sqlalchemy.engine.Engine - INFO - DELETE FROM clusters
2025-06-26 22:08:07,961 - sqlalchemy.engine.Engine - INFO - [generated in 0.00020s] ()
2025-06-26 22:08:07,962 - sqlalchemy.engine.Engine - INFO - COMMIT
2025-06-26 22:08:07,966 - __main__ - INFO - Existing data cleared successfully
2025-06-26 22:08:07,968 - sqlalchemy.engine.Engine - INFO - BEGIN (implicit)
2025-06-26 22:08:07,970 - sqlalchemy.engine.Engine - INFO - INSERT INTO clusters (name, number, is_active, created_at) VALUES (?, ?, ?, CURRENT_TIMESTAMP) RETURNING id, created_at
2025-06-26 22:08:07,970 - sqlalchemy.engine.Engine - INFO - [generated in 0.00034s] ('Chess', 1, 1)
2025-06-26 22:08:07,972 - __main__ - INFO - Created cluster 1: Chess
2025-06-26 22:08:07,973 - sqlalchemy.engine.Engine - INFO - INSERT INTO clusters (name, number, is_active, created_at) VALUES (?, ?, ?, CURRENT_TIMESTAMP) RETURNING id, created_at
2025-06-26 22:08:07,973 - sqlalchemy.engine.Engine - INFO - [cached since 0.003204s ago] ('Pokemon', 2, 1)
2025-06-26 22:08:07,976 - sqlalchemy.engine.Engine - INFO - INSERT INTO events (name, cluster_id, scoring_type, score_direction, crownslayer_pool, is_active, min_players, max_players, allow_challenges, created_at) VALUES (?, ?, ?, ?, ?, ?, ?, ?, ?, CURRENT_TIMESTAMP) RETURNING id, created_at
2025-06-26 22:08:07,976 - sqlalchemy.engine.Engine - INFO - [generated in 0.00021s (insertmanyvalues) 1/3 (ordered; batch not supported)] ('Bullet', 1, '1v1', None, 300, 1, 2, 2, 1)
2025-06-26 22:08:07,977 - sqlalchemy.engine.Engine - INFO - INSERT INTO events (name, cluster_id, scoring_type, score_direction, crownslayer_pool, is_active, min_players, max_players, allow_challenges, created_at) VALUES (?, ?, ?, ?, ?, ?, ?, ?, ?, CURRENT_TIMESTAMP) RETURNING id, created_at
2025-06-26 22:08:07,978 - sqlalchemy.engine.Engine - INFO - [insertmanyvalues 2/3 (ordered; batch not supported)] ('Blitz', 1, '1v1', None, 300, 1, 2, 2, 1)
2025-06-26 22:08:07,978 - sqlalchemy.engine.Engine - INFO - INSERT INTO events (name, cluster_id, scoring_type, score_direction, crownslayer_pool, is_active, min_players, max_players, allow_challenges, created_at) VALUES (?, ?, ?, ?, ?, ?, ?, ?, ?, CURRENT_TIMESTAMP) RETURNING id, created_at
2025-06-26 22:08:07,978 - sqlalchemy.engine.Engine - INFO - [insertmanyvalues 3/3 (ordered; batch not supported)] ('Rapid', 1, '1v1', None, 300, 1, 2, 2, 1)
2025-06-26 22:08:07,980 - __main__ - INFO - Created cluster 2: Pokemon
2025-06-26 22:08:07,981 - sqlalchemy.engine.Engine - INFO - INSERT INTO clusters (name, number, is_active, created_at) VALUES (?, ?, ?, CURRENT_TIMESTAMP) RETURNING id, created_at
2025-06-26 22:08:07,981 - sqlalchemy.engine.Engine - INFO - [cached since 0.01126s ago] ('FPS', 3, 1)
2025-06-26 22:08:07,983 - sqlalchemy.engine.Engine - INFO - INSERT INTO events (name, cluster_id, scoring_type, score_direction, crownslayer_pool, is_active, min_players, max_players, allow_challenges, created_at) VALUES (?, ?, ?, ?, ?, ?, ?, ?, ?, CURRENT_TIMESTAMP) RETURNING id, created_at
2025-06-26 22:08:07,983 - sqlalchemy.engine.Engine - INFO - [cached since 0.007119s ago (insertmanyvalues) 1/4 (ordered; batch not supported)] ('Showdown (OU)', 2, '1v1', None, 300, 1, 2, 2, 1)
2025-06-26 22:08:07,984 - sqlalchemy.engine.Engine - INFO - INSERT INTO events (name, cluster_id, scoring_type, score_direction, crownslayer_pool, is_active, min_players, max_players, allow_challenges, created_at) VALUES (?, ?, ?, ?, ?, ?, ?, ?, ?, CURRENT_TIMESTAMP) RETURNING id, created_at
2025-06-26 22:08:07,984 - sqlalchemy.engine.Engine - INFO - [insertmanyvalues 2/4 (ordered; batch not supported)] ('Showdown (Monotype)', 2, '1v1', None, 300, 1, 2, 2, 1)
2025-06-26 22:08:07,985 - sqlalchemy.engine.Engine - INFO - INSERT INTO events (name, cluster_id, scoring_type, score_direction, crownslayer_pool, is_active, min_players, max_players, allow_challenges, created_at) VALUES (?, ?, ?, ?, ?, ?, ?, ?, ?, CURRENT_TIMESTAMP) RETURNING id, created_at
2025-06-26 22:08:07,985 - sqlalchemy.engine.Engine - INFO - [insertmanyvalues 3/4 (ordered; batch not supported)] ('Showdown (Random)', 2, '1v1', None, 300, 1, 2, 2, 1)
2025-06-26 22:08:07,985 - sqlalchemy.engine.Engine - INFO - INSERT INTO events (name, cluster_id, scoring_type, score_direction, crownslayer_pool, is_active, min_players, max_players, allow_challenges, created_at) VALUES (?, ?, ?, ?, ?, ?, ?, ?, ?, CURRENT_TIMESTAMP) RETURNING id, created_at
2025-06-26 22:08:07,985 - sqlalchemy.engine.Engine - INFO - [insertmanyvalues 4/4 (ordered; batch not supported)] ('Infinite Fusion', 2, '1v1', None, 300, 1, 2, 2, 1)
2025-06-26 22:08:07,986 - __main__ - INFO - Created cluster 3: FPS
2025-06-26 22:08:07,987 - sqlalchemy.engine.Engine - INFO - INSERT INTO clusters (name, number, is_active, created_at) VALUES (?, ?, ?, CURRENT_TIMESTAMP) RETURNING id, created_at
2025-06-26 22:08:07,988 - sqlalchemy.engine.Engine - INFO - [cached since 0.01801s ago] ('Roblox Combat', 4, 1)
2025-06-26 22:08:07,989 - sqlalchemy.engine.Engine - INFO - INSERT INTO events (name, cluster_id, scoring_type, score_direction, crownslayer_pool, is_active, min_players, max_players, allow_challenges, created_at) VALUES (?, ?, ?, ?, ?, ?, ?, ?, ?, CURRENT_TIMESTAMP) RETURNING id, created_at
2025-06-26 22:08:07,989 - sqlalchemy.engine.Engine - INFO - [cached since 0.01328s ago (insertmanyvalues) 1/4 (ordered; batch not supported)] ('Operations Siege (Team)', 3, 'Team', None, 300, 1, 4, 10, 1)
2025-06-26 22:08:07,990 - sqlalchemy.engine.Engine - INFO - INSERT INTO events (name, cluster_id, scoring_type, score_direction, crownslayer_pool, is_active, min_players, max_players, allow_challenges, created_at) VALUES (?, ?, ?, ?, ?, ?, ?, ?, ?, CURRENT_TIMESTAMP) RETURNING id, created_at
2025-06-26 22:08:07,990 - sqlalchemy.engine.Engine - INFO - [insertmanyvalues 2/4 (ordered; batch not supported)] ('Arsenal', 3, 'FFA', None, 300, 1, 3, 16, 1)
2025-06-26 22:08:07,991 - sqlalchemy.engine.Engine - INFO - INSERT INTO events (name, cluster_id, scoring_type, score_direction, crownslayer_pool, is_active, min_players, max_players, allow_challenges, created_at) VALUES (?, ?, ?, ?, ?, ?, ?, ?, ?, CURRENT_TIMESTAMP) RETURNING id, created_at
2025-06-26 22:08:07,991 - sqlalchemy.engine.Engine - INFO - [insertmanyvalues 3/4 (ordered; batch not supported)] ('Krunker (1v1)', 3, '1v1', None, 300, 1, 2, 2, 1)
2025-06-26 22:08:07,991 - sqlalchemy.engine.Engine - INFO - INSERT INTO events (name, cluster_id, scoring_type, score_direction, crownslayer_pool, is_active, min_players, max_players, allow_challenges, created_at) VALUES (?, ?, ?, ?, ?, ?, ?, ?, ?, CURRENT_TIMESTAMP) RETURNING id, created_at
2025-06-26 22:08:07,992 - sqlalchemy.engine.Engine - INFO - [insertmanyvalues 4/4 (ordered; batch not supported)] ('Krunker (FFA)', 3, 'FFA', None, 300, 1, 3, 16, 1)
2025-06-26 22:08:07,993 - __main__ - INFO - Created cluster 4: Roblox Combat
2025-06-26 22:08:07,993 - sqlalchemy.engine.Engine - INFO - INSERT INTO clusters (name, number, is_active, created_at) VALUES (?, ?, ?, CURRENT_TIMESTAMP) RETURNING id, created_at
2025-06-26 22:08:07,994 - sqlalchemy.engine.Engine - INFO - [cached since 0.02402s ago] ('Sports', 5, 1)
2025-06-26 22:08:07,995 - sqlalchemy.engine.Engine - INFO - INSERT INTO events (name, cluster_id, scoring_type, score_direction, crownslayer_pool, is_active, min_players, max_players, allow_challenges, created_at) VALUES (?, ?, ?, ?, ?, ?, ?, ?, ?, CURRENT_TIMESTAMP) RETURNING id, created_at
2025-06-26 22:08:07,995 - sqlalchemy.engine.Engine - INFO - [cached since 0.01946s ago (insertmanyvalues) 1/4 (ordered; batch not supported)] ('Zzzwrite vs imaginethis3 burger king rp (1v1)', 4, '1v1', None, 300, 1, 2, 2, 1)
2025-06-26 22:08:07,996 - sqlalchemy.engine.Engine - INFO - INSERT INTO events (name, cluster_id, scoring_type, score_direction, crownslayer_pool, is_active, min_players, max_players, allow_challenges, created_at) VALUES (?, ?, ?, ?, ?, ?, ?, ?, ?, CURRENT_TIMESTAMP) RETURNING id, created_at
2025-06-26 22:08:07,996 - sqlalchemy.engine.Engine - INFO - [insertmanyvalues 2/4 (ordered; batch not supported)] ('Zzzwrite vs imaginethis3 burger king rp (FFA)', 4, 'FFA', None, 300, 1, 3, 16, 1)
2025-06-26 22:08:07,997 - sqlalchemy.engine.Engine - INFO - INSERT INTO events (name, cluster_id, scoring_type, score_direction, crownslayer_pool, is_active, min_players, max_players, allow_challenges, created_at) VALUES (?, ?, ?, ?, ?, ?, ?, ?, ?, CURRENT_TIMESTAMP) RETURNING id, created_at
2025-06-26 22:08:07,997 - sqlalchemy.engine.Engine - INFO - [insertmanyvalues 3/4 (ordered; batch not supported)] ('Your Bizarre Adventure', 4, '1v1', None, 300, 1, 2, 2, 1)
2025-06-26 22:08:07,998 - sqlalchemy.engine.Engine - INFO - INSERT INTO events (name, cluster_id, scoring_type, score_direction, crownslayer_pool, is_active, min_players, max_players, allow_challenges, created_at) VALUES (?, ?, ?, ?, ?, ?, ?, ?, ?, CURRENT_TIMESTAMP) RETURNING id, created_at
2025-06-26 22:08:07,998 - sqlalchemy.engine.Engine - INFO - [insertmanyvalues 4/4 (ordered; batch not supported)] ('Star Wars Lightsaber Battles 2', 4, '1v1', None, 300, 1, 2, 2, 1)
2025-06-26 22:08:07,999 - __main__ - INFO - Created cluster 5: Sports
2025-06-26 22:08:08,000 - sqlalchemy.engine.Engine - INFO - INSERT INTO clusters (name, number, is_active, created_at) VALUES (?, ?, ?, CURRENT_TIMESTAMP) RETURNING id, created_at
2025-06-26 22:08:08,000 - sqlalchemy.engine.Engine - INFO - [cached since 0.03048s ago] ('Tetris', 6, 1)
2025-06-26 22:08:08,002 - sqlalchemy.engine.Engine - INFO - INSERT INTO events (name, cluster_id, scoring_type, score_direction, crownslayer_pool, is_active, min_players, max_players, allow_challenges, created_at) VALUES (?, ?, ?, ?, ?, ?, ?, ?, ?, CURRENT_TIMESTAMP) RETURNING id, created_at
2025-06-26 22:08:08,002 - sqlalchemy.engine.Engine - INFO - [cached since 0.0263s ago (insertmanyvalues) 1/4 (ordered; batch not supported)] ('Basketball Legends (Team)', 5, 'Team', None, 300, 1, 4, 10, 1)
2025-06-26 22:08:08,004 - sqlalchemy.engine.Engine - INFO - INSERT INTO events (name, cluster_id, scoring_type, score_direction, crownslayer_pool, is_active, min_players, max_players, allow_challenges, created_at) VALUES (?, ?, ?, ?, ?, ?, ?, ?, ?, CURRENT_TIMESTAMP) RETURNING id, created_at
2025-06-26 22:08:08,004 - sqlalchemy.engine.Engine - INFO - [insertmanyvalues 2/4 (ordered; batch not supported)] ('Football Fusion (Team)', 5, 'Team', None, 300, 1, 4, 10, 1)
2025-06-26 22:08:08,005 - sqlalchemy.engine.Engine - INFO - INSERT INTO events (name, cluster_id, scoring_type, score_direction, crownslayer_pool, is_active, min_players, max_players, allow_challenges, created_at) VALUES (?, ?, ?, ?, ?, ?, ?, ?, ?, CURRENT_TIMESTAMP) RETURNING id, created_at
2025-06-26 22:08:08,005 - sqlalchemy.engine.Engine - INFO - [insertmanyvalues 3/4 (ordered; batch not supported)] ('Madden 24', 5, '1v1', None, 300, 1, 2, 2, 1)
2025-06-26 22:08:08,006 - sqlalchemy.engine.Engine - INFO - INSERT INTO events (name, cluster_id, scoring_type, score_direction, crownslayer_pool, is_active, min_players, max_players, allow_challenges, created_at) VALUES (?, ?, ?, ?, ?, ?, ?, ?, ?, CURRENT_TIMESTAMP) RETURNING id, created_at
2025-06-26 22:08:08,006 - sqlalchemy.engine.Engine - INFO - [insertmanyvalues 4/4 (ordered; batch not supported)] ('NBA 2k25', 5, '1v1', None, 300, 1, 2, 2, 1)
2025-06-26 22:08:08,007 - __main__ - INFO - Created cluster 6: Tetris
2025-06-26 22:08:08,008 - sqlalchemy.engine.Engine - INFO - INSERT INTO clusters (name, number, is_active, created_at) VALUES (?, ?, ?, CURRENT_TIMESTAMP) RETURNING id, created_at
2025-06-26 22:08:08,008 - sqlalchemy.engine.Engine - INFO - [cached since 0.03875s ago] ('IO Games', 7, 1)
2025-06-26 22:08:08,010 - sqlalchemy.engine.Engine - INFO - INSERT INTO events (name, cluster_id, scoring_type, score_direction, crownslayer_pool, is_active, min_players, max_players, allow_challenges, created_at) VALUES (?, ?, ?, ?, ?, ?, ?, ?, ?, CURRENT_TIMESTAMP) RETURNING id, created_at
2025-06-26 22:08:08,010 - sqlalchemy.engine.Engine - INFO - [cached since 0.03416s ago (insertmanyvalues) 1/3 (ordered; batch not supported)] ('40L Sprint (Leaderboard)', 6, 'Leaderboard', 'LOW', 300, 1, 3, 16, 1)
2025-06-26 22:08:08,011 - sqlalchemy.engine.Engine - INFO - INSERT INTO events (name, cluster_id, scoring_type, score_direction, crownslayer_pool, is_active, min_players, max_players, allow_challenges, created_at) VALUES (?, ?, ?, ?, ?, ?, ?, ?, ?, CURRENT_TIMESTAMP) RETURNING id, created_at
2025-06-26 22:08:08,011 - sqlalchemy.engine.Engine - INFO - [insertmanyvalues 2/3 (ordered; batch not supported)] ('Blitz (Leaderboard)', 6, 'Leaderboard', 'HIGH', 300, 1, 3, 16, 1)
2025-06-26 22:08:08,012 - sqlalchemy.engine.Engine - INFO - INSERT INTO events (name, cluster_id, scoring_type, score_direction, crownslayer_pool, is_active, min_players, max_players, allow_challenges, created_at) VALUES (?, ?, ?, ?, ?, ?, ?, ?, ?, CURRENT_TIMESTAMP) RETURNING id, created_at
2025-06-26 22:08:08,012 - sqlalchemy.engine.Engine - INFO - [insertmanyvalues 3/3 (ordered; batch not supported)] ('VS', 6, '1v1', None, 300, 1, 2, 2, 1)
2025-06-26 22:08:08,013 - __main__ - INFO - Created cluster 7: IO Games
2025-06-26 22:08:08,015 - sqlalchemy.engine.Engine - INFO - INSERT INTO clusters (name, number, is_active, created_at) VALUES (?, ?, ?, CURRENT_TIMESTAMP) RETURNING id, created_at
2025-06-26 22:08:08,015 - sqlalchemy.engine.Engine - INFO - [cached since 0.04539s ago] ('Rhythm', 8, 1)
2025-06-26 22:08:08,017 - sqlalchemy.engine.Engine - INFO - INSERT INTO events (name, cluster_id, scoring_type, score_direction, crownslayer_pool, is_active, min_players, max_players, allow_challenges, created_at) VALUES (?, ?, ?, ?, ?, ?, ?, ?, ?, CURRENT_TIMESTAMP) RETURNING id, created_at
2025-06-26 22:08:08,017 - sqlalchemy.engine.Engine - INFO - [cached since 0.04116s ago (insertmanyvalues) 1/7 (ordered; batch not supported)] ('Bonk (1v1)', 7, '1v1', None, 300, 1, 2, 2, 1)
2025-06-26 22:08:08,018 - sqlalchemy.engine.Engine - INFO - INSERT INTO events (name, cluster_id, scoring_type, score_direction, crownslayer_pool, is_active, min_players, max_players, allow_challenges, created_at) VALUES (?, ?, ?, ?, ?, ?, ?, ?, ?, CURRENT_TIMESTAMP) RETURNING id, created_at
2025-06-26 22:08:08,018 - sqlalchemy.engine.Engine - INFO - [insertmanyvalues 2/7 (ordered; batch not supported)] ('Bonk (Team)', 7, 'Team', None, 300, 1, 4, 10, 1)
2025-06-26 22:08:08,019 - sqlalchemy.engine.Engine - INFO - INSERT INTO events (name, cluster_id, scoring_type, score_direction, crownslayer_pool, is_active, min_players, max_players, allow_challenges, created_at) VALUES (?, ?, ?, ?, ?, ?, ?, ?, ?, CURRENT_TIMESTAMP) RETURNING id, created_at
2025-06-26 22:08:08,020 - sqlalchemy.engine.Engine - INFO - [insertmanyvalues 3/7 (ordered; batch not supported)] ('Bonk (FFA)', 7, 'FFA', None, 300, 1, 3, 16, 1)
2025-06-26 22:08:08,021 - sqlalchemy.engine.Engine - INFO - INSERT INTO events (name, cluster_id, scoring_type, score_direction, crownslayer_pool, is_active, min_players, max_players, allow_challenges, created_at) VALUES (?, ?, ?, ?, ?, ?, ?, ?, ?, CURRENT_TIMESTAMP) RETURNING id, created_at
2025-06-26 22:08:08,021 - sqlalchemy.engine.Engine - INFO - [insertmanyvalues 4/7 (ordered; batch not supported)] ('Diep (1v1)', 7, '1v1', None, 300, 1, 2, 2, 1)
2025-06-26 22:08:08,022 - sqlalchemy.engine.Engine - INFO - INSERT INTO events (name, cluster_id, scoring_type, score_direction, crownslayer_pool, is_active, min_players, max_players, allow_challenges, created_at) VALUES (?, ?, ?, ?, ?, ?, ?, ?, ?, CURRENT_TIMESTAMP) RETURNING id, created_at
2025-06-26 22:08:08,022 - sqlalchemy.engine.Engine - INFO - [insertmanyvalues 5/7 (ordered; batch not supported)] ('Diep (Team)', 7, 'Team', None, 300, 1, 4, 10, 1)
2025-06-26 22:08:08,023 - sqlalchemy.engine.Engine - INFO - INSERT INTO events (name, cluster_id, scoring_type, score_direction, crownslayer_pool, is_active, min_players, max_players, allow_challenges, created_at) VALUES (?, ?, ?, ?, ?, ?, ?, ?, ?, CURRENT_TIMESTAMP) RETURNING id, created_at
2025-06-26 22:08:08,023 - sqlalchemy.engine.Engine - INFO - [insertmanyvalues 6/7 (ordered; batch not supported)] ('Diep (FFA)', 7, 'FFA', None, 300, 1, 3, 16, 1)
2025-06-26 22:08:08,024 - sqlalchemy.engine.Engine - INFO - INSERT INTO events (name, cluster_id, scoring_type, score_direction, crownslayer_pool, is_active, min_players, max_players, allow_challenges, created_at) VALUES (?, ?, ?, ?, ?, ?, ?, ?, ?, CURRENT_TIMESTAMP) RETURNING id, created_at
2025-06-26 22:08:08,024 - sqlalchemy.engine.Engine - INFO - [insertmanyvalues 7/7 (ordered; batch not supported)] ('Paper', 7, 'FFA', None, 300, 1, 3, 16, 1)
2025-06-26 22:08:08,026 - __main__ - INFO - Created cluster 8: Rhythm
2025-06-26 22:08:08,027 - sqlalchemy.engine.Engine - INFO - INSERT INTO clusters (name, number, is_active, created_at) VALUES (?, ?, ?, CURRENT_TIMESTAMP) RETURNING id, created_at
2025-06-26 22:08:08,027 - sqlalchemy.engine.Engine - INFO - [cached since 0.05728s ago] ('Fighting', 9, 1)
2025-06-26 22:08:08,029 - sqlalchemy.engine.Engine - INFO - INSERT INTO events (name, cluster_id, scoring_type, score_direction, crownslayer_pool, is_active, min_players, max_players, allow_challenges, created_at) VALUES (?, ?, ?, ?, ?, ?, ?, ?, ?, CURRENT_TIMESTAMP) RETURNING id, created_at
2025-06-26 22:08:08,029 - sqlalchemy.engine.Engine - INFO - [cached since 0.05299s ago (insertmanyvalues) 1/3 (ordered; batch not supported)] ('Osu std (1v1)', 8, '1v1', None, 300, 1, 2, 2, 1)
2025-06-26 22:08:08,030 - sqlalchemy.engine.Engine - INFO - INSERT INTO events (name, cluster_id, scoring_type, score_direction, crownslayer_pool, is_active, min_players, max_players, allow_challenges, created_at) VALUES (?, ?, ?, ?, ?, ?, ?, ?, ?, CURRENT_TIMESTAMP) RETURNING id, created_at
2025-06-26 22:08:08,030 - sqlalchemy.engine.Engine - INFO - [insertmanyvalues 2/3 (ordered; batch not supported)] ('Osu std (FFA)', 8, 'FFA', None, 300, 1, 3, 16, 1)
2025-06-26 22:08:08,031 - sqlalchemy.engine.Engine - INFO - INSERT INTO events (name, cluster_id, scoring_type, score_direction, crownslayer_pool, is_active, min_players, max_players, allow_challenges, created_at) VALUES (?, ?, ?, ?, ?, ?, ?, ?, ?, CURRENT_TIMESTAMP) RETURNING id, created_at
2025-06-26 22:08:08,031 - sqlalchemy.engine.Engine - INFO - [insertmanyvalues 3/3 (ordered; batch not supported)] ('Quaver', 8, '1v1', None, 300, 1, 2, 2, 1)
2025-06-26 22:08:08,033 - __main__ - INFO - Created cluster 9: Fighting
2025-06-26 22:08:08,034 - sqlalchemy.engine.Engine - INFO - INSERT INTO clusters (name, number, is_active, created_at) VALUES (?, ?, ?, CURRENT_TIMESTAMP) RETURNING id, created_at
2025-06-26 22:08:08,035 - sqlalchemy.engine.Engine - INFO - [cached since 0.06509s ago] ('Minecraft', 10, 1)
2025-06-26 22:08:08,037 - sqlalchemy.engine.Engine - INFO - INSERT INTO events (name, cluster_id, scoring_type, score_direction, crownslayer_pool, is_active, min_players, max_players, allow_challenges, created_at) VALUES (?, ?, ?, ?, ?, ?, ?, ?, ?, CURRENT_TIMESTAMP) RETURNING id, created_at
2025-06-26 22:08:08,037 - sqlalchemy.engine.Engine - INFO - [cached since 0.06128s ago (insertmanyvalues) 1/4 (ordered; batch not supported)] ('Brawhalla (1v1)', 9, '1v1', None, 300, 1, 2, 2, 1)
2025-06-26 22:08:08,038 - sqlalchemy.engine.Engine - INFO - INSERT INTO events (name, cluster_id, scoring_type, score_direction, crownslayer_pool, is_active, min_players, max_players, allow_challenges, created_at) VALUES (?, ?, ?, ?, ?, ?, ?, ?, ?, CURRENT_TIMESTAMP) RETURNING id, created_at
2025-06-26 22:08:08,038 - sqlalchemy.engine.Engine - INFO - [insertmanyvalues 2/4 (ordered; batch not supported)] ('Brawhalla (Team)', 9, 'Team', None, 300, 1, 4, 10, 1)
2025-06-26 22:08:08,039 - sqlalchemy.engine.Engine - INFO - INSERT INTO events (name, cluster_id, scoring_type, score_direction, crownslayer_pool, is_active, min_players, max_players, allow_challenges, created_at) VALUES (?, ?, ?, ?, ?, ?, ?, ?, ?, CURRENT_TIMESTAMP) RETURNING id, created_at
2025-06-26 22:08:08,039 - sqlalchemy.engine.Engine - INFO - [insertmanyvalues 3/4 (ordered; batch not supported)] ('Tough Love Arena', 9, '1v1', None, 300, 1, 2, 2, 1)
2025-06-26 22:08:08,040 - sqlalchemy.engine.Engine - INFO - INSERT INTO events (name, cluster_id, scoring_type, score_direction, crownslayer_pool, is_active, min_players, max_players, allow_challenges, created_at) VALUES (?, ?, ?, ?, ?, ?, ?, ?, ?, CURRENT_TIMESTAMP) RETURNING id, created_at
2025-06-26 22:08:08,041 - sqlalchemy.engine.Engine - INFO - [insertmanyvalues 4/4 (ordered; batch not supported)] ('Super Smash Flash 2', 9, '1v1', None, 300, 1, 2, 2, 1)
2025-06-26 22:08:08,042 - __main__ - INFO - Created cluster 10: Minecraft
2025-06-26 22:08:08,044 - sqlalchemy.engine.Engine - INFO - INSERT INTO clusters (name, number, is_active, created_at) VALUES (?, ?, ?, CURRENT_TIMESTAMP) RETURNING id, created_at
2025-06-26 22:08:08,044 - sqlalchemy.engine.Engine - INFO - [cached since 0.07439s ago] ('Running', 11, 1)
2025-06-26 22:08:08,046 - sqlalchemy.engine.Engine - INFO - INSERT INTO events (name, cluster_id, scoring_type, score_direction, crownslayer_pool, is_active, min_players, max_players, allow_challenges, created_at) VALUES (?, ?, ?, ?, ?, ?, ?, ?, ?, CURRENT_TIMESTAMP) RETURNING id, created_at
2025-06-26 22:08:08,046 - sqlalchemy.engine.Engine - INFO - [cached since 0.07032s ago (insertmanyvalues) 1/7 (ordered; batch not supported)] ('Blitz Duels', 10, '1v1', None, 300, 1, 2, 2, 1)
2025-06-26 22:08:08,047 - sqlalchemy.engine.Engine - INFO - INSERT INTO events (name, cluster_id, scoring_type, score_direction, crownslayer_pool, is_active, min_players, max_players, allow_challenges, created_at) VALUES (?, ?, ?, ?, ?, ?, ?, ?, ?, CURRENT_TIMESTAMP) RETURNING id, created_at
2025-06-26 22:08:08,047 - sqlalchemy.engine.Engine - INFO - [insertmanyvalues 2/7 (ordered; batch not supported)] ('Sumo Duels', 10, '1v1', None, 300, 1, 2, 2, 1)
2025-06-26 22:08:08,048 - sqlalchemy.engine.Engine - INFO - INSERT INTO events (name, cluster_id, scoring_type, score_direction, crownslayer_pool, is_active, min_players, max_players, allow_challenges, created_at) VALUES (?, ?, ?, ?, ?, ?, ?, ?, ?, CURRENT_TIMESTAMP) RETURNING id, created_at
2025-06-26 22:08:08,048 - sqlalchemy.engine.Engine - INFO - [insertmanyvalues 3/7 (ordered; batch not supported)] ('Classic Duels', 10, '1v1', None, 300, 1, 2, 2, 1)
2025-06-26 22:08:08,048 - sqlalchemy.engine.Engine - INFO - INSERT INTO events (name, cluster_id, scoring_type, score_direction, crownslayer_pool, is_active, min_players, max_players, allow_challenges, created_at) VALUES (?, ?, ?, ?, ?, ?, ?, ?, ?, CURRENT_TIMESTAMP) RETURNING id, created_at
2025-06-26 22:08:08,048 - sqlalchemy.engine.Engine - INFO - [insertmanyvalues 4/7 (ordered; batch not supported)] ('Bedwars', 10, 'FFA', None, 300, 1, 3, 16, 1)
2025-06-26 22:08:08,049 - sqlalchemy.engine.Engine - INFO - INSERT INTO events (name, cluster_id, scoring_type, score_direction, crownslayer_pool, is_active, min_players, max_players, allow_challenges, created_at) VALUES (?, ?, ?, ?, ?, ?, ?, ?, ?, CURRENT_TIMESTAMP) RETURNING id, created_at
2025-06-26 22:08:08,050 - sqlalchemy.engine.Engine - INFO - [insertmanyvalues 5/7 (ordered; batch not supported)] ('Skywars', 10, 'FFA', None, 300, 1, 3, 16, 1)
2025-06-26 22:08:08,051 - sqlalchemy.engine.Engine - INFO - INSERT INTO events (name, cluster_id, scoring_type, score_direction, crownslayer_pool, is_active, min_players, max_players, allow_challenges, created_at) VALUES (?, ?, ?, ?, ?, ?, ?, ?, ?, CURRENT_TIMESTAMP) RETURNING id, created_at
2025-06-26 22:08:08,051 - sqlalchemy.engine.Engine - INFO - [insertmanyvalues 6/7 (ordered; batch not supported)] ('Party Games', 10, 'FFA', None, 300, 1, 3, 16, 1)
2025-06-26 22:08:08,052 - sqlalchemy.engine.Engine - INFO - INSERT INTO events (name, cluster_id, scoring_type, score_direction, crownslayer_pool, is_active, min_players, max_players, allow_challenges, created_at) VALUES (?, ?, ?, ?, ?, ?, ?, ?, ?, CURRENT_TIMESTAMP) RETURNING id, created_at
2025-06-26 22:08:08,052 - sqlalchemy.engine.Engine - INFO - [insertmanyvalues 7/7 (ordered; batch not supported)] ('Parkour (Leaderboard)', 10, 'Leaderboard', 'HIGH', 300, 1, 3, 16, 1)
2025-06-26 22:08:08,053 - __main__ - INFO - Created cluster 11: Running
2025-06-26 22:08:08,054 - sqlalchemy.engine.Engine - INFO - INSERT INTO clusters (name, number, is_active, created_at) VALUES (?, ?, ?, CURRENT_TIMESTAMP) RETURNING id, created_at
2025-06-26 22:08:08,054 - sqlalchemy.engine.Engine - INFO - [cached since 0.08492s ago] ('Clash Royale', 12, 1)
2025-06-26 22:08:08,056 - sqlalchemy.engine.Engine - INFO - INSERT INTO events (name, cluster_id, scoring_type, score_direction, crownslayer_pool, is_active, min_players, max_players, allow_challenges, created_at) VALUES (?, ?, ?, ?, ?, ?, ?, ?, ?, CURRENT_TIMESTAMP) RETURNING id, created_at
2025-06-26 22:08:08,056 - sqlalchemy.engine.Engine - INFO - [cached since 0.08007s ago (insertmanyvalues) 1/3 (ordered; batch not supported)] ('40 yd dash (Leaderboard)', 11, 'Leaderboard', 'LOW', 300, 1, 3, 16, 1)
2025-06-26 22:08:08,057 - sqlalchemy.engine.Engine - INFO - INSERT INTO events (name, cluster_id, scoring_type, score_direction, crownslayer_pool, is_active, min_players, max_players, allow_challenges, created_at) VALUES (?, ?, ?, ?, ?, ?, ?, ?, ?, CURRENT_TIMESTAMP) RETURNING id, created_at
2025-06-26 22:08:08,057 - sqlalchemy.engine.Engine - INFO - [insertmanyvalues 2/3 (ordered; batch not supported)] ('1 mi run (Leaderboard)', 11, 'Leaderboard', 'LOW', 300, 1, 3, 16, 1)
2025-06-26 22:08:08,057 - sqlalchemy.engine.Engine - INFO - INSERT INTO events (name, cluster_id, scoring_type, score_direction, crownslayer_pool, is_active, min_players, max_players, allow_challenges, created_at) VALUES (?, ?, ?, ?, ?, ?, ?, ?, ?, CURRENT_TIMESTAMP) RETURNING id, created_at
2025-06-26 22:08:08,058 - sqlalchemy.engine.Engine - INFO - [insertmanyvalues 3/3 (ordered; batch not supported)] ('1x400 run (Leaderboard)', 11, 'Leaderboard', 'LOW', 300, 1, 3, 16, 1)
2025-06-26 22:08:08,059 - __main__ - INFO - Created cluster 12: Clash Royale
2025-06-26 22:08:08,059 - sqlalchemy.engine.Engine - INFO - INSERT INTO clusters (name, number, is_active, created_at) VALUES (?, ?, ?, CURRENT_TIMESTAMP) RETURNING id, created_at
2025-06-26 22:08:08,060 - sqlalchemy.engine.Engine - INFO - [cached since 0.09001s ago] ('Waiver Rat', 13, 1)
2025-06-26 22:08:08,061 - sqlalchemy.engine.Engine - INFO - INSERT INTO events (name, cluster_id, scoring_type, score_direction, crownslayer_pool, is_active, min_players, max_players, allow_challenges, created_at) VALUES (?, ?, ?, ?, ?, ?, ?, ?, ?, CURRENT_TIMESTAMP) RETURNING id, created_at
2025-06-26 22:08:08,061 - sqlalchemy.engine.Engine - INFO - [cached since 0.08527s ago (insertmanyvalues) 1/2 (ordered; batch not supported)] ('1v1', 12, '1v1', None, 300, 1, 2, 2, 1)
2025-06-26 22:08:08,062 - sqlalchemy.engine.Engine - INFO - INSERT INTO events (name, cluster_id, scoring_type, score_direction, crownslayer_pool, is_active, min_players, max_players, allow_challenges, created_at) VALUES (?, ?, ?, ?, ?, ?, ?, ?, ?, CURRENT_TIMESTAMP) RETURNING id, created_at
2025-06-26 22:08:08,062 - sqlalchemy.engine.Engine - INFO - [insertmanyvalues 2/2 (ordered; batch not supported)] ('2v2 (Team)', 12, 'Team', None, 300, 1, 4, 10, 1)
2025-06-26 22:08:08,064 - __main__ - INFO - Created cluster 13: Waiver Rat
2025-06-26 22:08:08,065 - sqlalchemy.engine.Engine - INFO - INSERT INTO clusters (name, number, is_active, created_at) VALUES (?, ?, ?, CURRENT_TIMESTAMP) RETURNING id, created_at
2025-06-26 22:08:08,065 - sqlalchemy.engine.Engine - INFO - [cached since 0.09559s ago] ('Trivia', 14, 1)
2025-06-26 22:08:08,067 - sqlalchemy.engine.Engine - INFO - INSERT INTO events (name, cluster_id, scoring_type, score_direction, crownslayer_pool, is_active, min_players, max_players, allow_challenges, created_at) VALUES (?, ?, ?, ?, ?, ?, ?, ?, ?, CURRENT_TIMESTAMP) RETURNING id, created_at
2025-06-26 22:08:08,067 - sqlalchemy.engine.Engine - INFO - [cached since 0.09106s ago (insertmanyvalues) 1/8 (ordered; batch not supported)] ('Rat.quiz (1v1)', 13, '1v1', None, 300, 1, 2, 2, 1)
2025-06-26 22:08:08,068 - sqlalchemy.engine.Engine - INFO - INSERT INTO events (name, cluster_id, scoring_type, score_direction, crownslayer_pool, is_active, min_players, max_players, allow_challenges, created_at) VALUES (?, ?, ?, ?, ?, ?, ?, ?, ?, CURRENT_TIMESTAMP) RETURNING id, created_at
2025-06-26 22:08:08,068 - sqlalchemy.engine.Engine - INFO - [insertmanyvalues 2/8 (ordered; batch not supported)] ('Rat.quiz (Team)', 13, 'Team', None, 300, 1, 4, 10, 1)
2025-06-26 22:08:08,069 - sqlalchemy.engine.Engine - INFO - INSERT INTO events (name, cluster_id, scoring_type, score_direction, crownslayer_pool, is_active, min_players, max_players, allow_challenges, created_at) VALUES (?, ?, ?, ?, ?, ?, ?, ?, ?, CURRENT_TIMESTAMP) RETURNING id, created_at
2025-06-26 22:08:08,069 - sqlalchemy.engine.Engine - INFO - [insertmanyvalues 3/8 (ordered; batch not supported)] ('Rat.face (1v1)', 13, '1v1', None, 300, 1, 2, 2, 1)
2025-06-26 22:08:08,069 - sqlalchemy.engine.Engine - INFO - INSERT INTO events (name, cluster_id, scoring_type, score_direction, crownslayer_pool, is_active, min_players, max_players, allow_challenges, created_at) VALUES (?, ?, ?, ?, ?, ?, ?, ?, ?, CURRENT_TIMESTAMP) RETURNING id, created_at
2025-06-26 22:08:08,070 - sqlalchemy.engine.Engine - INFO - [insertmanyvalues 4/8 (ordered; batch not supported)] ('Rat.face (Team)', 13, 'Team', None, 300, 1, 4, 10, 1)
2025-06-26 22:08:08,070 - sqlalchemy.engine.Engine - INFO - INSERT INTO events (name, cluster_id, scoring_type, score_direction, crownslayer_pool, is_active, min_players, max_players, allow_challenges, created_at) VALUES (?, ?, ?, ?, ?, ?, ?, ?, ?, CURRENT_TIMESTAMP) RETURNING id, created_at
2025-06-26 22:08:08,071 - sqlalchemy.engine.Engine - INFO - [insertmanyvalues 5/8 (ordered; batch not supported)] ('Rat.mash (1v1)', 13, '1v1', None, 300, 1, 2, 2, 1)
2025-06-26 22:08:08,071 - sqlalchemy.engine.Engine - INFO - INSERT INTO events (name, cluster_id, scoring_type, score_direction, crownslayer_pool, is_active, min_players, max_players, allow_challenges, created_at) VALUES (?, ?, ?, ?, ?, ?, ?, ?, ?, CURRENT_TIMESTAMP) RETURNING id, created_at
2025-06-26 22:08:08,072 - sqlalchemy.engine.Engine - INFO - [insertmanyvalues 6/8 (ordered; batch not supported)] ('Rat.mash (Team)', 13, 'Team', None, 300, 1, 4, 10, 1)
2025-06-26 22:08:08,072 - sqlalchemy.engine.Engine - INFO - INSERT INTO events (name, cluster_id, scoring_type, score_direction, crownslayer_pool, is_active, min_players, max_players, allow_challenges, created_at) VALUES (?, ?, ?, ?, ?, ?, ?, ?, ?, CURRENT_TIMESTAMP) RETURNING id, created_at
2025-06-26 22:08:08,073 - sqlalchemy.engine.Engine - INFO - [insertmanyvalues 7/8 (ordered; batch not supported)] ('Rat.hoop (1v1)', 13, '1v1', None, 300, 1, 2, 2, 1)
2025-06-26 22:08:08,073 - sqlalchemy.engine.Engine - INFO - INSERT INTO events (name, cluster_id, scoring_type, score_direction, crownslayer_pool, is_active, min_players, max_players, allow_challenges, created_at) VALUES (?, ?, ?, ?, ?, ?, ?, ?, ?, CURRENT_TIMESTAMP) RETURNING id, created_at
2025-06-26 22:08:08,073 - sqlalchemy.engine.Engine - INFO - [insertmanyvalues 8/8 (ordered; batch not supported)] ('Rat.hoop (Team)', 13, 'Team', None, 300, 1, 4, 10, 1)
2025-06-26 22:08:08,075 - __main__ - INFO - Created cluster 14: Trivia
2025-06-26 22:08:08,076 - sqlalchemy.engine.Engine - INFO - INSERT INTO clusters (name, number, is_active, created_at) VALUES (?, ?, ?, CURRENT_TIMESTAMP) RETURNING id, created_at
2025-06-26 22:08:08,076 - sqlalchemy.engine.Engine - INFO - [cached since 0.1064s ago] ('Gambling', 15, 1)
2025-06-26 22:08:08,078 - sqlalchemy.engine.Engine - INFO - INSERT INTO events (name, cluster_id, scoring_type, score_direction, crownslayer_pool, is_active, min_players, max_players, allow_challenges, created_at) VALUES (?, ?, ?, ?, ?, ?, ?, ?, ?, CURRENT_TIMESTAMP) RETURNING id, created_at
2025-06-26 22:08:08,078 - sqlalchemy.engine.Engine - INFO - [cached since 0.1022s ago (insertmanyvalues) 1/6 (ordered; batch not supported)] ('Seterra (Leaderboard)', 14, 'Leaderboard', 'HIGH', 300, 1, 3, 16, 1)
2025-06-26 22:08:08,079 - sqlalchemy.engine.Engine - INFO - INSERT INTO events (name, cluster_id, scoring_type, score_direction, crownslayer_pool, is_active, min_players, max_players, allow_challenges, created_at) VALUES (?, ?, ?, ?, ?, ?, ?, ?, ?, CURRENT_TIMESTAMP) RETURNING id, created_at
2025-06-26 22:08:08,079 - sqlalchemy.engine.Engine - INFO - [insertmanyvalues 2/6 (ordered; batch not supported)] ('Geoguessr (1v1)', 14, '1v1', None, 300, 1, 2, 2, 1)
2025-06-26 22:08:08,080 - sqlalchemy.engine.Engine - INFO - INSERT INTO events (name, cluster_id, scoring_type, score_direction, crownslayer_pool, is_active, min_players, max_players, allow_challenges, created_at) VALUES (?, ?, ?, ?, ?, ?, ?, ?, ?, CURRENT_TIMESTAMP) RETURNING id, created_at
2025-06-26 22:08:08,080 - sqlalchemy.engine.Engine - INFO - [insertmanyvalues 3/6 (ordered; batch not supported)] ('Geoguessr (FFA)', 14, 'FFA', None, 300, 1, 3, 16, 1)
2025-06-26 22:08:08,081 - sqlalchemy.engine.Engine - INFO - INSERT INTO events (name, cluster_id, scoring_type, score_direction, crownslayer_pool, is_active, min_players, max_players, allow_challenges, created_at) VALUES (?, ?, ?, ?, ?, ?, ?, ?, ?, CURRENT_TIMESTAMP) RETURNING id, created_at
2025-06-26 22:08:08,081 - sqlalchemy.engine.Engine - INFO - [insertmanyvalues 4/6 (ordered; batch not supported)] ('Sporcle (Leaderboard)', 14, 'Leaderboard', 'HIGH', 300, 1, 3, 16, 1)
2025-06-26 22:08:08,082 - sqlalchemy.engine.Engine - INFO - INSERT INTO events (name, cluster_id, scoring_type, score_direction, crownslayer_pool, is_active, min_players, max_players, allow_challenges, created_at) VALUES (?, ?, ?, ?, ?, ?, ?, ?, ?, CURRENT_TIMESTAMP) RETURNING id, created_at
2025-06-26 22:08:08,082 - sqlalchemy.engine.Engine - INFO - [insertmanyvalues 5/6 (ordered; batch not supported)] ('Movie to Movie (Leaderboard)', 14, 'Leaderboard', 'HIGH', 300, 1, 3, 16, 1)
2025-06-26 22:08:08,083 - sqlalchemy.engine.Engine - INFO - INSERT INTO events (name, cluster_id, scoring_type, score_direction, crownslayer_pool, is_active, min_players, max_players, allow_challenges, created_at) VALUES (?, ?, ?, ?, ?, ?, ?, ?, ?, CURRENT_TIMESTAMP) RETURNING id, created_at
2025-06-26 22:08:08,083 - sqlalchemy.engine.Engine - INFO - [insertmanyvalues 6/6 (ordered; batch not supported)] ('Puckdoku (Leaderboard)', 14, 'Leaderboard', 'HIGH', 300, 1, 3, 16, 1)
2025-06-26 22:08:08,085 - __main__ - INFO - Created cluster 15: Gambling
2025-06-26 22:08:08,086 - sqlalchemy.engine.Engine - INFO - INSERT INTO clusters (name, number, is_active, created_at) VALUES (?, ?, ?, CURRENT_TIMESTAMP) RETURNING id, created_at
2025-06-26 22:08:08,086 - sqlalchemy.engine.Engine - INFO - [cached since 0.1167s ago] ('NYT Puzzles', 16, 1)
2025-06-26 22:08:08,088 - sqlalchemy.engine.Engine - INFO - INSERT INTO events (name, cluster_id, scoring_type, score_direction, crownslayer_pool, is_active, min_players, max_players, allow_challenges, created_at) VALUES (?, ?, ?, ?, ?, ?, ?, ?, ?, CURRENT_TIMESTAMP) RETURNING id, created_at
2025-06-26 22:08:08,088 - sqlalchemy.engine.Engine - INFO - [cached since 0.1122s ago (insertmanyvalues) 1/3 (ordered; batch not supported)] ('Texas Holdem', 15, 'FFA', None, 300, 1, 3, 16, 1)
2025-06-26 22:08:08,089 - sqlalchemy.engine.Engine - INFO - INSERT INTO events (name, cluster_id, scoring_type, score_direction, crownslayer_pool, is_active, min_players, max_players, allow_challenges, created_at) VALUES (?, ?, ?, ?, ?, ?, ?, ?, ?, CURRENT_TIMESTAMP) RETURNING id, created_at
2025-06-26 22:08:08,089 - sqlalchemy.engine.Engine - INFO - [insertmanyvalues 2/3 (ordered; batch not supported)] ('Sticky Apple', 15, 'FFA', None, 300, 1, 3, 16, 1)
2025-06-26 22:08:08,089 - sqlalchemy.engine.Engine - INFO - INSERT INTO events (name, cluster_id, scoring_type, score_direction, crownslayer_pool, is_active, min_players, max_players, allow_challenges, created_at) VALUES (?, ?, ?, ?, ?, ?, ?, ?, ?, CURRENT_TIMESTAMP) RETURNING id, created_at
2025-06-26 22:08:08,090 - sqlalchemy.engine.Engine - INFO - [insertmanyvalues 3/3 (ordered; batch not supported)] ('Craps (Leaderboard)', 15, 'Leaderboard', 'HIGH', 300, 1, 3, 16, 1)
2025-06-26 22:08:08,091 - __main__ - INFO - Created cluster 16: NYT Puzzles
2025-06-26 22:08:08,092 - sqlalchemy.engine.Engine - INFO - INSERT INTO clusters (name, number, is_active, created_at) VALUES (?, ?, ?, CURRENT_TIMESTAMP) RETURNING id, created_at
2025-06-26 22:08:08,092 - sqlalchemy.engine.Engine - INFO - [cached since 0.1224s ago] ('Elementary Classics', 17, 1)
2025-06-26 22:08:08,093 - sqlalchemy.engine.Engine - INFO - INSERT INTO events (name, cluster_id, scoring_type, score_direction, crownslayer_pool, is_active, min_players, max_players, allow_challenges, created_at) VALUES (?, ?, ?, ?, ?, ?, ?, ?, ?, CURRENT_TIMESTAMP) RETURNING id, created_at
2025-06-26 22:08:08,093 - sqlalchemy.engine.Engine - INFO - [cached since 0.1177s ago (insertmanyvalues) 1/5 (ordered; batch not supported)] ('Wordle (Leaderboard)', 16, 'Leaderboard', 'LOW', 300, 1, 3, 16, 1)
2025-06-26 22:08:08,094 - sqlalchemy.engine.Engine - INFO - INSERT INTO events (name, cluster_id, scoring_type, score_direction, crownslayer_pool, is_active, min_players, max_players, allow_challenges, created_at) VALUES (?, ?, ?, ?, ?, ?, ?, ?, ?, CURRENT_TIMESTAMP) RETURNING id, created_at
2025-06-26 22:08:08,094 - sqlalchemy.engine.Engine - INFO - [insertmanyvalues 2/5 (ordered; batch not supported)] ('Connections (Leaderboard)', 16, 'Leaderboard', 'LOW', 300, 1, 3, 16, 1)
2025-06-26 22:08:08,096 - sqlalchemy.engine.Engine - INFO - INSERT INTO events (name, cluster_id, scoring_type, score_direction, crownslayer_pool, is_active, min_players, max_players, allow_challenges, created_at) VALUES (?, ?, ?, ?, ?, ?, ?, ?, ?, CURRENT_TIMESTAMP) RETURNING id, created_at
2025-06-26 22:08:08,096 - sqlalchemy.engine.Engine - INFO - [insertmanyvalues 3/5 (ordered; batch not supported)] ('Strands (Leaderboard)', 16, 'Leaderboard', 'LOW', 300, 1, 3, 16, 1)
2025-06-26 22:08:08,097 - sqlalchemy.engine.Engine - INFO - INSERT INTO events (name, cluster_id, scoring_type, score_direction, crownslayer_pool, is_active, min_players, max_players, allow_challenges, created_at) VALUES (?, ?, ?, ?, ?, ?, ?, ?, ?, CURRENT_TIMESTAMP) RETURNING id, created_at
2025-06-26 22:08:08,098 - sqlalchemy.engine.Engine - INFO - [insertmanyvalues 4/5 (ordered; batch not supported)] ('Crossword (Leaderboard)', 16, 'Leaderboard', 'LOW', 300, 1, 3, 16, 1)
2025-06-26 22:08:08,099 - sqlalchemy.engine.Engine - INFO - INSERT INTO events (name, cluster_id, scoring_type, score_direction, crownslayer_pool, is_active, min_players, max_players, allow_challenges, created_at) VALUES (?, ?, ?, ?, ?, ?, ?, ?, ?, CURRENT_TIMESTAMP) RETURNING id, created_at
2025-06-26 22:08:08,099 - sqlalchemy.engine.Engine - INFO - [insertmanyvalues 5/5 (ordered; batch not supported)] ('Spelling Bee (Leaderboard)', 16, 'Leaderboard', 'LOW', 300, 1, 3, 16, 1)
2025-06-26 22:08:08,101 - __main__ - INFO - Created cluster 17: Elementary Classics
2025-06-26 22:08:08,102 - sqlalchemy.engine.Engine - INFO - INSERT INTO clusters (name, number, is_active, created_at) VALUES (?, ?, ?, CURRENT_TIMESTAMP) RETURNING id, created_at
2025-06-26 22:08:08,102 - sqlalchemy.engine.Engine - INFO - [cached since 0.1327s ago] ('Party Games', 18, 1)
2025-06-26 22:08:08,104 - sqlalchemy.engine.Engine - INFO - INSERT INTO events (name, cluster_id, scoring_type, score_direction, crownslayer_pool, is_active, min_players, max_players, allow_challenges, created_at) VALUES (?, ?, ?, ?, ?, ?, ?, ?, ?, CURRENT_TIMESTAMP) RETURNING id, created_at
2025-06-26 22:08:08,104 - sqlalchemy.engine.Engine - INFO - [cached since 0.1285s ago (insertmanyvalues) 1/5 (ordered; batch not supported)] ('[2048] (Leaderboard)', 17, 'Leaderboard', 'HIGH', 300, 1, 3, 16, 1)
2025-06-26 22:08:08,105 - sqlalchemy.engine.Engine - INFO - INSERT INTO events (name, cluster_id, scoring_type, score_direction, crownslayer_pool, is_active, min_players, max_players, allow_challenges, created_at) VALUES (?, ?, ?, ?, ?, ?, ?, ?, ?, CURRENT_TIMESTAMP) RETURNING id, created_at
2025-06-26 22:08:08,105 - sqlalchemy.engine.Engine - INFO - [insertmanyvalues 2/5 (ordered; batch not supported)] ('NitroType (1v1)', 17, '1v1', None, 300, 1, 2, 2, 1)
2025-06-26 22:08:08,106 - sqlalchemy.engine.Engine - INFO - INSERT INTO events (name, cluster_id, scoring_type, score_direction, crownslayer_pool, is_active, min_players, max_players, allow_challenges, created_at) VALUES (?, ?, ?, ?, ?, ?, ?, ?, ?, CURRENT_TIMESTAMP) RETURNING id, created_at
2025-06-26 22:08:08,107 - sqlalchemy.engine.Engine - INFO - [insertmanyvalues 3/5 (ordered; batch not supported)] ('NitroType (FFA)', 17, 'FFA', None, 300, 1, 3, 16, 1)
2025-06-26 22:08:08,108 - sqlalchemy.engine.Engine - INFO - INSERT INTO events (name, cluster_id, scoring_type, score_direction, crownslayer_pool, is_active, min_players, max_players, allow_challenges, created_at) VALUES (?, ?, ?, ?, ?, ?, ?, ?, ?, CURRENT_TIMESTAMP) RETURNING id, created_at
2025-06-26 22:08:08,108 - sqlalchemy.engine.Engine - INFO - [insertmanyvalues 4/5 (ordered; batch not supported)] ('Fireboy and Watergirl', 17, '1v1', None, 300, 1, 2, 2, 1)
2025-06-26 22:08:08,109 - sqlalchemy.engine.Engine - INFO - INSERT INTO events (name, cluster_id, scoring_type, score_direction, crownslayer_pool, is_active, min_players, max_players, allow_challenges, created_at) VALUES (?, ?, ?, ?, ?, ?, ?, ?, ?, CURRENT_TIMESTAMP) RETURNING id, created_at
2025-06-26 22:08:08,109 - sqlalchemy.engine.Engine - INFO - [insertmanyvalues 5/5 (ordered; batch not supported)] ('Winnie the Pooh Home Run Derby (Leaderboard)', 17, 'Leaderboard', 'LOW', 300, 1, 3, 16, 1)
2025-06-26 22:08:08,112 - __main__ - INFO - Created cluster 18: Party Games
2025-06-26 22:08:08,113 - sqlalchemy.engine.Engine - INFO - INSERT INTO clusters (name, number, is_active, created_at) VALUES (?, ?, ?, CURRENT_TIMESTAMP) RETURNING id, created_at
2025-06-26 22:08:08,114 - sqlalchemy.engine.Engine - INFO - [cached since 0.1441s ago] ('Other', 19, 1)
2025-06-26 22:08:08,116 - sqlalchemy.engine.Engine - INFO - INSERT INTO events (name, cluster_id, scoring_type, score_direction, crownslayer_pool, is_active, min_players, max_players, allow_challenges, created_at) VALUES (?, ?, ?, ?, ?, ?, ?, ?, ?, CURRENT_TIMESTAMP) RETURNING id, created_at
2025-06-26 22:08:08,116 - sqlalchemy.engine.Engine - INFO - [cached since 0.14s ago (insertmanyvalues) 1/4 (ordered; batch not supported)] ('Overcooked 2 (Team)', 18, 'Team', None, 300, 1, 4, 10, 1)
2025-06-26 22:08:08,117 - sqlalchemy.engine.Engine - INFO - INSERT INTO events (name, cluster_id, scoring_type, score_direction, crownslayer_pool, is_active, min_players, max_players, allow_challenges, created_at) VALUES (?, ?, ?, ?, ?, ?, ?, ?, ?, CURRENT_TIMESTAMP) RETURNING id, created_at
2025-06-26 22:08:08,117 - sqlalchemy.engine.Engine - INFO - [insertmanyvalues 2/4 (ordered; batch not supported)] ('Stumble Guys', 18, 'FFA', None, 300, 1, 3, 16, 1)
2025-06-26 22:08:08,118 - sqlalchemy.engine.Engine - INFO - INSERT INTO events (name, cluster_id, scoring_type, score_direction, crownslayer_pool, is_active, min_players, max_players, allow_challenges, created_at) VALUES (?, ?, ?, ?, ?, ?, ?, ?, ?, CURRENT_TIMESTAMP) RETURNING id, created_at
2025-06-26 22:08:08,118 - sqlalchemy.engine.Engine - INFO - [insertmanyvalues 3/4 (ordered; batch not supported)] ('Uno', 18, 'FFA', None, 300, 1, 3, 16, 1)
2025-06-26 22:08:08,119 - sqlalchemy.engine.Engine - INFO - INSERT INTO events (name, cluster_id, scoring_type, score_direction, crownslayer_pool, is_active, min_players, max_players, allow_challenges, created_at) VALUES (?, ?, ?, ?, ?, ?, ?, ?, ?, CURRENT_TIMESTAMP) RETURNING id, created_at
2025-06-26 22:08:08,119 - sqlalchemy.engine.Engine - INFO - [insertmanyvalues 4/4 (ordered; batch not supported)] ('Outlaster', 18, 'FFA', None, 300, 1, 3, 16, 1)
2025-06-26 22:08:08,121 - __main__ - INFO - Created cluster 19: Other
2025-06-26 22:08:08,122 - sqlalchemy.engine.Engine - INFO - INSERT INTO clusters (name, number, is_active, created_at) VALUES (?, ?, ?, CURRENT_TIMESTAMP) RETURNING id, created_at
2025-06-26 22:08:08,123 - sqlalchemy.engine.Engine - INFO - [cached since 0.153s ago] ('Meme', 20, 1)
2025-06-26 22:08:08,124 - sqlalchemy.engine.Engine - INFO - INSERT INTO events (name, cluster_id, scoring_type, score_direction, crownslayer_pool, is_active, min_players, max_players, allow_challenges, created_at) VALUES (?, ?, ?, ?, ?, ?, ?, ?, ?, CURRENT_TIMESTAMP) RETURNING id, created_at
2025-06-26 22:08:08,125 - sqlalchemy.engine.Engine - INFO - [cached since 0.1489s ago (insertmanyvalues) 1/4 (ordered; batch not supported)] ('Geometry Dash', 19, '1v1', None, 300, 1, 2, 2, 1)
2025-06-26 22:08:08,126 - sqlalchemy.engine.Engine - INFO - INSERT INTO events (name, cluster_id, scoring_type, score_direction, crownslayer_pool, is_active, min_players, max_players, allow_challenges, created_at) VALUES (?, ?, ?, ?, ?, ?, ?, ?, ?, CURRENT_TIMESTAMP) RETURNING id, created_at
2025-06-26 22:08:08,126 - sqlalchemy.engine.Engine - INFO - [insertmanyvalues 2/4 (ordered; batch not supported)] ('League of Legends (1v1)', 19, '1v1', None, 300, 1, 2, 2, 1)
2025-06-26 22:08:08,126 - sqlalchemy.engine.Engine - INFO - INSERT INTO events (name, cluster_id, scoring_type, score_direction, crownslayer_pool, is_active, min_players, max_players, allow_challenges, created_at) VALUES (?, ?, ?, ?, ?, ?, ?, ?, ?, CURRENT_TIMESTAMP) RETURNING id, created_at
2025-06-26 22:08:08,127 - sqlalchemy.engine.Engine - INFO - [insertmanyvalues 3/4 (ordered; batch not supported)] ('League of Legends (Team)', 19, 'Team', None, 300, 1, 4, 10, 1)
2025-06-26 22:08:08,127 - sqlalchemy.engine.Engine - INFO - INSERT INTO events (name, cluster_id, scoring_type, score_direction, crownslayer_pool, is_active, min_players, max_players, allow_challenges, created_at) VALUES (?, ?, ?, ?, ?, ?, ?, ?, ?, CURRENT_TIMESTAMP) RETURNING id, created_at
2025-06-26 22:08:08,128 - sqlalchemy.engine.Engine - INFO - [insertmanyvalues 4/4 (ordered; batch not supported)] ('Roark AOT Game (Team)', 19, 'Team', None, 300, 1, 4, 10, 1)
2025-06-26 22:08:08,129 - __main__ - INFO - Created cluster 20: Meme
2025-06-26 22:08:08,130 - sqlalchemy.engine.Engine - INFO - INSERT INTO events (name, cluster_id, scoring_type, score_direction, crownslayer_pool, is_active, min_players, max_players, allow_challenges, created_at) VALUES (?, ?, ?, ?, ?, ?, ?, ?, ?, CURRENT_TIMESTAMP) RETURNING id, created_at
2025-06-26 22:08:08,131 - sqlalchemy.engine.Engine - INFO - [cached since 0.1548s ago (insertmanyvalues) 1/2 (ordered; batch not supported)] ('AMOGUS (Team)', 20, 'Team', None, 300, 1, 4, 10, 1)
2025-06-26 22:08:08,132 - sqlalchemy.engine.Engine - INFO - INSERT INTO events (name, cluster_id, scoring_type, score_direction, crownslayer_pool, is_active, min_players, max_players, allow_challenges, created_at) VALUES (?, ?, ?, ?, ?, ?, ?, ?, ?, CURRENT_TIMESTAMP) RETURNING id, created_at
2025-06-26 22:08:08,132 - sqlalchemy.engine.Engine - INFO - [insertmanyvalues 2/2 (ordered; batch not supported)] ('Flip a coin ', 20, '1v1', None, 300, 1, 2, 2, 1)
2025-06-26 22:08:08,133 - sqlalchemy.engine.Engine - INFO - COMMIT
2025-06-26 22:08:08,139 - bot.database.database - INFO - Database connection closed
2025-06-26 22:08:08,140 - __main__ - INFO - CSV population completed: 20 clusters, 85 events created, 0 events skipped
