2025-06-28 03:07:10 - __main__ - INFO - Setting up Tournament Bot...
2025-06-28 03:07:10 - bot.database.database - INFO - Initializing database...
2025-06-28 03:07:10 - bot.database.database - INFO - Database initialized successfully
2025-06-28 03:07:11 - __main__ - INFO - Loaded cog: bot.cogs.admin
2025-06-28 03:07:11 - __main__ - INFO - Loaded cog: bot.cogs.tournament
2025-06-28 03:07:11 - __main__ - INFO - Loaded cog: bot.cogs.player
2025-06-28 03:07:11 - __main__ - INFO - Loaded cog: bot.cogs.challenge
2025-06-28 03:07:11 - __main__ - INFO - Loaded cog: bot.cogs.leaderboard
2025-06-28 03:07:11 - __main__ - INFO - Loaded cog: bot.cogs.events
2025-06-28 03:07:11 - __main__ - INFO - Loaded cog: bot.cogs.match_commands
2025-06-28 03:07:11 - __main__ - INFO - Attempting to sync commands to 2 guild(s): [743306931522764860, 685704304983932949]...
2025-06-28 03:07:11 - __main__ - INFO - Successfully synced 6 command(s) to guild 743306931522764860
2025-06-28 03:07:11 - __main__ - INFO -   - admin-populate-data: Load/refresh clusters and events from CSV (Owner only)
2025-06-28 03:07:11 - __main__ - INFO -   - list-clusters: View all tournament clusters
2025-06-28 03:07:11 - __main__ - INFO -   - list-events: View events with interactive filtering and pagination
2025-06-28 03:07:11 - __main__ - INFO -   - ping: Test slash command infrastructure
2025-06-28 03:07:11 - __main__ - INFO -   - ffa: [DEPRECATED] Use /challenge command instead
2025-06-28 03:07:11 - __main__ - INFO -   - match-report: Report match results with placements
2025-06-28 03:07:11 - __main__ - INFO - Successfully synced 6 command(s) to guild 685704304983932949
2025-06-28 03:07:11 - __main__ - INFO - Multi-guild sync complete: 12 total command instances deployed
2025-06-28 03:07:11 - __main__ - INFO - Tournament Bot setup complete!
2025-06-28 03:07:13 - __main__ - INFO - Kenjaku#5319 has connected to Discord!
2025-06-28 03:07:13 - __main__ - INFO - Bot is in 2 guilds
2025-06-28 03:28:49 - __main__ - INFO - Shutting down Tournament Bot...
2025-06-28 03:28:49 - bot.database.database - INFO - Database connection closed
2025-06-28 03:29:04 - __main__ - INFO - Setting up Tournament Bot...
2025-06-28 03:29:04 - bot.database.database - INFO - Initializing database...
2025-06-28 03:29:04 - bot.database.database - INFO - Database initialized successfully
2025-06-28 03:29:04 - __main__ - INFO - Loaded cog: bot.cogs.admin
2025-06-28 03:29:04 - __main__ - INFO - Loaded cog: bot.cogs.tournament
2025-06-28 03:29:04 - __main__ - INFO - Loaded cog: bot.cogs.player
2025-06-28 03:29:04 - __main__ - INFO - Loaded cog: bot.cogs.challenge
2025-06-28 03:29:04 - __main__ - INFO - Loaded cog: bot.cogs.leaderboard
2025-06-28 03:29:04 - __main__ - INFO - Loaded cog: bot.cogs.events
2025-06-28 03:29:04 - __main__ - INFO - Loaded cog: bot.cogs.match_commands
2025-06-28 03:29:04 - __main__ - INFO - Attempting to sync commands to 2 guild(s): [743306931522764860, 685704304983932949]...
2025-06-28 03:29:04 - __main__ - INFO - Successfully synced 7 command(s) to guild 743306931522764860
2025-06-28 03:29:04 - __main__ - INFO -   - admin-populate-data: Load/refresh clusters and events from CSV (Owner only)
2025-06-28 03:29:04 - __main__ - INFO -   - list-clusters: View all tournament clusters
2025-06-28 03:29:04 - __main__ - INFO -   - list-events: View events with interactive filtering and pagination
2025-06-28 03:29:04 - __main__ - INFO -   - challenge: Create a match challenge through tournament hierarchy
2025-06-28 03:29:04 - __main__ - INFO -   - ping: Test slash command infrastructure
2025-06-28 03:29:04 - __main__ - INFO -   - ffa: [DEPRECATED] Use /challenge command instead
2025-06-28 03:29:04 - __main__ - INFO -   - match-report: Report match results with placements
2025-06-28 03:29:05 - __main__ - INFO - Successfully synced 7 command(s) to guild 685704304983932949
2025-06-28 03:29:05 - __main__ - INFO - Multi-guild sync complete: 14 total command instances deployed
2025-06-28 03:29:05 - __main__ - INFO - Tournament Bot setup complete!
2025-06-28 03:29:07 - __main__ - INFO - Kenjaku#5319 has connected to Discord!
2025-06-28 03:29:07 - __main__ - INFO - Bot is in 2 guilds
2025-06-28 03:29:07 - bot.cogs.challenge - INFO - ChallengeCog operations initialized successfully
2025-06-28 03:29:19 - bot.ui.views.EventBrowserView - INFO - EventBrowserView initialized by user 492208498533203970 with initial_cluster_id: None
2025-06-28 03:29:19 - bot.ui.views.EventBrowserView - INFO - EventBrowserView initialized by user 492208498533203970 with initial_cluster_id: None
2025-06-28 03:29:19 - bot.ui.views.EventBrowserView - DEBUG - Loaded 20 clusters
2025-06-28 03:29:19 - bot.ui.views.EventBrowserView - DEBUG - Loaded 20 clusters
2025-06-28 03:29:20 - bot.ui.views.EventBrowserView - DEBUG - Updated aggregated data: 70 total, page 1/7
2025-06-28 03:29:20 - bot.ui.views.EventBrowserView - DEBUG - Updated aggregated data: 70 total, page 1/7
2025-06-28 03:29:20 - bot.ui.views.EventBrowserView - INFO - EventBrowserView started successfully
2025-06-28 03:29:20 - bot.ui.views.EventBrowserView - INFO - EventBrowserView started successfully
2025-06-28 03:29:22 - bot.ui.views.EventBrowserView - DEBUG - Cluster filter changed: None → 3 (value: 3)
2025-06-28 03:29:22 - bot.ui.views.EventBrowserView - DEBUG - Cluster filter changed: None → 3 (value: 3)
2025-06-28 03:29:22 - bot.ui.views.EventBrowserView - DEBUG - Updated aggregated data: 3 total, page 1/1
2025-06-28 03:29:22 - bot.ui.views.EventBrowserView - DEBUG - Updated aggregated data: 3 total, page 1/1
2025-06-28 03:29:22 - bot.ui.views.EventBrowserView - DEBUG - Cluster dropdown: Setting FPS (ID: 3) as default
2025-06-28 03:29:22 - bot.ui.views.EventBrowserView - DEBUG - Cluster dropdown: Setting FPS (ID: 3) as default
2025-06-28 03:29:22 - bot.ui.views.EventBrowserView - DEBUG - View updated successfully for page 1
2025-06-28 03:29:22 - bot.ui.views.EventBrowserView - DEBUG - View updated successfully for page 1
2025-06-28 03:29:25 - bot.ui.views.EventBrowserView - DEBUG - Cluster filter changed: 3 → 2 (value: 2)
2025-06-28 03:29:25 - bot.ui.views.EventBrowserView - DEBUG - Cluster filter changed: 3 → 2 (value: 2)
2025-06-28 03:29:25 - bot.ui.views.EventBrowserView - DEBUG - Updated aggregated data: 5 total, page 1/1
2025-06-28 03:29:25 - bot.ui.views.EventBrowserView - DEBUG - Updated aggregated data: 5 total, page 1/1
2025-06-28 03:29:25 - bot.ui.views.EventBrowserView - DEBUG - Cluster dropdown: Setting Pokemon (ID: 2) as default
2025-06-28 03:29:25 - bot.ui.views.EventBrowserView - DEBUG - Cluster dropdown: Setting Pokemon (ID: 2) as default
2025-06-28 03:29:26 - bot.ui.views.EventBrowserView - DEBUG - View updated successfully for page 1
2025-06-28 03:29:26 - bot.ui.views.EventBrowserView - DEBUG - View updated successfully for page 1
2025-06-28 03:29:30 - bot.ui.views.EventBrowserView - DEBUG - Cluster filter changed: 2 → 11 (value: 11)
2025-06-28 03:29:30 - bot.ui.views.EventBrowserView - DEBUG - Cluster filter changed: 2 → 11 (value: 11)
2025-06-28 03:29:30 - bot.ui.views.EventBrowserView - DEBUG - Updated aggregated data: 3 total, page 1/1
2025-06-28 03:29:30 - bot.ui.views.EventBrowserView - DEBUG - Updated aggregated data: 3 total, page 1/1
2025-06-28 03:29:30 - bot.ui.views.EventBrowserView - DEBUG - Cluster dropdown: Setting Running (ID: 11) as default
2025-06-28 03:29:30 - bot.ui.views.EventBrowserView - DEBUG - Cluster dropdown: Setting Running (ID: 11) as default
2025-06-28 03:29:30 - bot.ui.views.EventBrowserView - DEBUG - View updated successfully for page 1
2025-06-28 03:29:30 - bot.ui.views.EventBrowserView - DEBUG - View updated successfully for page 1
2025-06-28 03:29:34 - bot.ui.views.EventBrowserView - DEBUG - Cluster filter changed: 11 → 8 (value: 8)
2025-06-28 03:29:34 - bot.ui.views.EventBrowserView - DEBUG - Cluster filter changed: 11 → 8 (value: 8)
2025-06-28 03:29:34 - bot.ui.views.EventBrowserView - DEBUG - Updated aggregated data: 2 total, page 1/1
2025-06-28 03:29:34 - bot.ui.views.EventBrowserView - DEBUG - Updated aggregated data: 2 total, page 1/1
2025-06-28 03:29:34 - bot.ui.views.EventBrowserView - DEBUG - Cluster dropdown: Setting Rhythm (ID: 8) as default
2025-06-28 03:29:34 - bot.ui.views.EventBrowserView - DEBUG - Cluster dropdown: Setting Rhythm (ID: 8) as default
2025-06-28 03:29:34 - bot.ui.views.EventBrowserView - DEBUG - View updated successfully for page 1
2025-06-28 03:29:34 - bot.ui.views.EventBrowserView - DEBUG - View updated successfully for page 1
2025-06-28 03:34:34 - bot.ui.views.EventBrowserView - INFO - EventBrowserView timed out after 300 seconds
2025-06-28 03:34:34 - bot.ui.views.EventBrowserView - INFO - EventBrowserView timed out after 300 seconds
2025-06-28 03:43:54 - __main__ - INFO - Setting up Tournament Bot...
2025-06-28 03:43:54 - bot.database.database - INFO - Initializing database...
2025-06-28 03:43:54 - bot.database.database - INFO - Database initialized successfully
2025-06-28 03:43:54 - __main__ - INFO - Loaded cog: bot.cogs.admin
2025-06-28 03:43:54 - __main__ - INFO - Loaded cog: bot.cogs.tournament
2025-06-28 03:43:54 - __main__ - INFO - Loaded cog: bot.cogs.player
2025-06-28 03:43:54 - __main__ - INFO - Loaded cog: bot.cogs.challenge
2025-06-28 03:43:54 - __main__ - INFO - Loaded cog: bot.cogs.leaderboard
2025-06-28 03:43:54 - __main__ - INFO - Loaded cog: bot.cogs.events
2025-06-28 03:43:54 - __main__ - INFO - Loaded cog: bot.cogs.match_commands
2025-06-28 03:43:54 - __main__ - INFO - Attempting to sync commands to 2 guild(s): [743306931522764860, 685704304983932949]...
2025-06-28 03:43:55 - __main__ - INFO - Successfully synced 7 command(s) to guild 743306931522764860
2025-06-28 03:43:55 - __main__ - INFO -   - admin-populate-data: Load/refresh clusters and events from CSV (Owner only)
2025-06-28 03:43:55 - __main__ - INFO -   - list-clusters: View all tournament clusters
2025-06-28 03:43:55 - __main__ - INFO -   - list-events: View events with interactive filtering and pagination
2025-06-28 03:43:55 - __main__ - INFO -   - challenge: Create a match challenge through tournament hierarchy
2025-06-28 03:43:55 - __main__ - INFO -   - ping: Test slash command infrastructure
2025-06-28 03:43:55 - __main__ - INFO -   - ffa: [DEPRECATED] Use /challenge command instead
2025-06-28 03:43:55 - __main__ - INFO -   - match-report: Report match results with placements
2025-06-28 03:43:55 - __main__ - INFO - Successfully synced 7 command(s) to guild 685704304983932949
2025-06-28 03:43:55 - __main__ - INFO - Multi-guild sync complete: 14 total command instances deployed
2025-06-28 03:43:55 - __main__ - INFO - Tournament Bot setup complete!
2025-06-28 03:43:57 - __main__ - INFO - Kenjaku#5319 has connected to Discord!
2025-06-28 03:43:57 - __main__ - INFO - Bot is in 2 guilds
2025-06-28 03:43:57 - bot.cogs.challenge - INFO - ChallengeCog operations initialized successfully
2025-06-28 03:57:20 - __main__ - INFO - Setting up Tournament Bot...
2025-06-28 03:57:20 - bot.database.database - INFO - Initializing database...
2025-06-28 03:57:20 - bot.database.database - INFO - Database initialized successfully
2025-06-28 03:57:20 - __main__ - INFO - Loaded cog: bot.cogs.admin
2025-06-28 03:57:20 - __main__ - INFO - Loaded cog: bot.cogs.tournament
2025-06-28 03:57:20 - __main__ - INFO - Loaded cog: bot.cogs.player
2025-06-28 03:57:20 - __main__ - INFO - Loaded cog: bot.cogs.challenge
2025-06-28 03:57:20 - __main__ - INFO - Loaded cog: bot.cogs.leaderboard
2025-06-28 03:57:20 - __main__ - INFO - Loaded cog: bot.cogs.events
2025-06-28 03:57:20 - __main__ - INFO - Loaded cog: bot.cogs.match_commands
2025-06-28 03:57:20 - __main__ - INFO - Attempting to sync commands to 2 guild(s): [743306931522764860, 685704304983932949]...
2025-06-28 03:57:20 - __main__ - INFO - Successfully synced 7 command(s) to guild 743306931522764860
2025-06-28 03:57:20 - __main__ - INFO -   - admin-populate-data: Load/refresh clusters and events from CSV (Owner only)
2025-06-28 03:57:20 - __main__ - INFO -   - list-clusters: View all tournament clusters
2025-06-28 03:57:20 - __main__ - INFO -   - list-events: View events with interactive filtering and pagination
2025-06-28 03:57:20 - __main__ - INFO -   - challenge: Create a match challenge through tournament hierarchy
2025-06-28 03:57:20 - __main__ - INFO -   - ping: Test slash command infrastructure
2025-06-28 03:57:20 - __main__ - INFO -   - ffa: [DEPRECATED] Use /challenge command instead
2025-06-28 03:57:20 - __main__ - INFO -   - match-report: Report match results with placements
2025-06-28 03:57:20 - __main__ - INFO - Successfully synced 7 command(s) to guild 685704304983932949
2025-06-28 03:57:20 - __main__ - INFO - Multi-guild sync complete: 14 total command instances deployed
2025-06-28 03:57:20 - __main__ - INFO - Tournament Bot setup complete!
2025-06-28 03:57:23 - __main__ - INFO - Kenjaku#5319 has connected to Discord!
2025-06-28 03:57:23 - __main__ - INFO - Bot is in 2 guilds
2025-06-28 03:57:23 - bot.cogs.challenge - INFO - ChallengeCog operations initialized successfully
2025-06-28 03:57:47 - bot.operations.player_operations - DEBUG - Found existing Player 3 for Discord user 632154057477455882
2025-06-28 03:57:47 - bot.operations.player_operations - DEBUG - Updated activity for Player 3
2025-06-28 03:57:47 - bot.operations.player_operations - DEBUG - Found existing Player 5 for Discord user 492208498533203970
2025-06-28 03:57:47 - bot.operations.player_operations - DEBUG - Updated activity for Player 5
2025-06-28 03:57:47 - bot.operations.player_operations - DEBUG - Found existing Player 5 for Discord user 492208498533203970
2025-06-28 03:57:47 - bot.operations.player_operations - DEBUG - Updated activity for Player 5
2025-06-28 03:57:47 - bot.operations.challenge_operations.ChallengeOperations - INFO - Created challenge 3 for event 27 with 2 participants
2025-06-28 03:57:47 - bot.operations.challenge_operations.ChallengeOperations - INFO - Created challenge 3 for event 27 with 2 participants
2025-06-28 03:57:47 - bot.cogs.challenge - INFO - Challenge 3 created by 492208498533203970 for event Diep (1v1) (1v1)
2025-06-28 04:01:07 - bot.operations.player_operations - DEBUG - Found existing Player 3 for Discord user 632154057477455882
2025-06-28 04:01:07 - bot.operations.player_operations - DEBUG - Updated activity for Player 3
2025-06-28 04:01:07 - bot.operations.player_operations - DEBUG - Found existing Player 11 for Discord user 358116499140902912
2025-06-28 04:01:07 - bot.operations.player_operations - DEBUG - Updated activity for Player 11
2025-06-28 04:01:07 - bot.operations.player_operations - DEBUG - Found existing Player 5 for Discord user 492208498533203970
2025-06-28 04:01:07 - bot.operations.player_operations - DEBUG - Updated activity for Player 5
2025-06-28 04:01:07 - bot.operations.player_operations - DEBUG - Found existing Player 5 for Discord user 492208498533203970
2025-06-28 04:01:07 - bot.operations.player_operations - DEBUG - Updated activity for Player 5
2025-06-28 04:01:07 - bot.operations.challenge_operations.ChallengeOperations - INFO - Created challenge 4 for event 12 with 3 participants
2025-06-28 04:01:07 - bot.operations.challenge_operations.ChallengeOperations - INFO - Created challenge 4 for event 12 with 3 participants
2025-06-28 04:01:07 - bot.cogs.challenge - INFO - Challenge 4 created by 492208498533203970 for event Krunker (FFA) (ffa)
2025-06-28 04:02:02 - bot.operations.player_operations - DEBUG - Found existing Player 10 for Discord user 839537050340032554
2025-06-28 04:02:02 - bot.operations.player_operations - DEBUG - Updated activity for Player 10
2025-06-28 04:02:02 - bot.operations.player_operations - DEBUG - Found existing Player 7 for Discord user 359069937492295680
2025-06-28 04:02:02 - bot.operations.player_operations - DEBUG - Updated activity for Player 7
2025-06-28 04:02:02 - bot.operations.player_operations - DEBUG - Found existing Player 3 for Discord user 632154057477455882
2025-06-28 04:02:02 - bot.operations.player_operations - DEBUG - Updated activity for Player 3
2025-06-28 04:02:02 - bot.operations.player_operations - DEBUG - Found existing Player 6 for Discord user 692610511325364287
2025-06-28 04:02:02 - bot.operations.player_operations - DEBUG - Updated activity for Player 6
2025-06-28 04:02:02 - bot.operations.player_operations - DEBUG - Found existing Player 8 for Discord user 232299873381122050
2025-06-28 04:02:02 - bot.operations.player_operations - DEBUG - Updated activity for Player 8
2025-06-28 04:02:02 - bot.operations.player_operations - DEBUG - Found existing Player 5 for Discord user 492208498533203970
2025-06-28 04:02:02 - bot.operations.player_operations - DEBUG - Updated activity for Player 5
2025-06-28 04:02:02 - bot.operations.player_operations - DEBUG - Found existing Player 5 for Discord user 492208498533203970
2025-06-28 04:02:02 - bot.operations.player_operations - DEBUG - Updated activity for Player 5
2025-06-28 04:02:02 - bot.operations.challenge_operations.ChallengeOperations - INFO - Created challenge 5 for event 78 with 6 participants
2025-06-28 04:02:02 - bot.operations.challenge_operations.ChallengeOperations - INFO - Created challenge 5 for event 78 with 6 participants
2025-06-28 04:02:02 - bot.cogs.challenge - INFO - Challenge 5 created by 492208498533203970 for event Stumble Guys (ffa)
2025-06-28 04:03:22 - bot.operations.player_operations - DEBUG - Found existing Player 7 for Discord user 359069937492295680
2025-06-28 04:03:22 - bot.operations.player_operations - DEBUG - Updated activity for Player 7
2025-06-28 04:03:22 - bot.operations.player_operations - DEBUG - Found existing Player 6 for Discord user 692610511325364287
2025-06-28 04:03:22 - bot.operations.player_operations - DEBUG - Updated activity for Player 6
2025-06-28 04:03:22 - bot.operations.player_operations - DEBUG - Found existing Player 3 for Discord user 632154057477455882
2025-06-28 04:03:22 - bot.operations.player_operations - DEBUG - Updated activity for Player 3
2025-06-28 04:03:22 - bot.operations.player_operations - DEBUG - Found existing Player 5 for Discord user 492208498533203970
2025-06-28 04:03:22 - bot.operations.player_operations - DEBUG - Updated activity for Player 5
2025-06-28 04:03:22 - bot.operations.player_operations - DEBUG - Found existing Player 5 for Discord user 492208498533203970
2025-06-28 04:03:22 - bot.operations.player_operations - DEBUG - Updated activity for Player 5
2025-06-28 04:03:22 - bot.operations.challenge_operations.ChallengeOperations - INFO - Created challenge 6 for event 12 with 4 participants
2025-06-28 04:03:22 - bot.operations.challenge_operations.ChallengeOperations - INFO - Created challenge 6 for event 12 with 4 participants
2025-06-28 04:03:22 - bot.cogs.challenge - INFO - Challenge 6 created by 492208498533203970 for event Krunker (FFA) (ffa)
2025-06-28 04:04:27 - bot.operations.player_operations - DEBUG - Found existing Player 7 for Discord user 359069937492295680
2025-06-28 04:04:27 - bot.operations.player_operations - DEBUG - Updated activity for Player 7
2025-06-28 04:04:27 - bot.operations.player_operations - DEBUG - Found existing Player 6 for Discord user 692610511325364287
2025-06-28 04:04:27 - bot.operations.player_operations - DEBUG - Updated activity for Player 6
2025-06-28 04:04:27 - bot.operations.player_operations - DEBUG - Found existing Player 3 for Discord user 632154057477455882
2025-06-28 04:04:27 - bot.operations.player_operations - DEBUG - Updated activity for Player 3
2025-06-28 04:04:27 - bot.operations.player_operations - DEBUG - Found existing Player 5 for Discord user 492208498533203970
2025-06-28 04:04:27 - bot.operations.player_operations - DEBUG - Updated activity for Player 5
2025-06-28 04:04:27 - bot.operations.player_operations - DEBUG - Found existing Player 5 for Discord user 492208498533203970
2025-06-28 04:04:27 - bot.operations.player_operations - DEBUG - Updated activity for Player 5
2025-06-28 04:04:27 - bot.operations.challenge_operations.ChallengeOperations - INFO - Created challenge 7 for event 49 with 4 participants
2025-06-28 04:04:27 - bot.operations.challenge_operations.ChallengeOperations - INFO - Created challenge 7 for event 49 with 4 participants
2025-06-28 04:04:27 - bot.cogs.challenge - INFO - Team challenge 7 created by 492208498533203970 for event 2v2 (Team)
2025-06-28 04:05:04 - bot.operations.player_operations - DEBUG - Found existing Player 7 for Discord user 359069937492295680
2025-06-28 04:05:04 - bot.operations.player_operations - DEBUG - Updated activity for Player 7
2025-06-28 04:05:04 - bot.operations.player_operations - DEBUG - Found existing Player 6 for Discord user 692610511325364287
2025-06-28 04:05:04 - bot.operations.player_operations - DEBUG - Updated activity for Player 6
2025-06-28 04:05:04 - bot.operations.player_operations - DEBUG - Found existing Player 3 for Discord user 632154057477455882
2025-06-28 04:05:04 - bot.operations.player_operations - DEBUG - Updated activity for Player 3
2025-06-28 04:05:04 - bot.operations.player_operations - DEBUG - Found existing Player 5 for Discord user 492208498533203970
2025-06-28 04:05:04 - bot.operations.player_operations - DEBUG - Updated activity for Player 5
2025-06-28 04:05:04 - bot.operations.player_operations - DEBUG - Found existing Player 5 for Discord user 492208498533203970
2025-06-28 04:05:04 - bot.operations.player_operations - DEBUG - Updated activity for Player 5
2025-06-28 04:07:50 - bot.operations.player_operations - DEBUG - Found existing Player 3 for Discord user 632154057477455882
2025-06-28 04:07:50 - bot.operations.player_operations - DEBUG - Updated activity for Player 3
2025-06-28 04:07:50 - bot.operations.player_operations - DEBUG - Found existing Player 5 for Discord user 492208498533203970
2025-06-28 04:07:50 - bot.operations.player_operations - DEBUG - Updated activity for Player 5
2025-06-28 04:07:50 - bot.operations.player_operations - DEBUG - Found existing Player 5 for Discord user 492208498533203970
2025-06-28 04:07:50 - bot.operations.player_operations - DEBUG - Updated activity for Player 5
2025-06-28 04:07:50 - bot.operations.challenge_operations.ChallengeOperations - INFO - Created challenge 8 for event 58 with 2 participants
2025-06-28 04:07:50 - bot.operations.challenge_operations.ChallengeOperations - INFO - Created challenge 8 for event 58 with 2 participants
2025-06-28 04:07:51 - bot.cogs.challenge - INFO - Challenge 8 created by 492208498533203970 for event Geoguessr (1v1) (1v1)
2025-06-28 04:08:04 - bot.operations.player_operations - DEBUG - Found existing Player 7 for Discord user 359069937492295680
2025-06-28 04:08:04 - bot.operations.player_operations - DEBUG - Updated activity for Player 7
2025-06-28 04:08:04 - bot.operations.player_operations - DEBUG - Found existing Player 3 for Discord user 632154057477455882
2025-06-28 04:08:04 - bot.operations.player_operations - DEBUG - Updated activity for Player 3
2025-06-28 04:08:04 - bot.operations.player_operations - DEBUG - Found existing Player 5 for Discord user 492208498533203970
2025-06-28 04:08:04 - bot.operations.player_operations - DEBUG - Updated activity for Player 5
2025-06-28 04:08:04 - bot.operations.player_operations - DEBUG - Found existing Player 5 for Discord user 492208498533203970
2025-06-28 04:08:04 - bot.operations.player_operations - DEBUG - Updated activity for Player 5
2025-06-28 04:08:04 - bot.operations.challenge_operations.ChallengeOperations - INFO - Created challenge 9 for event 59 with 3 participants
2025-06-28 04:08:04 - bot.operations.challenge_operations.ChallengeOperations - INFO - Created challenge 9 for event 59 with 3 participants
2025-06-28 04:08:04 - bot.cogs.challenge - INFO - Challenge 9 created by 492208498533203970 for event Geoguessr (FFA) (ffa)
2025-06-28 04:08:31 - bot.operations.player_operations - DEBUG - Found existing Player 3 for Discord user 632154057477455882
2025-06-28 04:08:31 - bot.operations.player_operations - DEBUG - Updated activity for Player 3
2025-06-28 04:08:31 - bot.operations.player_operations - DEBUG - Found existing Player 7 for Discord user 359069937492295680
2025-06-28 04:08:31 - bot.operations.player_operations - DEBUG - Updated activity for Player 7
2025-06-28 04:08:31 - bot.operations.player_operations - DEBUG - Found existing Player 6 for Discord user 692610511325364287
2025-06-28 04:08:31 - bot.operations.player_operations - DEBUG - Updated activity for Player 6
2025-06-28 04:08:31 - bot.operations.player_operations - DEBUG - Found existing Player 5 for Discord user 492208498533203970
2025-06-28 04:08:31 - bot.operations.player_operations - DEBUG - Updated activity for Player 5
2025-06-28 04:08:31 - bot.operations.player_operations - DEBUG - Found existing Player 5 for Discord user 492208498533203970
2025-06-28 04:08:31 - bot.operations.player_operations - DEBUG - Updated activity for Player 5
2025-06-28 04:08:31 - bot.operations.challenge_operations.ChallengeOperations - INFO - Created challenge 10 for event 61 with 4 participants
2025-06-28 04:08:31 - bot.operations.challenge_operations.ChallengeOperations - INFO - Created challenge 10 for event 61 with 4 participants
2025-06-28 04:08:31 - bot.cogs.challenge - INFO - Challenge 10 created by 492208498533203970 for event Protobowl (FFA) (ffa)
2025-06-28 04:09:05 - bot.operations.player_operations - DEBUG - Found existing Player 7 for Discord user 359069937492295680
2025-06-28 04:09:05 - bot.operations.player_operations - DEBUG - Updated activity for Player 7
2025-06-28 04:09:05 - bot.operations.player_operations - DEBUG - Found existing Player 5 for Discord user 492208498533203970
2025-06-28 04:09:05 - bot.operations.player_operations - DEBUG - Updated activity for Player 5
2025-06-28 04:09:05 - bot.operations.player_operations - DEBUG - Found existing Player 5 for Discord user 492208498533203970
2025-06-28 04:09:05 - bot.operations.player_operations - DEBUG - Updated activity for Player 5
2025-06-28 04:09:05 - bot.operations.challenge_operations.ChallengeOperations - INFO - Created challenge 11 for event 34 with 2 participants
2025-06-28 04:09:05 - bot.operations.challenge_operations.ChallengeOperations - INFO - Created challenge 11 for event 34 with 2 participants
2025-06-28 04:09:05 - bot.cogs.challenge - INFO - Challenge 11 created by 492208498533203970 for event Brawhalla (1v1) (1v1)
2025-06-28 04:10:44 - bot.operations.player_operations - DEBUG - Found existing Player 7 for Discord user 359069937492295680
2025-06-28 04:10:44 - bot.operations.player_operations - DEBUG - Updated activity for Player 7
2025-06-28 04:10:44 - bot.operations.player_operations - DEBUG - Found existing Player 6 for Discord user 692610511325364287
2025-06-28 04:10:44 - bot.operations.player_operations - DEBUG - Updated activity for Player 6
2025-06-28 04:10:44 - bot.operations.player_operations - DEBUG - Found existing Player 10 for Discord user 839537050340032554
2025-06-28 04:10:44 - bot.operations.player_operations - DEBUG - Updated activity for Player 10
2025-06-28 04:10:44 - bot.operations.player_operations - DEBUG - Found existing Player 5 for Discord user 492208498533203970
2025-06-28 04:10:44 - bot.operations.player_operations - DEBUG - Updated activity for Player 5
2025-06-28 04:10:44 - bot.operations.player_operations - DEBUG - Found existing Player 5 for Discord user 492208498533203970
2025-06-28 04:10:44 - bot.operations.player_operations - DEBUG - Updated activity for Player 5
2025-06-28 04:10:44 - bot.operations.challenge_operations.ChallengeOperations - INFO - Created challenge 12 for event 55 with 4 participants
2025-06-28 04:10:44 - bot.operations.challenge_operations.ChallengeOperations - INFO - Created challenge 12 for event 55 with 4 participants
2025-06-28 04:10:44 - bot.cogs.challenge - INFO - Team challenge 12 created by 492208498533203970 for event Rat.mash (Team)
2025-06-28 10:45:05 - __main__ - INFO - Setting up Tournament Bot...
2025-06-28 10:45:05 - bot.database.database - INFO - Initializing database...
2025-06-28 10:45:05 - bot.database.database - INFO - Database initialized successfully
2025-06-28 10:45:05 - __main__ - INFO - Loaded cog: bot.cogs.admin
2025-06-28 10:45:05 - __main__ - INFO - Loaded cog: bot.cogs.tournament
2025-06-28 10:45:05 - __main__ - INFO - Loaded cog: bot.cogs.player
2025-06-28 10:45:05 - __main__ - INFO - Loaded cog: bot.cogs.challenge
2025-06-28 10:45:05 - __main__ - INFO - Loaded cog: bot.cogs.leaderboard
2025-06-28 10:45:05 - __main__ - INFO - Loaded cog: bot.cogs.events
2025-06-28 10:45:05 - __main__ - INFO - Loaded cog: bot.cogs.match_commands
2025-06-28 10:45:05 - __main__ - INFO - Attempting to sync commands to 2 guild(s): [743306931522764860, 685704304983932949]...
2025-06-28 10:45:06 - __main__ - INFO - Successfully synced 7 command(s) to guild 743306931522764860
2025-06-28 10:45:06 - __main__ - INFO -   - admin-populate-data: Load/refresh clusters and events from CSV (Owner only)
2025-06-28 10:45:06 - __main__ - INFO -   - list-clusters: View all tournament clusters
2025-06-28 10:45:06 - __main__ - INFO -   - list-events: View events with interactive filtering and pagination
2025-06-28 10:45:06 - __main__ - INFO -   - challenge: Create a match challenge through tournament hierarchy
2025-06-28 10:45:06 - __main__ - INFO -   - ping: Test slash command infrastructure
2025-06-28 10:45:06 - __main__ - INFO -   - ffa: [DEPRECATED] Use /challenge command instead
2025-06-28 10:45:06 - __main__ - INFO -   - match-report: Report match results with placements
2025-06-28 10:45:07 - __main__ - INFO - Successfully synced 7 command(s) to guild 685704304983932949
2025-06-28 10:45:07 - __main__ - INFO - Multi-guild sync complete: 14 total command instances deployed
2025-06-28 10:45:07 - __main__ - INFO - Tournament Bot setup complete!
2025-06-28 10:45:09 - __main__ - INFO - Kenjaku#5319 has connected to Discord!
2025-06-28 10:45:09 - __main__ - INFO - Bot is in 2 guilds
2025-06-28 10:45:09 - bot.cogs.challenge - INFO - ChallengeCog operations initialized successfully
2025-06-28 10:46:01 - bot.operations.player_operations - DEBUG - Found existing Player 4 for Discord user 352478916826365953
2025-06-28 10:46:01 - bot.operations.player_operations - DEBUG - Updated activity for Player 4
2025-06-28 10:46:01 - bot.operations.player_operations - DEBUG - Found existing Player 3 for Discord user 632154057477455882
2025-06-28 10:46:01 - bot.operations.player_operations - DEBUG - Updated activity for Player 3
2025-06-28 10:46:01 - bot.operations.player_operations - DEBUG - Found existing Player 11 for Discord user 358116499140902912
2025-06-28 10:46:01 - bot.operations.player_operations - DEBUG - Updated activity for Player 11
2025-06-28 10:46:01 - bot.operations.player_operations - DEBUG - Found existing Player 5 for Discord user 492208498533203970
2025-06-28 10:46:01 - bot.operations.player_operations - DEBUG - Updated activity for Player 5
2025-06-28 10:46:01 - bot.operations.player_operations - DEBUG - Found existing Player 5 for Discord user 492208498533203970
2025-06-28 10:46:01 - bot.operations.player_operations - DEBUG - Updated activity for Player 5
2025-06-28 10:46:01 - bot.operations.challenge_operations.ChallengeOperations - INFO - Created challenge 13 for event 9 with 4 participants
2025-06-28 10:46:01 - bot.operations.challenge_operations.ChallengeOperations - INFO - Created challenge 13 for event 9 with 4 participants
2025-06-28 10:46:01 - bot.cogs.challenge - INFO - Team challenge 13 created by 492208498533203970 for event Operations Siege (Team)
2025-06-28 10:54:53 - __main__ - INFO - Shutting down Tournament Bot...
2025-06-28 10:54:53 - bot.database.database - INFO - Database connection closed
2025-06-28 10:55:02 - __main__ - INFO - Setting up Tournament Bot...
2025-06-28 10:55:02 - bot.database.database - INFO - Initializing database...
2025-06-28 10:55:02 - bot.database.database - INFO - Database initialized successfully
2025-06-28 10:55:03 - __main__ - INFO - Loaded cog: bot.cogs.admin
2025-06-28 10:55:03 - __main__ - INFO - Loaded cog: bot.cogs.tournament
2025-06-28 10:55:03 - __main__ - INFO - Loaded cog: bot.cogs.player
2025-06-28 10:55:03 - __main__ - INFO - Loaded cog: bot.cogs.challenge
2025-06-28 10:55:03 - __main__ - INFO - Loaded cog: bot.cogs.leaderboard
2025-06-28 10:55:03 - __main__ - INFO - Loaded cog: bot.cogs.events
2025-06-28 10:55:03 - __main__ - INFO - Loaded cog: bot.cogs.match_commands
2025-06-28 10:55:03 - __main__ - INFO - Attempting to sync commands to 2 guild(s): [743306931522764860, 685704304983932949]...
2025-06-28 10:55:03 - __main__ - INFO - Successfully synced 7 command(s) to guild 743306931522764860
2025-06-28 10:55:03 - __main__ - INFO -   - admin-populate-data: Load/refresh clusters and events from CSV (Owner only)
2025-06-28 10:55:03 - __main__ - INFO -   - list-clusters: View all tournament clusters
2025-06-28 10:55:03 - __main__ - INFO -   - list-events: View events with interactive filtering and pagination
2025-06-28 10:55:03 - __main__ - INFO -   - challenge: Create a match challenge through tournament hierarchy
2025-06-28 10:55:03 - __main__ - INFO -   - ping: Test slash command infrastructure
2025-06-28 10:55:03 - __main__ - INFO -   - ffa: [DEPRECATED] Use /challenge command instead
2025-06-28 10:55:03 - __main__ - INFO -   - match-report: Report match results with placements
2025-06-28 10:55:03 - __main__ - INFO - Successfully synced 7 command(s) to guild 685704304983932949
2025-06-28 10:55:03 - __main__ - INFO - Multi-guild sync complete: 14 total command instances deployed
2025-06-28 10:55:03 - __main__ - INFO - Tournament Bot setup complete!
2025-06-28 10:55:06 - __main__ - INFO - Kenjaku#5319 has connected to Discord!
2025-06-28 10:55:06 - __main__ - INFO - Bot is in 2 guilds
2025-06-28 10:55:06 - bot.cogs.challenge - INFO - ChallengeCog operations initialized successfully
2025-06-28 12:37:38 - bot.cogs.challenge - ERROR - Event autocomplete error: invalid literal for int() with base 10: 'Clash Royale'
2025-06-28 12:40:07 - bot.cogs.challenge - ERROR - Event autocomplete error: invalid literal for int() with base 10: 'Clash Royale'
2025-06-28 12:40:35 - bot.operations.player_operations - DEBUG - Found existing Player 6 for Discord user 692610511325364287
2025-06-28 12:40:35 - bot.operations.player_operations - DEBUG - Updated activity for Player 6
2025-06-28 12:40:35 - bot.operations.player_operations - DEBUG - Found existing Player 7 for Discord user 359069937492295680
2025-06-28 12:40:35 - bot.operations.player_operations - DEBUG - Updated activity for Player 7
2025-06-28 12:40:35 - bot.operations.player_operations - DEBUG - Found existing Player 3 for Discord user 632154057477455882
2025-06-28 12:40:35 - bot.operations.player_operations - DEBUG - Updated activity for Player 3
2025-06-28 12:40:35 - bot.operations.player_operations - DEBUG - Found existing Player 10 for Discord user 839537050340032554
2025-06-28 12:40:35 - bot.operations.player_operations - DEBUG - Updated activity for Player 10
2025-06-28 12:40:35 - bot.operations.player_operations - DEBUG - Found existing Player 8 for Discord user 232299873381122050
2025-06-28 12:40:35 - bot.operations.player_operations - DEBUG - Updated activity for Player 8
2025-06-28 12:40:35 - bot.operations.player_operations - DEBUG - Found existing Player 5 for Discord user 492208498533203970
2025-06-28 12:40:35 - bot.operations.player_operations - DEBUG - Updated activity for Player 5
2025-06-28 12:40:35 - bot.operations.player_operations - DEBUG - Found existing Player 5 for Discord user 492208498533203970
2025-06-28 12:40:35 - bot.operations.player_operations - DEBUG - Updated activity for Player 5
2025-06-28 12:40:35 - bot.operations.challenge_operations.ChallengeOperations - INFO - Created challenge 14 for event 25 with 6 participants
2025-06-28 12:40:35 - bot.operations.challenge_operations.ChallengeOperations - INFO - Created challenge 14 for event 25 with 6 participants
2025-06-28 12:40:35 - bot.cogs.challenge - INFO - Team challenge 14 created by 492208498533203970 for event Bonk (Team)
2025-06-28 12:41:03 - __main__ - INFO - Shutting down Tournament Bot...
2025-06-28 12:41:03 - bot.database.database - INFO - Database connection closed
2025-06-28 12:47:05 - __main__ - INFO - Setting up Tournament Bot...
2025-06-28 12:47:05 - bot.database.database - INFO - Initializing database...
2025-06-28 12:47:05 - bot.database.database - INFO - Database initialized successfully
2025-06-28 12:47:05 - __main__ - INFO - Loaded cog: bot.cogs.admin
2025-06-28 12:47:05 - __main__ - INFO - Loaded cog: bot.cogs.tournament
2025-06-28 12:47:05 - __main__ - INFO - Loaded cog: bot.cogs.player
2025-06-28 12:47:05 - __main__ - INFO - Loaded cog: bot.cogs.challenge
2025-06-28 12:47:05 - __main__ - INFO - Loaded cog: bot.cogs.leaderboard
2025-06-28 12:47:05 - __main__ - INFO - Loaded cog: bot.cogs.events
2025-06-28 12:47:05 - __main__ - INFO - Loaded cog: bot.cogs.match_commands
2025-06-28 12:47:05 - __main__ - INFO - Attempting to sync commands to 2 guild(s): [743306931522764860, 685704304983932949]...
2025-06-28 12:47:05 - __main__ - INFO - Successfully synced 7 command(s) to guild 743306931522764860
2025-06-28 12:47:05 - __main__ - INFO -   - admin-populate-data: Load/refresh clusters and events from CSV (Owner only)
2025-06-28 12:47:05 - __main__ - INFO -   - list-clusters: View all tournament clusters
2025-06-28 12:47:05 - __main__ - INFO -   - list-events: View events with interactive filtering and pagination
2025-06-28 12:47:05 - __main__ - INFO -   - challenge: Create a match challenge through tournament hierarchy
2025-06-28 12:47:05 - __main__ - INFO -   - ping: Test slash command infrastructure
2025-06-28 12:47:05 - __main__ - INFO -   - ffa: [DEPRECATED] Use /challenge command instead
2025-06-28 12:47:05 - __main__ - INFO -   - match-report: Report match results with placements
2025-06-28 12:47:06 - __main__ - INFO - Successfully synced 7 command(s) to guild 685704304983932949
2025-06-28 12:47:06 - __main__ - INFO - Multi-guild sync complete: 14 total command instances deployed
2025-06-28 12:47:06 - __main__ - INFO - Tournament Bot setup complete!
2025-06-28 12:47:08 - __main__ - INFO - Kenjaku#5319 has connected to Discord!
2025-06-28 12:47:08 - __main__ - INFO - Bot is in 2 guilds
2025-06-28 12:47:08 - bot.cogs.challenge - INFO - ChallengeCog operations initialized successfully
2025-06-28 12:49:21 - bot.operations.player_operations - DEBUG - Found existing Player 3 for Discord user 632154057477455882
2025-06-28 12:49:21 - bot.operations.player_operations - DEBUG - Updated activity for Player 3
2025-06-28 12:49:21 - bot.operations.player_operations - DEBUG - Found existing Player 7 for Discord user 359069937492295680
2025-06-28 12:49:21 - bot.operations.player_operations - DEBUG - Updated activity for Player 7
2025-06-28 12:49:21 - bot.operations.player_operations - DEBUG - Found existing Player 6 for Discord user 692610511325364287
2025-06-28 12:49:21 - bot.operations.player_operations - DEBUG - Updated activity for Player 6
2025-06-28 12:49:21 - bot.operations.player_operations - DEBUG - Found existing Player 10 for Discord user 839537050340032554
2025-06-28 12:49:21 - bot.operations.player_operations - DEBUG - Updated activity for Player 10
2025-06-28 12:49:21 - bot.operations.player_operations - DEBUG - Found existing Player 8 for Discord user 232299873381122050
2025-06-28 12:49:21 - bot.operations.player_operations - DEBUG - Updated activity for Player 8
2025-06-28 12:49:21 - bot.operations.player_operations - DEBUG - Found existing Player 5 for Discord user 492208498533203970
2025-06-28 12:49:21 - bot.operations.player_operations - DEBUG - Updated activity for Player 5
2025-06-28 12:49:21 - bot.operations.player_operations - DEBUG - Found existing Player 5 for Discord user 492208498533203970
2025-06-28 12:49:21 - bot.operations.player_operations - DEBUG - Updated activity for Player 5
2025-06-28 12:49:21 - bot.operations.challenge_operations.ChallengeOperations - INFO - Created challenge 15 for event 9 with 6 participants
2025-06-28 12:49:21 - bot.operations.challenge_operations.ChallengeOperations - INFO - Created challenge 15 for event 9 with 6 participants
2025-06-28 12:49:21 - bot.cogs.challenge - INFO - Team challenge 15 created by 492208498533203970 for event Operations Siege (Team)
2025-06-28 12:49:55 - bot.operations.player_operations - DEBUG - Found existing Player 3 for Discord user 632154057477455882
2025-06-28 12:49:55 - bot.operations.player_operations - DEBUG - Updated activity for Player 3
2025-06-28 12:49:55 - bot.operations.player_operations - DEBUG - Found existing Player 7 for Discord user 359069937492295680
2025-06-28 12:49:55 - bot.operations.player_operations - DEBUG - Updated activity for Player 7
2025-06-28 12:49:55 - bot.operations.player_operations - DEBUG - Found existing Player 6 for Discord user 692610511325364287
2025-06-28 12:49:55 - bot.operations.player_operations - DEBUG - Updated activity for Player 6
2025-06-28 12:49:55 - bot.operations.player_operations - DEBUG - Found existing Player 8 for Discord user 232299873381122050
2025-06-28 12:49:55 - bot.operations.player_operations - DEBUG - Updated activity for Player 8
2025-06-28 12:49:55 - bot.operations.player_operations - DEBUG - Found existing Player 10 for Discord user 839537050340032554
2025-06-28 12:49:55 - bot.operations.player_operations - DEBUG - Updated activity for Player 10
2025-06-28 12:49:55 - bot.operations.player_operations - DEBUG - Found existing Player 5 for Discord user 492208498533203970
2025-06-28 12:49:55 - bot.operations.player_operations - DEBUG - Updated activity for Player 5
2025-06-28 12:49:55 - bot.operations.player_operations - DEBUG - Found existing Player 5 for Discord user 492208498533203970
2025-06-28 12:49:55 - bot.operations.player_operations - DEBUG - Updated activity for Player 5
2025-06-28 12:49:55 - bot.operations.challenge_operations.ChallengeOperations - INFO - Created challenge 16 for event 28 with 6 participants
2025-06-28 12:49:55 - bot.operations.challenge_operations.ChallengeOperations - INFO - Created challenge 16 for event 28 with 6 participants
2025-06-28 12:49:56 - bot.cogs.challenge - INFO - Team challenge 16 created by 492208498533203970 for event Diep (Team)
