2025-06-24 17:58:31 - bot.database.database - INFO - Initializing database...
2025-06-24 17:58:54 - bot.database.database - INFO - Initializing database...
2025-06-24 17:58:54 - bot.database.database - INFO - Database initialized successfully
2025-06-24 17:58:54 - bot.database.database - INFO - Database connection closed
2025-06-24 17:59:21 - bot.database.database - INFO - Initializing database...
2025-06-24 17:59:21 - bot.database.database - INFO - Database initialized successfully
2025-06-24 17:59:21 - bot.database.database - INFO - Database connection closed
2025-06-24 17:59:31 - bot.database.database - INFO - Initializing database...
2025-06-24 17:59:31 - bot.database.database - INFO - Database initialized successfully
2025-06-24 17:59:31 - bot.database.database - INFO - Initializing default games...
2025-06-24 17:59:31 - bot.database.database - INFO - Added 10 default games
2025-06-24 17:59:31 - bot.database.database - INFO - Database connection closed
2025-06-24 18:09:25 - bot.database.database - INFO - Initializing database...
2025-06-24 18:09:25 - bot.database.database - INFO - Database initialized successfully
2025-06-24 18:09:25 - bot.database.database - INFO - Initializing default games...
2025-06-24 18:09:25 - bot.database.database - INFO - Added 10 default games
2025-06-24 18:09:25 - bot.database.database - INFO - Database connection closed
2025-06-24 18:09:29 - bot.database.database - INFO - Initializing database...
2025-06-24 18:09:29 - bot.database.database - INFO - Database initialized successfully
2025-06-24 18:09:29 - bot.database.database - INFO - Initializing default games...
2025-06-24 18:09:29 - bot.database.database - INFO - Added 10 default games
2025-06-24 18:09:29 - bot.database.database - INFO - Database connection closed
2025-06-24 18:09:42 - bot.database.database - INFO - Initializing database...
2025-06-24 18:09:42 - bot.database.database - INFO - Database initialized successfully
2025-06-24 18:09:42 - bot.database.database - INFO - Initializing default games...
2025-06-24 18:09:42 - bot.database.database - INFO - Added 10 default games
2025-06-24 18:09:42 - bot.database.database - INFO - Database connection closed
2025-06-24 18:09:48 - bot.database.database - INFO - Initializing database...
2025-06-24 18:09:48 - bot.database.database - INFO - Database initialized successfully
2025-06-24 18:09:48 - bot.database.database - INFO - Initializing default games...
2025-06-24 18:09:48 - bot.database.database - INFO - Added 10 default games
2025-06-24 18:09:48 - bot.database.database - INFO - Database connection closed
2025-06-24 18:09:52 - bot.database.database - INFO - Initializing database...
2025-06-24 18:09:52 - bot.database.database - INFO - Database initialized successfully
2025-06-24 18:09:52 - bot.database.database - INFO - Initializing default games...
2025-06-24 18:09:52 - bot.database.database - INFO - Added 10 default games
2025-06-24 18:09:52 - bot.database.database - INFO - Database connection closed
2025-06-24 18:10:04 - bot.database.database - INFO - Initializing database...
2025-06-24 18:10:04 - bot.database.database - INFO - Database initialized successfully
2025-06-24 18:10:04 - bot.database.database - INFO - Initializing default games...
2025-06-24 18:10:04 - bot.database.database - INFO - Added 10 default games
2025-06-24 18:10:04 - bot.database.database - INFO - Database connection closed
2025-06-24 18:10:10 - bot.database.database - INFO - Initializing database...
2025-06-24 18:10:10 - bot.database.database - INFO - Database initialized successfully
2025-06-24 18:10:10 - bot.database.database - INFO - Initializing default games...
2025-06-24 18:10:10 - bot.database.database - INFO - Added 10 default games
2025-06-24 18:10:10 - bot.database.database - INFO - Database connection closed
2025-06-24 18:10:24 - bot.database.database - INFO - Initializing database...
2025-06-24 18:10:24 - bot.database.database - INFO - Database initialized successfully
2025-06-24 18:10:24 - bot.database.database - INFO - Initializing default games...
2025-06-24 18:10:24 - bot.database.database - INFO - Added 10 default games
2025-06-24 18:10:24 - bot.database.database - INFO - Database connection closed
2025-06-24 18:10:43 - bot.database.database - INFO - Initializing database...
2025-06-24 18:10:43 - bot.database.database - INFO - Database initialized successfully
2025-06-24 18:10:43 - bot.database.database - INFO - Initializing default games...
2025-06-24 18:10:43 - bot.database.database - INFO - Added 10 default games
2025-06-24 18:10:43 - bot.database.database - INFO - Database connection closed
2025-06-24 18:13:36 - bot.database.database - INFO - Initializing database...
2025-06-24 18:13:36 - bot.database.database - INFO - Database initialized successfully
2025-06-24 18:13:36 - bot.database.database - INFO - Initializing default games...
2025-06-24 18:13:36 - bot.database.database - INFO - Added 10 default games
2025-06-24 18:13:36 - bot.database.database - INFO - Database connection closed
2025-06-24 18:17:49 - bot.database.database - INFO - Initializing database...
2025-06-24 18:17:49 - bot.database.database - INFO - Database initialized successfully
2025-06-24 18:17:49 - bot.database.database - INFO - Initializing default games...
2025-06-24 18:17:49 - bot.database.database - INFO - Added 10 default games
2025-06-24 18:17:49 - bot.database.database - INFO - Database connection closed
2025-06-24 18:18:01 - bot.database.database - INFO - Initializing database...
2025-06-24 18:18:02 - bot.database.database - INFO - Database initialized successfully
2025-06-24 18:18:02 - bot.database.database - INFO - Initializing default games...
2025-06-24 18:18:02 - bot.database.database - INFO - Added 10 default games
2025-06-24 18:18:02 - bot.database.database - INFO - Database connection closed
2025-06-24 18:18:34 - bot.database.database - INFO - Initializing database...
2025-06-24 18:18:34 - bot.database.database - INFO - Database initialized successfully
2025-06-24 18:18:34 - bot.database.database - INFO - Initializing default games...
2025-06-24 18:18:34 - bot.database.database - INFO - Added 10 default games
2025-06-24 18:18:34 - bot.database.database - INFO - Database connection closed
2025-06-24 18:19:13 - bot.database.database - INFO - Initializing database...
2025-06-24 18:19:13 - bot.database.database - INFO - Database initialized successfully
2025-06-24 18:19:13 - bot.database.database - INFO - Initializing default games...
2025-06-24 18:19:13 - bot.database.database - INFO - Added 10 default games
2025-06-24 18:19:13 - bot.database.database - INFO - Database connection closed
2025-06-24 18:21:13 - bot.database.database - INFO - Initializing database...
2025-06-24 18:21:13 - bot.database.database - INFO - Database initialized successfully
2025-06-24 18:21:13 - bot.database.database - INFO - Initializing default games...
2025-06-24 18:21:13 - bot.database.database - INFO - Added 10 default games
2025-06-24 18:21:13 - bot.database.database - INFO - Database connection closed
2025-06-24 18:22:37 - bot.database.database - INFO - Initializing database...
2025-06-24 18:22:37 - bot.database.database - INFO - Database initialized successfully
2025-06-24 18:22:37 - bot.database.database - INFO - Initializing default games...
2025-06-24 18:22:37 - bot.database.database - INFO - Added 10 default games
2025-06-24 18:22:37 - bot.database.database - INFO - Database connection closed
2025-06-24 18:22:50 - bot.database.database - INFO - Initializing database...
2025-06-24 18:22:50 - bot.database.database - INFO - Database initialized successfully
2025-06-24 18:22:50 - bot.database.database - INFO - Initializing default games...
2025-06-24 18:22:50 - bot.database.database - INFO - Added 10 default games
2025-06-24 18:22:50 - bot.database.database - INFO - Database connection closed
2025-06-24 18:22:55 - bot.database.database - INFO - Initializing database...
2025-06-24 18:22:55 - bot.database.database - INFO - Database initialized successfully
2025-06-24 18:22:55 - bot.database.database - INFO - Initializing default games...
2025-06-24 18:22:55 - bot.database.database - INFO - Added 10 default games
2025-06-24 18:22:55 - bot.database.database - INFO - Database connection closed
2025-06-24 18:24:12 - bot.database.database - INFO - Initializing database...
2025-06-24 18:24:12 - bot.database.database - INFO - Database initialized successfully
2025-06-24 18:24:12 - bot.database.database - INFO - Initializing default games...
2025-06-24 18:24:12 - bot.database.database - INFO - Added 10 default games
2025-06-24 18:24:13 - bot.database.database - INFO - Initializing database...
2025-06-24 18:24:13 - bot.database.database - INFO - Database connection closed
2025-06-24 18:24:13 - bot.database.database - INFO - Database initialized successfully
2025-06-24 18:24:13 - bot.database.database - INFO - Initializing default games...
2025-06-24 18:24:13 - bot.database.database - INFO - Added 10 default games
2025-06-24 18:24:13 - bot.database.database - INFO - Database connection closed
2025-06-24 18:46:28 - bot.database.database - INFO - Initializing database...
2025-06-24 18:46:28 - bot.database.database - INFO - Database initialized successfully
2025-06-24 18:46:28 - bot.database.database - INFO - Initializing default games...
2025-06-24 18:46:28 - bot.database.database - INFO - Added 10 default games
2025-06-24 18:46:28 - bot.database.database - INFO - Initializing clusters and disciplines from CSV...
2025-06-24 18:46:28 - bot.database.database - INFO - Created cluster 1: Chess
2025-06-24 18:46:28 - bot.database.database - INFO - Created cluster 2: Pokemon
2025-06-24 18:46:28 - bot.database.database - INFO - Created cluster 3: FPS
2025-06-24 18:46:28 - bot.database.database - INFO - Created cluster 4: Roblox Combat
2025-06-24 18:46:28 - bot.database.database - INFO - Created cluster 5: Roblox Sports/Party
2025-06-24 18:46:28 - bot.database.database - INFO - Created cluster 6: Tetris
2025-06-24 18:46:28 - bot.database.database - INFO - Created cluster 7: IO Games
2025-06-24 18:46:28 - bot.database.database - INFO - Created cluster 8: Rhythm or Rhythm Adjacent
2025-06-24 18:46:28 - bot.database.database - INFO - Created cluster 9: Fighting
2025-06-24 18:46:28 - bot.database.database - INFO - Created cluster 10: Minecraft
2025-06-24 18:46:28 - bot.database.database - INFO - Created cluster 11: Running
2025-06-24 18:46:28 - bot.database.database - INFO - Created cluster 12: Clash Royale
2025-06-24 18:46:28 - bot.database.database - WARNING - Invalid scoring type '2v2' for discipline '2v2', skipping
2025-06-24 18:46:28 - bot.database.database - INFO - Created cluster 13: Waiver Rat
2025-06-24 18:46:28 - bot.database.database - WARNING - Invalid scoring type '2v2' for discipline 'Rat.quiz (2v2)', skipping
2025-06-24 18:46:28 - bot.database.database - INFO - Created cluster 14: Trivia
2025-06-24 18:46:28 - bot.database.database - INFO - Created cluster 15: Poker
2025-06-24 18:46:28 - bot.database.database - INFO - Created cluster 16: NYT Puzzles
2025-06-24 18:46:28 - bot.database.database - INFO - Created cluster 17: Elementary Classics
2025-06-24 18:46:28 - bot.database.database - INFO - Created cluster 18: Party Games
2025-06-24 18:46:28 - bot.database.database - WARNING - Invalid scoring type '2v2' for discipline 'Overcooked 2', skipping
2025-06-24 18:46:28 - bot.database.database - INFO - Created cluster 19: Other
2025-06-24 18:46:28 - bot.database.database - INFO - Created cluster 20: Meme
2025-06-24 18:46:28 - bot.database.database - WARNING - Invalid scoring type '???' for discipline 'AMOGUS', skipping
2025-06-24 18:46:28 - bot.database.database - INFO - Successfully imported 20 clusters and 60 disciplines
2025-06-24 18:46:28 - bot.database.database - INFO - Database connection closed
2025-06-24 18:56:06 - bot.database.database - INFO - Initializing database...
2025-06-24 18:56:06 - bot.database.database - INFO - Database initialized successfully
2025-06-24 18:56:06 - bot.database.database - INFO - Initializing default games...
2025-06-24 18:56:06 - bot.database.database - INFO - Added 10 default games
2025-06-24 18:56:06 - bot.database.database - INFO - Initializing clusters and events from CSV...
2025-06-24 18:56:06 - bot.database.database - INFO - Created cluster 1: Chess
2025-06-24 18:56:06 - bot.database.database - INFO - Created cluster 2: Pokemon
2025-06-24 18:56:06 - bot.database.database - INFO - Created cluster 3: FPS
2025-06-24 18:56:06 - bot.database.database - INFO - Created cluster 4: Roblox Combat
2025-06-24 18:56:06 - bot.database.database - INFO - Created cluster 5: Roblox Sports/Party
2025-06-24 18:56:06 - bot.database.database - INFO - Created cluster 6: Tetris
2025-06-24 18:56:06 - bot.database.database - INFO - Created cluster 7: IO Games
2025-06-24 18:56:06 - bot.database.database - INFO - Created cluster 8: Rhythm or Rhythm Adjacent
2025-06-24 18:56:06 - bot.database.database - INFO - Created cluster 9: Fighting
2025-06-24 18:56:06 - bot.database.database - INFO - Created cluster 10: Minecraft
2025-06-24 18:56:06 - bot.database.database - INFO - Created cluster 11: Running
2025-06-24 18:56:06 - bot.database.database - INFO - Created cluster 12: Clash Royale
2025-06-24 18:56:06 - bot.database.database - WARNING - Invalid scoring type '2v2' for event '2v2', skipping
2025-06-24 18:56:06 - bot.database.database - INFO - Created cluster 13: Waiver Rat
2025-06-24 18:56:06 - bot.database.database - WARNING - Invalid scoring type '2v2' for event 'Rat.quiz (2v2)', skipping
2025-06-24 18:56:06 - bot.database.database - INFO - Created cluster 14: Trivia
2025-06-24 18:56:06 - bot.database.database - INFO - Created cluster 15: Poker
2025-06-24 18:56:06 - bot.database.database - INFO - Created cluster 16: NYT Puzzles
2025-06-24 18:56:06 - bot.database.database - INFO - Created cluster 17: Elementary Classics
2025-06-24 18:56:06 - bot.database.database - INFO - Created cluster 18: Party Games
2025-06-24 18:56:06 - bot.database.database - WARNING - Invalid scoring type '2v2' for event 'Overcooked 2', skipping
2025-06-24 18:56:06 - bot.database.database - INFO - Created cluster 19: Other
2025-06-24 18:56:06 - bot.database.database - INFO - Created cluster 20: Meme
2025-06-24 18:56:06 - bot.database.database - WARNING - Invalid scoring type '???' for event 'AMOGUS', skipping
2025-06-24 18:56:06 - bot.database.database - INFO - Successfully imported 20 clusters and 60 events
2025-06-24 18:56:06 - bot.database.database - INFO - Database connection closed
